YCSB Client 0.1
Command line: -db com.yahoo.ycsb.db.CassandraCQLClient -s -p workload=com.yahoo.ycsb.workloads.CoreWorkload -p updateretrycount=1000 -p recordcount=10000 -p cassandra.readconsistencylevel=ONE -p exportmeasurementsinterval=30000 -p fieldcount=10 -p timeseries.granularity=100 -p threadcount=10 -p insertretrycount=10 -p readretrycount=1000 -p ignoreinserterrors=false -p reconnectionthroughput=10 -p hosts=54.171.209.23,54.171.213.53,54.171.105.34 -p operationcount=1666 -p maxexecutiontime=2400 -p cassandra.writeconsistencylevel=ONE -p measurementtype=timeseries -p reconnectiontime=1000 -p fieldlength=10 -p insertstart=3332 -p insertcount=1666 -load
 0 sec: 0 operations; 
 2 sec: 0 operations; 
 4 sec: 0 operations; 
 6 sec: 0 operations; 
Connected to cluster: datalabs-cassandra
Datacenter: eu-west; Host: /172.31.27.106; Rack: 1b
Datacenter: eu-west; Host: /54.171.105.34; Rack: 1b
Datacenter: eu-west; Host: /172.31.27.105; Rack: 1b
Connected to cluster: datalabs-cassandra
Datacenter: eu-west; Host: /172.31.27.106; Rack: 1b
Datacenter: eu-west; Host: /54.171.105.34; Rack: 1b
Datacenter: eu-west; Host: /172.31.27.105; Rack: 1b
Connected to cluster: datalabs-cassandra
Connected to cluster: datalabs-cassandra
Datacenter: eu-west; Host: /54.171.105.34; Rack: 1b
Datacenter: eu-west; Host: /172.31.27.106; Rack: 1b
Datacenter: eu-west; Host: /172.31.27.105; Rack: 1b
Connected to cluster: datalabs-cassandra
Datacenter: eu-west; Host: /54.171.105.34; Rack: 1b
Datacenter: eu-west; Host: /172.31.27.105; Rack: 1b
Datacenter: eu-west; Host: /172.31.27.106; Rack: 1b
Datacenter: eu-west; Host: /172.31.27.106; Rack: 1b
Datacenter: eu-west; Host: /54.171.105.34; Rack: 1b
Datacenter: eu-west; Host: /172.31.27.105; Rack: 1b
Connected to cluster: datalabs-cassandra
Datacenter: eu-west; Host: /172.31.27.106; Rack: 1b
Datacenter: eu-west; Host: /54.171.105.34; Rack: 1b
Datacenter: eu-west; Host: /172.31.27.105; Rack: 1b
Connected to cluster: datalabs-cassandra
Datacenter: eu-west; Host: /172.31.27.106; Rack: 1b
Datacenter: eu-west; Host: /172.31.27.105; Rack: 1b
Datacenter: eu-west; Host: /54.171.105.34; Rack: 1b
Connected to cluster: datalabs-cassandra
Datacenter: eu-west; Host: /172.31.27.106; Rack: 1b
Datacenter: eu-west; Host: /172.31.27.105; Rack: 1b
Datacenter: eu-west; Host: /54.171.105.34; Rack: 1b
Connected to cluster: datalabs-cassandra
Datacenter: eu-west; Host: /172.31.27.105; Rack: 1b
Datacenter: eu-west; Host: /54.171.105.34; Rack: 1b
Datacenter: eu-west; Host: /172.31.27.106; Rack: 1b
Connected to cluster: datalabs-cassandra
Datacenter: eu-west; Host: /172.31.27.105; Rack: 1b
Datacenter: eu-west; Host: /54.171.105.34; Rack: 1b
Datacenter: eu-west; Host: /172.31.27.106; Rack: 1b
 8 sec: 0 operations; 
created keyspace ycsb
created keyspace ycsb
created keyspace ycsb
created keyspace ycsb
 10 sec: 0 operations; 
created keyspace ycsb
 12 sec: 0 operations; 
 14 sec: 0 operations; 
created keyspace ycsb
Executed create table if not exists ycsb.usertable (
     y_id varchar primary key,
      field0 blob,
      field1 blob,
      field2 blob,
      field3 blob,
      field4 blob,
      field5 blob,
      field6 blob,
      field7 blob,
      field8 blob,
      field9 blob);
 16 sec: 0 operations; 
created keyspace ycsb
Executed create table if not exists ycsb.usertable (
     y_id varchar primary key,
      field0 blob,
      field1 blob,
      field2 blob,
      field3 blob,
      field4 blob,
      field5 blob,
      field6 blob,
      field7 blob,
      field8 blob,
      field9 blob);
created keyspace ycsb
Executed create table if not exists ycsb.usertable (
     y_id varchar primary key,
      field0 blob,
      field1 blob,
      field2 blob,
      field3 blob,
      field4 blob,
      field5 blob,
      field6 blob,
      field7 blob,
      field8 blob,
      field9 blob);
Executed create table if not exists ycsb.usertable (
     y_id varchar primary key,
      field0 blob,
      field1 blob,
      field2 blob,
      field3 blob,
      field4 blob,
      field5 blob,
      field6 blob,
      field7 blob,
      field8 blob,
      field9 blob);
 18 sec: 0 operations; 
 20 sec: 0 operations; 
created keyspace ycsb
Executed create table if not exists ycsb.usertable (
     y_id varchar primary key,
      field0 blob,
      field1 blob,
      field2 blob,
      field3 blob,
      field4 blob,
      field5 blob,
      field6 blob,
      field7 blob,
      field8 blob,
      field9 blob);
Executed create table if not exists ycsb.usertable (
     y_id varchar primary key,
      field0 blob,
      field1 blob,
      field2 blob,
      field3 blob,
      field4 blob,
      field5 blob,
      field6 blob,
      field7 blob,
      field8 blob,
      field9 blob);
 22 sec: 0 operations; 
Executed create table if not exists ycsb.usertable (
     y_id varchar primary key,
      field0 blob,
      field1 blob,
      field2 blob,
      field3 blob,
      field4 blob,
      field5 blob,
      field6 blob,
      field7 blob,
      field8 blob,
      field9 blob);
created keyspace ycsb
Executed create table if not exists ycsb.usertable (
     y_id varchar primary key,
      field0 blob,
      field1 blob,
      field2 blob,
      field3 blob,
      field4 blob,
      field5 blob,
      field6 blob,
      field7 blob,
      field8 blob,
      field9 blob);
 24 sec: 0 operations; 
 26 sec: 36 operations; 18 current ops/sec;  
 28 sec: 36 operations; 0 current ops/sec;  
[INSERT], 0, 15629.84, 250.0
 30 sec: 36 operations; 0 current ops/sec;  
 32 sec: 36 operations; 0 current ops/sec;  
 34 sec: 36 operations; 0 current ops/sec;  
 36 sec: 36 operations; 0 current ops/sec;  
 38 sec: 36 operations; 0 current ops/sec;  
 40 sec: 36 operations; 0 current ops/sec;  
 42 sec: 36 operations; 0 current ops/sec;  
 44 sec: 36 operations; 0 current ops/sec;  
 46 sec: 36 operations; 0 current ops/sec;  
 47 sec: 36 operations; 0 current ops/sec;   
[INSERT], 100, 17283.090909090908, 110.0
[INSERT], 22000, 2.2068846E7, 20.0
[INSERT], 22100, 2.20719288E7, 50.0
[CLEANUP], 0, 0.2857142857142857, 70.0
[INSERT], 22200, 2.2060711E7, 10.0
[INSERT], Operations, 44
[INSERT], Retries, 80
[INSERT], AverageLatency(us), 4025884.25
[INSERT], MinLatency(us), 1729
[INSERT], MaxLatency(us), 22098057
[INSERT], Return=-1, 8
[INSERT], Return=0, 36
[CLEANUP], 100, 0.0, 10.0
[CLEANUP], Operations, 8
[CLEANUP], Retries, 0
[CLEANUP], AverageLatency(us), 0.25
[CLEANUP], MinLatency(us), 0
[CLEANUP], MaxLatency(us), 2
[OVERALL], Reconnections, 0.0
[OVERALL], RunTime(ms), 164.0
[OVERALL], Operations, 36.0
[OVERALL], Throughput(ops/sec), 219.5121951219512
java -cp /home/ubuntu/ycsb/guava-17.0.jar:/opt/ycsb/core/lib/core-0.1.4.jar:/opt/ycsb/cassandra-binding/lib/cassandra-binding-0.1.4.jar com.yahoo.ycsb.Client -db com.yahoo.ycsb.db.CassandraCQLClient -s -p workload=com.yahoo.ycsb.workloads.CoreWorkload -p updateretrycount=1000 -p recordcount=10000 -p cassandra.readconsistencylevel=ONE -p exportmeasurementsinterval=30000 -p fieldcount=10 -p timeseries.granularity=100 -p threadcount=10 -p insertretrycount=10 -p readretrycount=1000 -p ignoreinserterrors=false -p reconnectionthroughput=10 -p hosts=54.171.209.23,54.171.213.53,54.171.105.34 -p operationcount=1666 -p maxexecutiontime=2400 -p cassandra.writeconsistencylevel=ONE -p measurementtype=timeseries -p reconnectiontime=1000 -p fieldlength=10 -p insertstart=3332 -p insertcount=1666 -load
