YCSB Client 0.1
Command line: -db com.yahoo.ycsb.db.MongoDbClient -s -P /opt/ycsb/workloads/workloada -p timeseries.granularity=100 -p readretrycount=1000 -p ignoreinserterrors=true -p insertcount=1000 -p fieldlength=100 -p cardinality=100 -p reconnectiontime=1000 -p mongodb.writeConcern=normal -p mongodb.readPreference=primaryPreferred -p operationcount=100000000 -p recordcount=1000 -p fieldcount=30 -p threadcount=2 -p maxexecutiontime=60 -p mongodb.database=ycsb -p exportmeasurementsinterval=30000 -p workload=com.yahoo.ycsb.workloads.CoreWorkload -p updateretrycount=1000 -p measurementtype=timeseries -p mongodb.url=172.31.3.36:27028 -p insertretrycount=10 -p fieldlengthdistribution=constant -t
Using fieldlengthgenerator:com.yahoo.ycsb.generator.ConstantIntegerGenerator
new database url = 172.31.3.36:27028/ycsb
new database url = 172.31.3.36:27028/ycsb
mongo connection created with 172.31.3.36:27028/ycsb
Warmup execution time: 0
Warmup operations: 0
mongo connection created with 172.31.3.36:27028/ycsb
Warmup execution time: 0
Warmup operations: 0
new database url = 172.31.3.36:27028/ycsb
new database url = 172.31.3.36:27028/ycsb
mongo connection created with 172.31.3.36:27028/ycsb
mongo connection created with 172.31.3.36:27028/ycsb
 0 sec: 1 operations; 10.99 current ops/sec; [READ AverageLatency(us)=71820] 
 2 sec: 2670 operations; 1333.83 current ops/sec; [UPDATE AverageLatency(us)=1610.32] [READ AverageLatency(us)=1388.57] 
 4 sec: 7164 operations; 2247 current ops/sec; [UPDATE AverageLatency(us)=974.16] [READ AverageLatency(us)=762.8] 
 6 sec: 11975 operations; 2404.3 current ops/sec; [UPDATE AverageLatency(us)=958.11] [READ AverageLatency(us)=682.28] 
 8 sec: 17243 operations; 2634 current ops/sec; [UPDATE AverageLatency(us)=870.3] [READ AverageLatency(us)=636.05] 
 10 sec: 22448 operations; 2601.2 current ops/sec; [UPDATE AverageLatency(us)=900.3] [READ AverageLatency(us)=630.64] 
 12 sec: 27833 operations; 2692.5 current ops/sec; [UPDATE AverageLatency(us)=860.6] [READ AverageLatency(us)=619.42] 
 14 sec: 33503 operations; 2835 current ops/sec; [UPDATE AverageLatency(us)=816.52] [READ AverageLatency(us)=581.92] 
 16 sec: 39248 operations; 2871.06 current ops/sec; [UPDATE AverageLatency(us)=801.23] [READ AverageLatency(us)=581.6] 
 18 sec: 44752 operations; 2752 current ops/sec; [UPDATE AverageLatency(us)=829.76] [READ AverageLatency(us)=617.88] 
 20 sec: 50256 operations; 2752 current ops/sec; [UPDATE AverageLatency(us)=849.39] [READ AverageLatency(us)=602.71] 
 22 sec: 55777 operations; 2759.12 current ops/sec; [UPDATE AverageLatency(us)=831.69] [READ AverageLatency(us)=609.32] 
 24 sec: 61441 operations; 2832 current ops/sec; [UPDATE AverageLatency(us)=814.59] [READ AverageLatency(us)=588.35] 
 26 sec: 67407 operations; 2981.51 current ops/sec; [UPDATE AverageLatency(us)=764.49] [READ AverageLatency(us)=564.4] 
 28 sec: 73410 operations; 3001.5 current ops/sec; [UPDATE AverageLatency(us)=765.28] [READ AverageLatency(us)=564.46] 
[UPDATE], 0, 5828.727272727273, 220.0
[UPDATE], 100, 4316.913043478261, 230.0
[UPDATE], 200, 3609.733333333333, 300.0
[UPDATE], 300, 2265.159090909091, 440.0
[UPDATE], 400, 2078.901960784314, 510.0
[UPDATE], 500, 2422.4, 450.0
[UPDATE], 600, 2019.5714285714287, 490.0
[UPDATE], 700, 3000.8205128205127, 390.0
[UPDATE], 800, 2023.12, 500.0
[UPDATE], 900, 1785.593220338983, 590.0
[UPDATE], 1000, 956.7264150943396, 1060.0
[UPDATE], 1100, 1271.4137931034484, 870.0
[UPDATE], 1200, 1532.5245901639344, 610.0
[UPDATE], 1300, 1051.5684210526315, 950.0
[UPDATE], 1400, 912.3035714285714, 1120.0
[UPDATE], 1500, 1131.2659574468084, 940.0
[UPDATE], 1600, 1214.6707317073171, 820.0
[UPDATE], 1700, 921.6019417475728, 1030.0
[UPDATE], 1800, 1603.8194444444443, 720.0
[UPDATE], 1900, 1181.2967032967033, 910.0
[UPDATE], 2000, 957.843137254902, 1020.0
[UPDATE], 2100, 947.6416666666667, 1200.0
[UPDATE], 2200, 1011.6413043478261, 920.0
[UPDATE], 2300, 1160.3295454545455, 880.0
[UPDATE], 2400, 1038.4634146341464, 1230.0
[UPDATE], 2500, 1133.5591397849462, 930.0
[UPDATE], 2600, 1166.36, 1000.0
[UPDATE], 2700, 877.3515625, 1280.0
[UPDATE], 2800, 997.2115384615385, 1040.0
[UPDATE], 2900, 906.3083333333333, 1200.0
[UPDATE], 3000, 1172.5729166666667, 960.0
[UPDATE], 3100, 1044.6554621848738, 1190.0
[UPDATE], 3200, 930.2677165354331, 1270.0
[UPDATE], 3300, 951.1696428571429, 1120.0
[UPDATE], 3400, 803.90625, 1280.0
[UPDATE], 3500, 920.2262773722628, 1370.0
[UPDATE], 3600, 911.0173913043478, 1150.0
[UPDATE], 3700, 910.6761904761905, 1050.0
[UPDATE], 3800, 951.6589147286821, 1290.0
[UPDATE], 3900, 869.0551181102362, 1270.0
[UPDATE], 4000, 947.6311475409836, 1220.0
[UPDATE], 4100, 929.2845528455284, 1230.0
[UPDATE], 4200, 867.8778625954199, 1310.0
[UPDATE], 4300, 947.5094339622641, 1060.0
[UPDATE], 4400, 1045.0089285714287, 1120.0
[UPDATE], 4500, 972.020618556701, 970.0
[UPDATE], 4600, 905.031007751938, 1290.0
[UPDATE], 4700, 1024.4421052631578, 950.0
[UPDATE], 4800, 978.9196428571429, 1120.0
[UPDATE], 4900, 1014.7083333333334, 1200.0
[UPDATE], 5000, 989.1532258064516, 1240.0
[UPDATE], 5100, 974.6206896551724, 1160.0
[UPDATE], 5200, 1070.7339449541284, 1090.0
[UPDATE], 5300, 894.2043795620438, 1370.0
[UPDATE], 5400, 855.7073170731708, 1230.0
[UPDATE], 5500, 1237.2924528301887, 1060.0
[UPDATE], 5600, 857.16, 1250.0
[UPDATE], 5700, 918.1136363636364, 1320.0
[UPDATE], 5800, 926.5248226950355, 1410.0
[UPDATE], 5900, 903.1578947368421, 1330.0
[UPDATE], 6000, 882.123076923077, 1300.0
[UPDATE], 6100, 869.0, 1300.0
[UPDATE], 6200, 893.9057971014493, 1380.0
[UPDATE], 6300, 863.6923076923077, 1300.0
[UPDATE], 6400, 1021.8790322580645, 1240.0
[UPDATE], 6500, 924.3609022556391, 1330.0
[UPDATE], 6600, 836.3188405797101, 1380.0
[UPDATE], 6700, 856.5826771653543, 1270.0
[UPDATE], 6800, 970.8666666666667, 1050.0
[UPDATE], 6900, 922.3277310924369, 1190.0
[UPDATE], 7000, 838.7520661157025, 1210.0
[UPDATE], 7100, 824.5869565217391, 1380.0
[UPDATE], 7200, 852.0225563909775, 1330.0
[UPDATE], 7300, 828.6124031007752, 1290.0
[UPDATE], 7400, 872.4779411764706, 1360.0
[UPDATE], 7500, 829.3185185185185, 1350.0
[UPDATE], 7600, 824.2434210526316, 1520.0
[UPDATE], 7700, 926.0172413793103, 1160.0
[UPDATE], 7800, 771.0681818181819, 1320.0
[UPDATE], 7900, 830.9352517985611, 1390.0
[UPDATE], 8000, 808.7121212121212, 1320.0
[UPDATE], 8100, 970.1317829457364, 1290.0
[UPDATE], 8200, 861.4507042253521, 1420.0
[UPDATE], 8300, 850.4402985074627, 1340.0
[UPDATE], 8400, 800.2, 1350.0
[UPDATE], 8500, 907.8222222222222, 1350.0
[UPDATE], 8600, 874.1904761904761, 1260.0
[UPDATE], 8700, 888.5620437956204, 1370.0
[UPDATE], 8800, 871.0157480314961, 1270.0
[UPDATE], 8900, 926.290909090909, 1100.0
[UPDATE], 9000, 975.7542372881356, 1180.0
[UPDATE], 9100, 941.266129032258, 1240.0
[UPDATE], 9200, 840.2740740740741, 1350.0
[UPDATE], 9300, 952.4198473282443, 1310.0
[UPDATE], 9400, 790.776923076923, 1300.0
[UPDATE], 9500, 877.5952380952381, 1260.0
[UPDATE], 9600, 1167.2604166666667, 960.0
[UPDATE], 9700, 909.2258064516129, 1240.0
[UPDATE], 9800, 899.3760683760684, 1170.0
[UPDATE], 9900, 1015.9, 1200.0
[UPDATE], 10000, 987.3170731707318, 1230.0
[UPDATE], 10100, 847.2307692307693, 1430.0
[UPDATE], 10200, 920.046875, 1280.0
[UPDATE], 10300, 859.1159420289855, 1380.0
[UPDATE], 10400, 757.0878378378378, 1480.0
[UPDATE], 10500, 762.9047619047619, 1680.0
[UPDATE], 10600, 833.8652482269504, 1410.0
[UPDATE], 10700, 857.9047619047619, 1260.0
[UPDATE], 10800, 814.6, 1450.0
[UPDATE], 10900, 878.3100775193799, 1290.0
[UPDATE], 11000, 846.0285714285715, 1400.0
[UPDATE], 11100, 804.6541353383459, 1330.0
[UPDATE], 11200, 804.3617021276596, 1410.0
[UPDATE], 11300, 799.7152777777778, 1440.0
[UPDATE], 11400, 996.3421052631579, 1140.0
[UPDATE], 11500, 930.4786324786324, 1170.0
[UPDATE], 11600, 905.4806201550388, 1290.0
[UPDATE], 11700, 957.6260869565217, 1150.0
[UPDATE], 11800, 886.2727272727273, 1210.0
[UPDATE], 11900, 915.2558139534884, 1290.0
[UPDATE], 12000, 925.7716535433071, 1270.0
[UPDATE], 12100, 897.4892086330935, 1390.0
[UPDATE], 12200, 896.2790697674419, 1290.0
[UPDATE], 12300, 988.8333333333334, 1320.0
[UPDATE], 12400, 785.6766467065868, 1670.0
[UPDATE], 12500, 773.5673758865248, 1410.0
[UPDATE], 12600, 790.8251748251748, 1430.0
[UPDATE], 12700, 755.953947368421, 1520.0
[UPDATE], 12800, 842.7412587412588, 1430.0
[UPDATE], 12900, 889.922480620155, 1290.0
[UPDATE], 13000, 741.7385620915032, 1530.0
[UPDATE], 13100, 778.3148148148148, 1620.0
[UPDATE], 13200, 768.775, 1600.0
[UPDATE], 13300, 747.4516129032259, 1550.0
[UPDATE], 13400, 725.3456790123457, 1620.0
[UPDATE], 13500, 791.3291139240506, 1580.0
[UPDATE], 13600, 862.656, 1250.0
[UPDATE], 13700, 738.4583333333334, 1440.0
[UPDATE], 13800, 788.7094594594595, 1480.0
[UPDATE], 13900, 904.8962962962963, 1350.0
[UPDATE], 14000, 781.7581699346405, 1530.0
[UPDATE], 14100, 801.530612244898, 1470.0
[UPDATE], 14200, 780.6853146853147, 1430.0
[UPDATE], 14300, 804.3877551020408, 1470.0
[UPDATE], 14400, 785.8205128205128, 1560.0
[UPDATE], 14500, 779.377358490566, 1590.0
[UPDATE], 14600, 804.2820512820513, 1560.0
[UPDATE], 14700, 771.0337837837837, 1480.0
[UPDATE], 14800, 818.5813953488372, 1290.0
[UPDATE], 14900, 818.2312925170068, 1470.0
[UPDATE], 15000, 846.030303030303, 1320.0
[UPDATE], 15100, 803.4093959731543, 1490.0
[UPDATE], 15200, 829.3732394366198, 1420.0
[UPDATE], 15300, 820.5972222222222, 1440.0
[UPDATE], 15400, 840.8986486486486, 1480.0
[UPDATE], 15500, 789.9806451612903, 1550.0
[UPDATE], 15600, 794.1194029850747, 1340.0
[UPDATE], 15700, 775.6762589928057, 1390.0
[UPDATE], 15800, 788.6402877697842, 1390.0
[UPDATE], 15900, 799.3381294964029, 1390.0
[UPDATE], 16000, 807.3424657534247, 1460.0
[UPDATE], 16100, 799.1007751937984, 1290.0
[UPDATE], 16200, 839.7913669064748, 1390.0
[UPDATE], 16300, 813.5111111111111, 1350.0
[UPDATE], 16400, 769.3333333333334, 1530.0
[UPDATE], 16500, 723.8066666666666, 1500.0
[UPDATE], 16600, 759.431654676259, 1390.0
[UPDATE], 16700, 814.3169014084507, 1420.0
[UPDATE], 16800, 932.6992481203008, 1330.0
[UPDATE], 16900, 831.7328244274809, 1310.0
[UPDATE], 17000, 808.3812949640288, 1390.0
[UPDATE], 17100, 871.4744525547445, 1370.0
[UPDATE], 17200, 880.4786324786324, 1170.0
[UPDATE], 17300, 925.4488188976378, 1270.0
[UPDATE], 17400, 844.4925373134329, 1340.0
[UPDATE], 17500, 886.5322580645161, 1240.0
[UPDATE], 17600, 796.7588652482269, 1410.0
[UPDATE], 17700, 867.8819444444445, 1440.0
[UPDATE], 17800, 835.6343283582089, 1340.0
[UPDATE], 17900, 789.0992907801418, 1410.0
[UPDATE], 18000, 883.4589041095891, 1460.0
[UPDATE], 18100, 807.0571428571428, 1400.0
[UPDATE], 18200, 803.0204081632653, 1470.0
[UPDATE], 18300, 898.3880597014926, 1340.0
[UPDATE], 18400, 880.9357142857143, 1400.0
[UPDATE], 18500, 855.6433566433567, 1430.0
[UPDATE], 18600, 773.3835616438356, 1460.0
[UPDATE], 18700, 744.1358024691358, 1620.0
[UPDATE], 18800, 793.9859154929577, 1420.0
[UPDATE], 18900, 746.0909090909091, 1430.0
[UPDATE], 19000, 899.4754098360655, 1220.0
[UPDATE], 19100, 815.7357142857143, 1400.0
[UPDATE], 19200, 851.3149606299213, 1270.0
[UPDATE], 19300, 790.8794326241135, 1410.0
[UPDATE], 19400, 877.9621212121212, 1320.0
[UPDATE], 19500, 902.2416666666667, 1200.0
[UPDATE], 19600, 996.7894736842105, 1140.0
[UPDATE], 19700, 944.2142857142857, 1120.0
[UPDATE], 19800, 892.8688524590164, 1220.0
[UPDATE], 19900, 972.9224137931035, 1160.0
[UPDATE], 20000, 847.4525547445255, 1370.0
[UPDATE], 20100, 884.9769230769231, 1300.0
[UPDATE], 20200, 809.8181818181819, 1430.0
[UPDATE], 20300, 845.4861111111111, 1440.0
[UPDATE], 20400, 890.1532258064516, 1240.0
[UPDATE], 20500, 838.0546875, 1280.0
[UPDATE], 20600, 873.0149253731344, 1340.0
[UPDATE], 20700, 848.1574803149606, 1270.0
[UPDATE], 20800, 891.3816793893129, 1310.0
[UPDATE], 20900, 888.4420289855072, 1380.0
[UPDATE], 21000, 873.5116279069767, 1290.0
[UPDATE], 21100, 780.3014705882352, 1360.0
[UPDATE], 21200, 795.0986842105264, 1520.0
[UPDATE], 21300, 775.8723404255319, 1410.0
[UPDATE], 21400, 779.8368794326241, 1410.0
[UPDATE], 21500, 785.6942675159236, 1570.0
[UPDATE], 21600, 796.4166666666666, 1560.0
[UPDATE], 21700, 816.0857142857143, 1400.0
[UPDATE], 21800, 788.4822695035461, 1410.0
[UPDATE], 21900, 840.0902777777778, 1440.0
[UPDATE], 22000, 749.4788732394367, 1420.0
[UPDATE], 22100, 806.3405797101449, 1380.0
[UPDATE], 22200, 1008.3730158730159, 1260.0
[UPDATE], 22300, 772.4407894736842, 1520.0
[UPDATE], 22400, 796.6041666666666, 1440.0
[UPDATE], 22500, 773.7324840764331, 1570.0
[UPDATE], 22600, 814.744827586207, 1450.0
[UPDATE], 22700, 795.7482014388489, 1390.0
[UPDATE], 22800, 976.8859649122807, 1140.0
[UPDATE], 22900, 761.3533333333334, 1500.0
[UPDATE], 23000, 813.7, 1400.0
[UPDATE], 23100, 786.277027027027, 1480.0
[UPDATE], 23200, 878.2061068702291, 1310.0
[UPDATE], 23300, 944.0147058823529, 1360.0
[UPDATE], 23400, 823.2302158273382, 1390.0
[UPDATE], 23500, 745.5670731707318, 1640.0
[UPDATE], 23600, 878.1470588235294, 1360.0
[UPDATE], 23700, 739.8579881656805, 1690.0
[UPDATE], 23800, 726.0875, 1600.0
[UPDATE], 23900, 818.5923076923077, 1300.0
[UPDATE], 24000, 755.859756097561, 1640.0
[UPDATE], 24100, 738.6298701298701, 1540.0
[UPDATE], 24200, 747.1975308641976, 1620.0
[UPDATE], 24300, 804.1913580246913, 1620.0
[UPDATE], 24400, 765.7094594594595, 1480.0
[UPDATE], 24500, 753.4347826086956, 1610.0
[UPDATE], 24600, 778.9664429530201, 1490.0
[UPDATE], 24700, 789.0544217687075, 1470.0
[UPDATE], 24800, 741.1849315068494, 1460.0
[UPDATE], 24900, 798.1185185185185, 1350.0
[UPDATE], 25000, 754.14, 1500.0
[UPDATE], 25100, 762.645390070922, 1410.0
[UPDATE], 25200, 734.6474820143885, 1390.0
[UPDATE], 25300, 778.2792207792207, 1540.0
[UPDATE], 25400, 755.3674698795181, 1660.0
[UPDATE], 25500, 756.4594594594595, 1480.0
[UPDATE], 25600, 734.0411764705882, 1700.0
[UPDATE], 25700, 733.3151515151516, 1650.0
[UPDATE], 25800, 777.7898089171974, 1570.0
[UPDATE], 25900, 841.6180555555555, 1440.0
[UPDATE], 26000, 760.8461538461538, 1430.0
[UPDATE], 26100, 750.0127388535032, 1570.0
[UPDATE], 26200, 783.2805755395683, 1390.0
[UPDATE], 26300, 771.7165354330708, 1270.0
[UPDATE], 26400, 783.7651006711409, 1490.0
[UPDATE], 26500, 766.7651006711409, 1490.0
[UPDATE], 26600, 771.2666666666667, 1500.0
[UPDATE], 26700, 744.7006802721088, 1470.0
[UPDATE], 26800, 745.9716312056737, 1410.0
[UPDATE], 26900, 782.831081081081, 1480.0
[UPDATE], 27000, 744.4928571428571, 1400.0
[UPDATE], 27100, 768.7482014388489, 1390.0
[UPDATE], 27200, 764.2911392405064, 1580.0
[UPDATE], 27300, 760.7434210526316, 1520.0
[UPDATE], 27400, 748.3870967741935, 1550.0
[UPDATE], 27500, 780.3223684210526, 1520.0
[UPDATE], 27600, 806.0357142857143, 1400.0
[UPDATE], 27700, 776.6338028169014, 1420.0
[UPDATE], 27800, 772.1041666666666, 1440.0
[UPDATE], 27900, 722.079754601227, 1630.0
[UPDATE], 28000, 791.9208633093525, 1390.0
[UPDATE], 28100, 785.703947368421, 1520.0
[UPDATE], 28200, 991.4598540145986, 1370.0
[UPDATE], 28300, 746.2948717948718, 1560.0
[UPDATE], 28400, 770.9685534591194, 1590.0
[UPDATE], 28500, 803.987012987013, 1540.0
[UPDATE], 28600, 745.0, 1490.0
[UPDATE], 28700, 736.7733333333333, 1500.0
[UPDATE], 28800, 779.0448717948718, 1560.0
[UPDATE], 28900, 747.9627329192547, 1610.0
[UPDATE], 29000, 730.9857142857143, 1400.0
[UPDATE], 29100, 817.7290322580645, 1550.0
[UPDATE], 29200, 743.4295302013422, 1490.0
[UPDATE], 29300, 731.2574850299401, 1670.0
[UPDATE], 29400, 811.527027027027, 1480.0
[UPDATE], 29500, 1158.2641509433963, 1060.0
[UPDATE], 29600, 909.4045801526718, 1310.0
[UPDATE], 29700, 980.5546218487395, 1190.0
[READ], 0, 12462.526315789473, 190.0
[READ], 100, 3061.076923076923, 260.0
[READ], 200, 2968.6206896551726, 290.0
[READ], 300, 2215.468085106383, 470.0
[READ], 400, 2416.7380952380954, 420.0
[READ], 500, 2234.45, 400.0
[READ], 600, 1571.5510204081634, 490.0
[READ], 700, 2854.222222222222, 360.0
[READ], 800, 1788.1272727272728, 550.0
[READ], 900, 1420.245283018868, 530.0
[READ], 1000, 962.3673469387755, 980.0
[READ], 1100, 1042.2380952380952, 840.0
[READ], 1200, 1145.9186046511627, 860.0
[READ], 1300, 963.5728155339806, 1030.0
[READ], 1400, 875.4260869565218, 1150.0
[READ], 1500, 909.3936170212766, 940.0
[READ], 1600, 1036.8279569892472, 930.0
[READ], 1700, 821.8739495798319, 1190.0
[READ], 1800, 824.6185567010309, 970.0
[READ], 1900, 1016.8735632183908, 870.0
[READ], 2000, 833.0, 1100.0
[READ], 2100, 789.9736842105264, 1140.0
[READ], 2200, 830.1025641025641, 1170.0
[READ], 2300, 991.0869565217391, 920.0
[READ], 2400, 651.6859504132232, 1210.0
[READ], 2500, 702.8288288288288, 1110.0
[READ], 2600, 891.7425742574258, 1010.0
[READ], 2700, 643.0396825396825, 1260.0
[READ], 2800, 969.6363636363636, 990.0
[READ], 2900, 685.8846153846154, 1300.0
[READ], 3000, 996.0617283950618, 810.0
[READ], 3100, 726.3789473684211, 950.0
[READ], 3200, 670.0263157894736, 1140.0
[READ], 3300, 811.9545454545455, 1100.0
[READ], 3400, 722.8809523809524, 1260.0
[READ], 3500, 639.3805309734513, 1130.0
[READ], 3600, 676.4850746268656, 1340.0
[READ], 3700, 826.2772277227723, 1010.0
[READ], 3800, 723.6666666666666, 1290.0
[READ], 3900, 680.1271186440678, 1180.0
[READ], 4000, 721.5909090909091, 1100.0
[READ], 4100, 635.3103448275862, 1160.0
[READ], 4200, 640.951048951049, 1430.0
[READ], 4300, 650.2374100719425, 1390.0
[READ], 4400, 792.1176470588235, 1020.0
[READ], 4500, 839.3951612903226, 1240.0
[READ], 4600, 679.0420168067227, 1190.0
[READ], 4700, 718.0645161290323, 1240.0
[READ], 4800, 728.530303030303, 1320.0
[READ], 4900, 736.6060606060606, 990.0
[READ], 5000, 725.081081081081, 1110.0
[READ], 5100, 685.0357142857143, 1120.0
[READ], 5200, 702.4196428571429, 1120.0
[READ], 5300, 642.5882352941177, 1360.0
[READ], 5400, 626.171875, 1280.0
[READ], 5500, 662.8134328358209, 1340.0
[READ], 5600, 636.1047619047619, 1050.0
[READ], 5700, 633.4848484848485, 1320.0
[READ], 5800, 629.1282051282051, 1170.0
[READ], 5900, 599.8521739130434, 1150.0
[READ], 6000, 676.1779661016949, 1180.0
[READ], 6100, 634.6691729323309, 1330.0
[READ], 6200, 586.3120567375887, 1410.0
[READ], 6300, 610.4632352941177, 1360.0
[READ], 6400, 616.2241379310345, 1160.0
[READ], 6500, 652.8392857142857, 1120.0
[READ], 6600, 578.0735294117648, 1360.0
[READ], 6700, 754.7438016528926, 1210.0
[READ], 6800, 695.0305343511451, 1310.0
[READ], 6900, 599.0, 1540.0
[READ], 7000, 716.3448275862069, 1450.0
[READ], 7100, 650.6412213740458, 1310.0
[READ], 7200, 621.5538461538462, 1300.0
[READ], 7300, 652.5223880597015, 1340.0
[READ], 7400, 619.979020979021, 1430.0
[READ], 7500, 606.7307692307693, 1300.0
[READ], 7600, 611.4152542372881, 1180.0
[READ], 7700, 657.4492753623189, 1380.0
[READ], 7800, 583.0516129032258, 1550.0
[READ], 7900, 631.3617021276596, 1410.0
[READ], 8000, 579.7088607594936, 1580.0
[READ], 8100, 599.609022556391, 1330.0
[READ], 8200, 598.05, 1200.0
[READ], 8300, 646.75, 1240.0
[READ], 8400, 621.1631205673759, 1410.0
[READ], 8500, 664.5190839694657, 1310.0
[READ], 8600, 697.6, 1150.0
[READ], 8700, 623.6229508196722, 1220.0
[READ], 8800, 617.4896551724138, 1450.0
[READ], 8900, 720.1846153846154, 1300.0
[READ], 9000, 608.9929577464789, 1420.0
[READ], 9100, 610.9428571428572, 1400.0
[READ], 9200, 575.8796992481203, 1330.0
[READ], 9300, 643.5, 1220.0
[READ], 9400, 565.6258064516129, 1550.0
[READ], 9500, 647.8223684210526, 1520.0
[READ], 9600, 655.3716814159292, 1130.0
[READ], 9700, 723.8916666666667, 1200.0
[READ], 9800, 625.2715231788079, 1510.0
[READ], 9900, 627.808, 1250.0
[READ], 10000, 626.5909090909091, 1320.0
[READ], 10100, 583.6377952755905, 1270.0
[READ], 10200, 587.0597014925373, 1340.0
[READ], 10300, 628.9398496240601, 1330.0
[READ], 10400, 544.9936305732484, 1570.0
[READ], 10500, 534.669014084507, 1420.0
[READ], 10600, 625.2892561983471, 1210.0
[READ], 10700, 600.9407894736842, 1520.0
[READ], 10800, 614.6268656716418, 1340.0
[READ], 10900, 616.1294964028777, 1390.0
[READ], 11000, 621.8931297709923, 1310.0
[READ], 11100, 596.2312925170068, 1470.0
[READ], 11200, 593.3028169014085, 1420.0
[READ], 11300, 585.8333333333334, 1500.0
[READ], 11400, 670.6916666666667, 1200.0
[READ], 11500, 686.4148148148148, 1350.0
[READ], 11600, 685.4803149606299, 1270.0
[READ], 11700, 701.8487394957983, 1190.0
[READ], 11800, 672.187969924812, 1330.0
[READ], 11900, 650.9097222222222, 1440.0
[READ], 12000, 662.2142857142857, 1120.0
[READ], 12100, 671.6576576576576, 1110.0
[READ], 12200, 723.4122807017544, 1140.0
[READ], 12300, 610.8482142857143, 1120.0
[READ], 12400, 579.6614173228346, 1270.0
[READ], 12500, 549.8783783783783, 1480.0
[READ], 12600, 563.1538461538462, 1560.0
[READ], 12700, 546.9527027027027, 1480.0
[READ], 12800, 606.0451127819549, 1330.0
[READ], 12900, 606.8142857142857, 1400.0
[READ], 13000, 557.483870967742, 1550.0
[READ], 13100, 567.2132352941177, 1360.0
[READ], 13200, 553.796992481203, 1330.0
[READ], 13300, 540.9463087248322, 1490.0
[READ], 13400, 534.6645569620254, 1580.0
[READ], 13500, 557.1925925925926, 1350.0
[READ], 13600, 653.152, 1250.0
[READ], 13700, 518.918918918919, 1850.0
[READ], 13800, 560.3850931677018, 1610.0
[READ], 13900, 588.5234375, 1280.0
[READ], 14000, 568.9847328244275, 1310.0
[READ], 14100, 589.1631205673759, 1410.0
[READ], 14200, 555.3910256410256, 1560.0
[READ], 14300, 578.0352112676056, 1420.0
[READ], 14400, 571.2595419847328, 1310.0
[READ], 14500, 565.776923076923, 1300.0
[READ], 14600, 575.5460992907801, 1410.0
[READ], 14700, 565.689393939394, 1320.0
[READ], 14800, 575.7467532467532, 1540.0
[READ], 14900, 636.7925925925925, 1350.0
[READ], 15000, 641.4244604316547, 1390.0
[READ], 15100, 571.0202702702703, 1480.0
[READ], 15200, 607.9606299212599, 1270.0
[READ], 15300, 618.171875, 1280.0
[READ], 15400, 608.4918032786885, 1220.0
[READ], 15500, 578.6323529411765, 1360.0
[READ], 15600, 577.9103448275862, 1450.0
[READ], 15700, 548.1508379888268, 1790.0
[READ], 15800, 558.1949685534591, 1590.0
[READ], 15900, 570.604938271605, 1620.0
[READ], 16000, 576.0948905109489, 1370.0
[READ], 16100, 571.4012345679013, 1620.0
[READ], 16200, 582.7092198581561, 1410.0
[READ], 16300, 819.6203703703703, 1080.0
[READ], 16400, 560.4068965517241, 1450.0
[READ], 16500, 543.0243902439024, 1640.0
[READ], 16600, 538.245508982036, 1670.0
[READ], 16700, 590.1456953642385, 1510.0
[READ], 16800, 626.5862068965517, 1160.0
[READ], 16900, 582.5569620253165, 1580.0
[READ], 17000, 635.6594202898551, 1380.0
[READ], 17100, 623.7175572519084, 1310.0
[READ], 17200, 610.9929078014185, 1410.0
[READ], 17300, 755.9416666666667, 1200.0
[READ], 17400, 661.1031746031746, 1260.0
[READ], 17500, 626.5571428571428, 1400.0
[READ], 17600, 622.948905109489, 1370.0
[READ], 17700, 668.4152542372881, 1180.0
[READ], 17800, 665.5639097744361, 1330.0
[READ], 17900, 620.1804511278195, 1330.0
[READ], 18000, 543.3809523809524, 1470.0
[READ], 18100, 574.7226277372263, 1370.0
[READ], 18200, 554.1788079470199, 1510.0
[READ], 18300, 573.6617647058823, 1360.0
[READ], 18400, 607.4921875, 1280.0
[READ], 18500, 598.975, 1200.0
[READ], 18600, 552.6748466257669, 1630.0
[READ], 18700, 548.8613138686131, 1370.0
[READ], 18800, 579.3648648648649, 1480.0
[READ], 18900, 558.0, 1640.0
[READ], 19000, 649.7153284671533, 1370.0
[READ], 19100, 633.8623188405797, 1380.0
[READ], 19200, 608.1333333333333, 1350.0
[READ], 19300, 597.5359477124183, 1530.0
[READ], 19400, 569.4342105263158, 1520.0
[READ], 19500, 654.8235294117648, 1360.0
[READ], 19600, 729.9916666666667, 1200.0
[READ], 19700, 698.639344262295, 1220.0
[READ], 19800, 646.8881118881119, 1430.0
[READ], 19900, 624.8741258741259, 1430.0
[READ], 20000, 639.5151515151515, 1320.0
[READ], 20100, 667.8818897637796, 1270.0
[READ], 20200, 598.1328671328671, 1430.0
[READ], 20300, 598.7131782945736, 1290.0
[READ], 20400, 686.0866141732283, 1270.0
[READ], 20500, 603.5675675675676, 1480.0
[READ], 20600, 608.762962962963, 1350.0
[READ], 20700, 631.0138888888889, 1440.0
[READ], 20800, 626.5187969924812, 1330.0
[READ], 20900, 661.3539823008849, 1130.0
[READ], 21000, 614.1678321678322, 1430.0
[READ], 21100, 600.8481012658228, 1580.0
[READ], 21200, 573.9485294117648, 1360.0
[READ], 21300, 585.7987012987013, 1540.0
[READ], 21400, 578.0972222222222, 1440.0
[READ], 21500, 557.4093959731543, 1490.0
[READ], 21600, 573.623076923077, 1300.0
[READ], 21700, 619.75, 1320.0
[READ], 21800, 558.8846153846154, 1560.0
[READ], 21900, 641.4453781512605, 1190.0
[READ], 22000, 549.0880503144654, 1590.0
[READ], 22100, 610.6428571428571, 1540.0
[READ], 22200, 565.7046979865772, 1490.0
[READ], 22300, 566.475, 1200.0
[READ], 22400, 596.4647887323944, 1420.0
[READ], 22500, 565.3237410071943, 1390.0
[READ], 22600, 582.9784172661871, 1390.0
[READ], 22700, 573.3509933774834, 1510.0
[READ], 22800, 652.8560606060606, 1320.0
[READ], 22900, 615.9251700680272, 1470.0
[READ], 23000, 577.7482517482517, 1430.0
[READ], 23100, 566.2364864864865, 1480.0
[READ], 23200, 599.8897058823529, 1360.0
[READ], 23300, 652.542372881356, 1180.0
[READ], 23400, 629.1416666666667, 1200.0
[READ], 23500, 528.7579617834394, 1570.0
[READ], 23600, 634.7983193277311, 1190.0
[READ], 23700, 595.9248120300751, 1330.0
[READ], 23800, 537.1142857142858, 1400.0
[READ], 23900, 602.3141025641025, 1560.0
[READ], 24000, 573.6617647058823, 1360.0
[READ], 24100, 553.6862745098039, 1530.0
[READ], 24200, 556.2123287671233, 1460.0
[READ], 24300, 581.1779661016949, 1180.0
[READ], 24400, 559.7571428571429, 1400.0
[READ], 24500, 578.5205479452055, 1460.0
[READ], 24600, 536.1780821917808, 1460.0
[READ], 24700, 573.3333333333334, 1470.0
[READ], 24800, 552.7625, 1600.0
[READ], 24900, 585.2088607594936, 1580.0
[READ], 25000, 535.8915662650602, 1660.0
[READ], 25100, 577.7012987012987, 1540.0
[READ], 25200, 556.7441860465116, 1720.0
[READ], 25300, 559.582191780822, 1460.0
[READ], 25400, 533.8928571428571, 1400.0
[READ], 25500, 570.1621621621622, 1480.0
[READ], 25600, 574.175572519084, 1310.0
[READ], 25700, 555.4817518248175, 1370.0
[READ], 25800, 548.5620437956204, 1370.0
[READ], 25900, 653.6774193548387, 1240.0
[READ], 26000, 549.9818181818182, 1650.0
[READ], 26100, 553.8888888888889, 1440.0
[READ], 26200, 581.5294117647059, 1530.0
[READ], 26300, 571.4662576687117, 1630.0
[READ], 26400, 568.8451612903226, 1550.0
[READ], 26500, 579.3660130718954, 1530.0
[READ], 26600, 559.7152317880794, 1510.0
[READ], 26700, 553.066225165563, 1510.0
[READ], 26800, 577.6375, 1600.0
[READ], 26900, 572.7151898734177, 1580.0
[READ], 27000, 579.4666666666667, 1500.0
[READ], 27100, 587.3860759493671, 1580.0
[READ], 27200, 551.887323943662, 1420.0
[READ], 27300, 536.35, 1600.0
[READ], 27400, 570.8239436619718, 1420.0
[READ], 27500, 556.9379310344827, 1450.0
[READ], 27600, 606.7132867132867, 1430.0
[READ], 27700, 529.719298245614, 1710.0
[READ], 27800, 557.7677419354839, 1550.0
[READ], 27900, 542.9668874172186, 1510.0
[READ], 28000, 585.3496503496503, 1430.0
[READ], 28100, 575.4109589041096, 1460.0
[READ], 28200, 535.03125, 1280.0
[READ], 28300, 538.9718309859155, 1420.0
[READ], 28400, 564.5869565217391, 1380.0
[READ], 28500, 548.3661971830986, 1420.0
[READ], 28600, 558.4013605442177, 1470.0
[READ], 28700, 542.4417177914111, 1630.0
[READ], 28800, 541.5364238410596, 1510.0
[READ], 28900, 535.8187919463087, 1490.0
[READ], 29000, 523.7710843373494, 1660.0
[READ], 29100, 583.1029411764706, 1360.0
[READ], 29200, 536.2207792207793, 1540.0
[READ], 29300, 524.7888198757764, 1610.0
[READ], 29400, 547.8413793103448, 1450.0
[READ], 29500, 712.0540540540541, 1110.0
[READ], 29600, 704.3786407766991, 1030.0
[READ], 29700, 644.7333333333333, 1200.0
[READ], 29800, 664.2950819672132, 1220.0
 30 sec: 79013 operations; 2801.5 current ops/sec; [UPDATE AverageLatency(us)=834.77] [READ AverageLatency(us)=581.12] 
 32 sec: 84643 operations; 2813.59 current ops/sec; [UPDATE AverageLatency(us)=820.19] [READ AverageLatency(us)=602.01] 
 34 sec: 90791 operations; 3074 current ops/sec; [UPDATE AverageLatency(us)=747.35] [READ AverageLatency(us)=547.55] 
 36 sec: 96936 operations; 3070.96 current ops/sec; [UPDATE AverageLatency(us)=751.79] [READ AverageLatency(us)=547.82] 
 38 sec: 103011 operations; 3037.5 current ops/sec; [UPDATE AverageLatency(us)=758.87] [READ AverageLatency(us)=548.52] 
 40 sec: 108466 operations; 2727.5 current ops/sec; [UPDATE AverageLatency(us)=848] [READ AverageLatency(us)=603.27] 
 42 sec: 114079 operations; 2805.1 current ops/sec; [UPDATE AverageLatency(us)=824.27] [READ AverageLatency(us)=593.78] 
 44 sec: 120014 operations; 2967.5 current ops/sec; [UPDATE AverageLatency(us)=777.96] [READ AverageLatency(us)=563.45] 
 46 sec: 125654 operations; 2820 current ops/sec; [UPDATE AverageLatency(us)=814.13] [READ AverageLatency(us)=598.54] 
 48 sec: 131441 operations; 2892.05 current ops/sec; [UPDATE AverageLatency(us)=790.9] [READ AverageLatency(us)=583.82] 
 50 sec: 137506 operations; 3032.5 current ops/sec; [UPDATE AverageLatency(us)=767.13] [READ AverageLatency(us)=552.04] 
 52 sec: 142806 operations; 2650 current ops/sec; [UPDATE AverageLatency(us)=861.82] [READ AverageLatency(us)=637.42] 
 54 sec: 148863 operations; 3026.99 current ops/sec; [UPDATE AverageLatency(us)=766.96] [READ AverageLatency(us)=552.07] 
 56 sec: 154768 operations; 2952.5 current ops/sec; [UPDATE AverageLatency(us)=779.57] [READ AverageLatency(us)=561.46] 
 58 sec: 160739 operations; 2984.01 current ops/sec; [UPDATE AverageLatency(us)=766.01] [READ AverageLatency(us)=562.66] 
 60 sec: 166414 operations; 2969.65 current ops/sec; [UPDATE AverageLatency(us)=774.92] [READ AverageLatency(us)=563.13] [CLEANUP AverageLatency(us)=1421.5] 
[UPDATE], 29800, 1273.8526315789475, 950.0
[UPDATE], 29900, 1077.979381443299, 970.0
[UPDATE], 30000, 851.2755905511812, 1270.0
[UPDATE], 30100, 931.3816793893129, 1310.0
[UPDATE], 30200, 890.0472440944882, 1270.0
[UPDATE], 30300, 767.2465753424658, 1460.0
[UPDATE], 30400, 947.6859504132232, 1210.0
[UPDATE], 30500, 917.7165354330708, 1270.0
[UPDATE], 30600, 914.4754098360655, 1220.0
[UPDATE], 30700, 989.2222222222222, 1170.0
[UPDATE], 30800, 952.3303571428571, 1120.0
[UPDATE], 30900, 767.8263888888889, 1440.0
[UPDATE], 31000, 734.5068493150685, 1460.0
[UPDATE], 31100, 750.8439716312057, 1410.0
[UPDATE], 31200, 755.2077922077922, 1540.0
[UPDATE], 31300, 761.9794520547945, 1460.0
[UPDATE], 31400, 765.4727272727273, 1650.0
[UPDATE], 31500, 739.2264150943396, 1590.0
[UPDATE], 31600, 792.7552447552448, 1430.0
[UPDATE], 31700, 751.8321678321678, 1430.0
[UPDATE], 31800, 790.3428571428572, 1400.0
[UPDATE], 31900, 761.5972222222222, 1440.0
[UPDATE], 32000, 778.5804195804196, 1430.0
[UPDATE], 32100, 750.9935064935065, 1540.0
[UPDATE], 32200, 777.2894736842105, 1520.0
[UPDATE], 32300, 796.776119402985, 1340.0
[UPDATE], 32400, 736.3548387096774, 1550.0
[UPDATE], 32500, 761.94, 1500.0
[UPDATE], 32600, 755.8707482993198, 1470.0
[UPDATE], 32700, 756.4171779141104, 1630.0
[UPDATE], 32800, 729.6204819277109, 1660.0
[UPDATE], 32900, 762.9084507042254, 1420.0
[UPDATE], 33000, 706.8529411764706, 1700.0
[UPDATE], 33100, 758.0069444444445, 1440.0
[UPDATE], 33200, 718.2389937106918, 1590.0
[UPDATE], 33300, 723.0384615384615, 1560.0
[UPDATE], 33400, 746.641975308642, 1620.0
[UPDATE], 33500, 745.3552631578947, 1520.0
[UPDATE], 33600, 738.1688311688312, 1540.0
[UPDATE], 33700, 728.9763313609468, 1690.0
[UPDATE], 33800, 758.7916666666666, 1440.0
[UPDATE], 33900, 733.2777777777778, 1440.0
[UPDATE], 34000, 756.8625, 1600.0
[UPDATE], 34100, 781.9025974025974, 1540.0
[UPDATE], 34200, 735.9367088607595, 1580.0
[UPDATE], 34300, 734.1328671328671, 1430.0
[UPDATE], 34400, 741.589928057554, 1390.0
[UPDATE], 34500, 730.3503184713376, 1570.0
[UPDATE], 34600, 764.1437125748503, 1670.0
[UPDATE], 34700, 743.4, 1700.0
[UPDATE], 34800, 753.512987012987, 1540.0
[UPDATE], 34900, 782.612676056338, 1420.0
[UPDATE], 35000, 762.825806451613, 1550.0
[UPDATE], 35100, 761.6413793103449, 1450.0
[UPDATE], 35200, 724.7241379310345, 1450.0
[UPDATE], 35300, 765.3941605839416, 1370.0
[UPDATE], 35400, 731.0733333333334, 1500.0
[UPDATE], 35500, 730.7482517482517, 1430.0
[UPDATE], 35600, 772.049645390071, 1410.0
[UPDATE], 35700, 777.7583892617449, 1490.0
[UPDATE], 35800, 742.8689655172413, 1450.0
[UPDATE], 35900, 743.7412587412588, 1430.0
[UPDATE], 36000, 763.6092715231788, 1510.0
[UPDATE], 36100, 784.7619047619048, 1470.0
[UPDATE], 36200, 764.3866666666667, 1500.0
[UPDATE], 36300, 771.7407407407408, 1620.0
[UPDATE], 36400, 747.1585365853658, 1640.0
[UPDATE], 36500, 751.132911392405, 1580.0
[UPDATE], 36600, 776.7114093959732, 1490.0
[UPDATE], 36700, 745.0680272108843, 1470.0
[UPDATE], 36800, 739.4905660377359, 1590.0
[UPDATE], 36900, 760.025974025974, 1540.0
[UPDATE], 37000, 773.0264900662252, 1510.0
[UPDATE], 37100, 788.2857142857143, 1470.0
[UPDATE], 37200, 805.7697841726618, 1390.0
[UPDATE], 37300, 727.7529411764706, 1700.0
[UPDATE], 37400, 757.2405063291139, 1580.0
[UPDATE], 37500, 757.6470588235294, 1530.0
[UPDATE], 37600, 746.796178343949, 1570.0
[UPDATE], 37700, 734.1986301369863, 1460.0
[UPDATE], 37800, 723.6604938271605, 1620.0
[UPDATE], 37900, 758.058064516129, 1550.0
[UPDATE], 38000, 741.3096774193548, 1550.0
[UPDATE], 38100, 765.7207792207793, 1540.0
[UPDATE], 38200, 759.1666666666666, 1500.0
[UPDATE], 38300, 763.9148936170212, 1410.0
[UPDATE], 38400, 765.4794520547945, 1460.0
[UPDATE], 38500, 751.9133333333333, 1500.0
[UPDATE], 38600, 792.141935483871, 1550.0
[UPDATE], 38700, 770.3486842105264, 1520.0
[UPDATE], 38800, 932.4545454545455, 1430.0
[UPDATE], 38900, 813.25, 1600.0
[UPDATE], 39000, 755.8590604026846, 1490.0
[UPDATE], 39100, 778.5743243243244, 1480.0
[UPDATE], 39200, 791.69375, 1600.0
[UPDATE], 39300, 968.1417322834645, 1270.0
[UPDATE], 39400, 1060.75, 1120.0
[UPDATE], 39500, 906.0076335877862, 1310.0
[UPDATE], 39600, 974.0534351145038, 1310.0
[UPDATE], 39700, 995.8403361344538, 1190.0
[UPDATE], 39800, 1303.1702127659576, 940.0
[UPDATE], 39900, 984.8, 1300.0
[UPDATE], 40000, 948.2869565217392, 1150.0
[UPDATE], 40100, 883.8992248062016, 1290.0
[UPDATE], 40200, 958.1338582677165, 1270.0
[UPDATE], 40300, 961.5172413793103, 1160.0
[UPDATE], 40400, 850.5507246376811, 1380.0
[UPDATE], 40500, 987.8803418803419, 1170.0
[UPDATE], 40600, 799.2296296296296, 1350.0
[UPDATE], 40700, 789.7857142857143, 1540.0
[UPDATE], 40800, 724.4573170731708, 1640.0
[UPDATE], 40900, 787.8648648648649, 1480.0
[UPDATE], 41000, 769.0636942675159, 1570.0
[UPDATE], 41100, 834.5193798449612, 1290.0
[UPDATE], 41200, 765.7483870967742, 1550.0
[UPDATE], 41300, 825.1073825503356, 1490.0
[UPDATE], 41400, 746.30625, 1600.0
[UPDATE], 41500, 789.0422535211268, 1420.0
[UPDATE], 41600, 772.1986301369863, 1460.0
[UPDATE], 41700, 796.7446808510638, 1410.0
[UPDATE], 41800, 769.7676056338029, 1420.0
[UPDATE], 41900, 795.3612903225807, 1550.0
[UPDATE], 42000, 764.84, 1500.0
[UPDATE], 42100, 758.5379310344828, 1450.0
[UPDATE], 42200, 760.25, 1640.0
[UPDATE], 42300, 809.972027972028, 1430.0
[UPDATE], 42400, 753.3956834532374, 1390.0
[UPDATE], 42500, 772.1632653061224, 1470.0
[UPDATE], 42600, 757.7397260273973, 1460.0
[UPDATE], 42700, 800.8620689655172, 1450.0
[UPDATE], 42800, 811.6575342465753, 1460.0
[UPDATE], 42900, 805.8666666666667, 1350.0
[UPDATE], 43000, 801.0283687943263, 1410.0
[UPDATE], 43100, 758.6906474820144, 1390.0
[UPDATE], 43200, 764.8486842105264, 1520.0
[UPDATE], 43300, 779.0463576158941, 1510.0
[UPDATE], 43400, 734.4322580645161, 1550.0
[UPDATE], 43500, 780.2368421052631, 1520.0
[UPDATE], 43600, 762.7639751552795, 1610.0
[UPDATE], 43700, 787.077922077922, 1540.0
[UPDATE], 43800, 796.8, 1400.0
[UPDATE], 43900, 823.55, 1400.0
[UPDATE], 44000, 792.5350318471337, 1570.0
[UPDATE], 44100, 879.8333333333334, 1320.0
[UPDATE], 44200, 788.9538461538461, 1300.0
[UPDATE], 44300, 787.828947368421, 1520.0
[UPDATE], 44400, 878.25, 1200.0
[UPDATE], 44500, 771.5911949685535, 1590.0
[UPDATE], 44600, 838.1716417910447, 1340.0
[UPDATE], 44700, 811.2714285714286, 1400.0
[UPDATE], 44800, 773.2397260273973, 1460.0
[UPDATE], 44900, 788.483870967742, 1550.0
[UPDATE], 45000, 800.2056737588653, 1410.0
[UPDATE], 45100, 818.9117647058823, 1360.0
[UPDATE], 45200, 850.017094017094, 1170.0
[UPDATE], 45300, 798.7985611510792, 1390.0
[UPDATE], 45400, 784.8239436619718, 1420.0
[UPDATE], 45500, 789.9805194805194, 1540.0
[UPDATE], 45600, 826.9621212121212, 1320.0
[UPDATE], 45700, 920.7857142857143, 1260.0
[UPDATE], 45800, 834.1071428571429, 1400.0
[UPDATE], 45900, 783.9205298013245, 1510.0
[UPDATE], 46000, 820.1866666666666, 1500.0
[UPDATE], 46100, 807.9444444444445, 1440.0
[UPDATE], 46200, 763.8466666666667, 1500.0
[UPDATE], 46300, 780.9328358208955, 1340.0
[UPDATE], 46400, 805.6486486486486, 1480.0
[UPDATE], 46500, 837.4149659863946, 1470.0
[UPDATE], 46600, 804.3046357615895, 1510.0
[UPDATE], 46700, 781.8211920529801, 1510.0
[UPDATE], 46800, 828.9047619047619, 1470.0
[UPDATE], 46900, 759.8074534161491, 1610.0
[UPDATE], 47000, 793.6737588652483, 1410.0
[UPDATE], 47100, 780.0612244897959, 1470.0
[UPDATE], 47200, 776.7986111111111, 1440.0
[UPDATE], 47300, 785.6106870229007, 1310.0
[UPDATE], 47400, 791.1931034482759, 1450.0
[UPDATE], 47500, 778.048951048951, 1430.0
[UPDATE], 47600, 863.3609022556391, 1330.0
[UPDATE], 47700, 745.4228187919463, 1490.0
[UPDATE], 47800, 785.8965517241379, 1450.0
[UPDATE], 47900, 767.5886524822695, 1410.0
[UPDATE], 48000, 740.9857142857143, 1400.0
[UPDATE], 48100, 763.0816326530612, 1470.0
[UPDATE], 48200, 762.9856115107914, 1390.0
[UPDATE], 48300, 764.3453237410072, 1390.0
[UPDATE], 48400, 756.2792207792207, 1540.0
[UPDATE], 48500, 782.7919463087248, 1490.0
[UPDATE], 48600, 781.2080536912752, 1490.0
[UPDATE], 48700, 759.8855421686746, 1660.0
[UPDATE], 48800, 758.6326530612245, 1470.0
[UPDATE], 48900, 775.0333333333333, 1500.0
[UPDATE], 49000, 739.223076923077, 1300.0
[UPDATE], 49100, 797.3445945945946, 1480.0
[UPDATE], 49200, 762.7328767123288, 1460.0
[UPDATE], 49300, 718.8646616541354, 1330.0
[UPDATE], 49400, 737.5541401273886, 1570.0
[UPDATE], 49500, 770.4609929078014, 1410.0
[UPDATE], 49600, 731.28125, 1600.0
[UPDATE], 49700, 822.0144927536232, 1380.0
[UPDATE], 49800, 762.0506329113924, 1580.0
[UPDATE], 49900, 815.9370629370629, 1430.0
[UPDATE], 50000, 776.1891891891892, 1480.0
[UPDATE], 50100, 878.8029197080292, 1370.0
[UPDATE], 50200, 878.4109589041096, 1460.0
[UPDATE], 50300, 850.7045454545455, 1320.0
[UPDATE], 50400, 959.0588235294117, 1190.0
[UPDATE], 50500, 982.8495575221239, 1130.0
[UPDATE], 50600, 884.1259842519685, 1270.0
[UPDATE], 50700, 931.6521739130435, 1150.0
[UPDATE], 50800, 802.396694214876, 1210.0
[UPDATE], 50900, 869.6597222222222, 1440.0
[UPDATE], 51000, 887.5932203389831, 1180.0
[UPDATE], 51100, 970.6218487394958, 1190.0
[UPDATE], 51200, 961.9285714285714, 1260.0
[UPDATE], 51300, 880.4074074074074, 1350.0
[UPDATE], 51400, 883.8151260504202, 1190.0
[UPDATE], 51500, 839.112676056338, 1420.0
[UPDATE], 51600, 779.61875, 1600.0
[UPDATE], 51700, 786.5157232704403, 1590.0
[UPDATE], 51800, 794.3774834437086, 1510.0
[UPDATE], 51900, 764.9256756756756, 1480.0
[UPDATE], 52000, 748.9513888888889, 1440.0
[UPDATE], 52100, 789.6148148148148, 1350.0
[UPDATE], 52200, 791.8115942028985, 1380.0
[UPDATE], 52300, 759.1363636363636, 1540.0
[UPDATE], 52400, 788.1486486486486, 1480.0
[UPDATE], 52500, 759.0331125827814, 1510.0
[UPDATE], 52600, 761.4228187919463, 1490.0
[UPDATE], 52700, 758.1388888888889, 1440.0
[UPDATE], 52800, 767.9066666666666, 1500.0
[UPDATE], 52900, 769.4347826086956, 1610.0
[UPDATE], 53000, 742.0544217687075, 1470.0
[UPDATE], 53100, 754.4230769230769, 1560.0
[UPDATE], 53200, 763.88, 1500.0
[UPDATE], 53300, 750.7388535031847, 1570.0
[UPDATE], 53400, 773.125, 1360.0
[UPDATE], 53500, 862.7537313432836, 1340.0
[UPDATE], 53600, 728.527950310559, 1610.0
[UPDATE], 53700, 777.2094594594595, 1480.0
[UPDATE], 53800, 761.5755395683453, 1390.0
[UPDATE], 53900, 753.1895424836601, 1530.0
[UPDATE], 54000, 760.7763157894736, 1520.0
[UPDATE], 54100, 786.375, 1600.0
[UPDATE], 54200, 772.3684210526316, 1520.0
[UPDATE], 54300, 760.025974025974, 1540.0
[UPDATE], 54400, 774.6225165562914, 1510.0
[UPDATE], 54500, 764.9403973509934, 1510.0
[UPDATE], 54600, 776.8958333333334, 1440.0
[UPDATE], 54700, 759.0961538461538, 1560.0
[UPDATE], 54800, 788.02, 1500.0
[UPDATE], 54900, 752.8012422360248, 1610.0
[UPDATE], 55000, 791.2628205128206, 1560.0
[UPDATE], 55100, 793.1721854304636, 1510.0
[UPDATE], 55200, 736.7439024390244, 1640.0
[UPDATE], 55300, 736.2727272727273, 1540.0
[UPDATE], 55400, 765.7445255474453, 1370.0
[UPDATE], 55500, 745.3422818791946, 1490.0
[UPDATE], 55600, 1013.7067669172932, 1330.0
[UPDATE], 55700, 782.6496815286624, 1570.0
[UPDATE], 55800, 794.2266666666667, 1500.0
[UPDATE], 55900, 760.5286624203821, 1570.0
[UPDATE], 56000, 738.3417721518987, 1580.0
[UPDATE], 56100, 755.1794871794872, 1560.0
[UPDATE], 56200, 725.8397435897435, 1560.0
[UPDATE], 56300, 763.6089743589744, 1560.0
[UPDATE], 56400, 768.8, 1500.0
[UPDATE], 56500, 775.3164556962025, 1580.0
[UPDATE], 56600, 777.04375, 1600.0
[UPDATE], 56700, 762.5449101796407, 1670.0
[UPDATE], 56800, 761.4569536423841, 1510.0
[UPDATE], 56900, 756.3851351351351, 1480.0
[UPDATE], 57000, 777.9466666666667, 1500.0
[UPDATE], 57100, 740.918918918919, 1480.0
[UPDATE], 57200, 780.7066666666667, 1500.0
[UPDATE], 57300, 741.7077922077922, 1540.0
[UPDATE], 57400, 752.4967320261438, 1530.0
[UPDATE], 57500, 773.2258064516129, 1550.0
[UPDATE], 57600, 811.6315789473684, 1520.0
[UPDATE], 57700, 791.5955882352941, 1360.0
[UPDATE], 57800, 814.5373134328358, 1340.0
[UPDATE], 57900, 764.0704225352113, 1420.0
[UPDATE], 58000, 782.2937062937064, 1430.0
[UPDATE], 58100, 762.5061728395061, 1620.0
[UPDATE], 58200, 756.0340136054422, 1470.0
[UPDATE], 58300, 780.2784810126582, 1580.0
[UPDATE], 58400, 774.7320261437909, 1530.0
[UPDATE], 58500, 763.3397435897435, 1560.0
[UPDATE], 58600, 750.7202797202797, 1430.0
[UPDATE], 58700, 763.3246753246754, 1540.0
[UPDATE], 58800, 794.32, 1500.0
[UPDATE], 58900, 768.2434210526316, 1520.0
[UPDATE], 59000, 791.4705882352941, 1360.0
[UPDATE], 59100, 763.7708333333334, 1440.0
[UPDATE], 59200, 801.3785714285714, 1400.0
[UPDATE], 59300, 761.6967741935484, 1550.0
[UPDATE], 59400, 790.05, 1400.0
[UPDATE], 59500, 754.0784313725491, 1530.0
[UPDATE], 59600, 780.6148648648649, 1480.0
[UPDATE], 59700, 795.5448275862069, 1450.0
[READ], 29900, 818.0526315789474, 1140.0
[READ], 30000, 702.280303030303, 1320.0
[READ], 30100, 660.0923076923077, 1300.0
[READ], 30200, 618.5121951219512, 1230.0
[READ], 30300, 608.8741721854304, 1510.0
[READ], 30400, 665.7213114754098, 1220.0
[READ], 30500, 631.0234375, 1280.0
[READ], 30600, 674.9714285714285, 1400.0
[READ], 30700, 664.8852459016393, 1220.0
[READ], 30800, 745.3983050847457, 1180.0
[READ], 30900, 582.4203821656051, 1570.0
[READ], 31000, 544.421052631579, 1710.0
[READ], 31100, 562.7088607594936, 1580.0
[READ], 31200, 566.0331125827814, 1510.0
[READ], 31300, 568.841059602649, 1510.0
[READ], 31400, 559.8897058823529, 1360.0
[READ], 31500, 536.9668874172186, 1510.0
[READ], 31600, 560.8493150684932, 1460.0
[READ], 31700, 584.312101910828, 1570.0
[READ], 31800, 557.4258064516129, 1550.0
[READ], 31900, 555.9418604651163, 1720.0
[READ], 32000, 544.6842105263158, 1520.0
[READ], 32100, 569.8389261744967, 1490.0
[READ], 32200, 533.2207792207793, 1540.0
[READ], 32300, 580.875816993464, 1530.0
[READ], 32400, 562.0566037735849, 1590.0
[READ], 32500, 531.609756097561, 1640.0
[READ], 32600, 541.6907894736842, 1520.0
[READ], 32700, 541.6938775510204, 1470.0
[READ], 32800, 540.6923076923077, 1430.0
[READ], 32900, 550.5949367088608, 1580.0
[READ], 33000, 526.8961038961039, 1540.0
[READ], 33100, 562.156462585034, 1470.0
[READ], 33200, 548.1058823529412, 1700.0
[READ], 33300, 541.6577181208054, 1490.0
[READ], 33400, 554.9548387096775, 1550.0
[READ], 33500, 545.4333333333333, 1500.0
[READ], 33600, 549.0451612903225, 1550.0
[READ], 33700, 534.427536231884, 1380.0
[READ], 33800, 552.3815028901735, 1730.0
[READ], 33900, 541.0, 1490.0
[READ], 34000, 530.6898734177215, 1580.0
[READ], 34100, 516.9738562091503, 1530.0
[READ], 34200, 544.0653594771242, 1530.0
[READ], 34300, 527.7613636363636, 1760.0
[READ], 34400, 531.2372881355932, 1770.0
[READ], 34500, 507.5, 1740.0
[READ], 34600, 526.7898550724638, 1380.0
[READ], 34700, 566.5193798449612, 1290.0
[READ], 34800, 545.1818181818181, 1540.0
[READ], 34900, 572.1089743589744, 1560.0
[READ], 35000, 559.9785714285714, 1400.0
[READ], 35100, 585.6115107913669, 1390.0
[READ], 35200, 537.7796610169491, 1770.0
[READ], 35300, 566.443113772455, 1670.0
[READ], 35400, 572.8025477707006, 1570.0
[READ], 35500, 547.8855421686746, 1660.0
[READ], 35600, 547.9771428571429, 1750.0
[READ], 35700, 604.9481481481481, 1350.0
[READ], 35800, 549.811320754717, 1590.0
[READ], 35900, 529.2865497076024, 1710.0
[READ], 36000, 566.8607594936709, 1580.0
[READ], 36100, 534.879746835443, 1580.0
[READ], 36200, 534.972602739726, 1460.0
[READ], 36300, 561.3472222222222, 1440.0
[READ], 36400, 564.6642335766423, 1370.0
[READ], 36500, 537.4225352112676, 1420.0
[READ], 36600, 548.2214765100671, 1490.0
[READ], 36700, 535.9404761904761, 1680.0
[READ], 36800, 529.1935483870968, 1550.0
[READ], 36900, 569.4191176470588, 1360.0
[READ], 37000, 568.6540880503145, 1590.0
[READ], 37100, 581.3884892086331, 1390.0
[READ], 37200, 553.0254777070064, 1570.0
[READ], 37300, 539.2887323943662, 1420.0
[READ], 37400, 543.5507246376811, 1380.0
[READ], 37500, 555.0723684210526, 1520.0
[READ], 37600, 535.774834437086, 1510.0
[READ], 37700, 522.4011627906976, 1720.0
[READ], 37800, 545.3375796178344, 1570.0
[READ], 37900, 550.510067114094, 1490.0
[READ], 38000, 567.8219178082192, 1460.0
[READ], 38100, 547.8013698630137, 1460.0
[READ], 38200, 533.5555555555555, 1530.0
[READ], 38300, 540.2558139534884, 1720.0
[READ], 38400, 545.1488095238095, 1680.0
[READ], 38500, 530.8695652173913, 1610.0
[READ], 38600, 557.8444444444444, 1350.0
[READ], 38700, 540.7105263157895, 1520.0
[READ], 38800, 547.2727272727273, 1320.0
[READ], 38900, 560.2457627118644, 1180.0
[READ], 39000, 543.4025974025974, 1540.0
[READ], 39100, 555.9803921568628, 1530.0
[READ], 39200, 573.976, 1250.0
[READ], 39300, 713.1340206185567, 970.0
[READ], 39400, 715.3166666666667, 1200.0
[READ], 39500, 806.6236559139785, 930.0
[READ], 39600, 749.3238095238095, 1050.0
[READ], 39700, 742.045871559633, 1090.0
[READ], 39800, 833.4597701149426, 870.0
[READ], 39900, 712.0092592592592, 1080.0
[READ], 40000, 570.0285714285715, 1400.0
[READ], 40100, 719.2035398230089, 1130.0
[READ], 40200, 671.648, 1250.0
[READ], 40300, 612.3972602739726, 1460.0
[READ], 40400, 594.0225563909775, 1330.0
[READ], 40500, 674.6774193548387, 1240.0
[READ], 40600, 620.8394160583941, 1370.0
[READ], 40700, 642.8695652173913, 1380.0
[READ], 40800, 547.7226277372263, 1370.0
[READ], 40900, 579.3673469387755, 1470.0
[READ], 41000, 530.2635135135135, 1480.0
[READ], 41100, 580.8301886792453, 1590.0
[READ], 41200, 581.8972602739726, 1460.0
[READ], 41300, 575.1968503937007, 1270.0
[READ], 41400, 565.4850746268656, 1340.0
[READ], 41500, 616.4029850746268, 1340.0
[READ], 41600, 556.0125786163522, 1590.0
[READ], 41700, 566.6040268456376, 1490.0
[READ], 41800, 539.3072289156627, 1660.0
[READ], 41900, 591.963768115942, 1380.0
[READ], 42000, 541.562091503268, 1530.0
[READ], 42100, 534.1595092024539, 1630.0
[READ], 42200, 538.9115646258504, 1470.0
[READ], 42300, 543.418439716312, 1410.0
[READ], 42400, 535.6141304347826, 1840.0
[READ], 42500, 548.9183673469388, 1470.0
[READ], 42600, 559.4458598726114, 1570.0
[READ], 42700, 568.4935064935065, 1540.0
[READ], 42800, 639.9692307692308, 1300.0
[READ], 42900, 570.6862745098039, 1530.0
[READ], 43000, 580.2344827586207, 1450.0
[READ], 43100, 562.5182926829268, 1640.0
[READ], 43200, 544.8322580645162, 1550.0
[READ], 43300, 562.1360544217687, 1470.0
[READ], 43400, 545.7770700636943, 1570.0
[READ], 43500, 595.5514705882352, 1360.0
[READ], 43600, 588.6111111111111, 1260.0
[READ], 43700, 584.8235294117648, 1360.0
[READ], 43800, 546.4967320261438, 1530.0
[READ], 43900, 600.2846715328467, 1370.0
[READ], 44000, 580.7333333333333, 1350.0
[READ], 44100, 658.3524590163935, 1220.0
[READ], 44200, 611.6734693877551, 1470.0
[READ], 44300, 603.6896551724138, 1450.0
[READ], 44400, 657.1194029850747, 1340.0
[READ], 44500, 610.427536231884, 1380.0
[READ], 44600, 573.8098591549295, 1420.0
[READ], 44700, 605.0902777777778, 1440.0
[READ], 44800, 597.6216216216217, 1480.0
[READ], 44900, 581.6062992125984, 1270.0
[READ], 45000, 574.9805194805194, 1540.0
[READ], 45100, 595.5882352941177, 1360.0
[READ], 45200, 626.8553459119497, 1590.0
[READ], 45300, 619.3733333333333, 1500.0
[READ], 45400, 572.3020134228188, 1490.0
[READ], 45500, 546.2054794520548, 1460.0
[READ], 45600, 560.9733333333334, 1500.0
[READ], 45700, 635.6029411764706, 1360.0
[READ], 45800, 624.2615384615384, 1300.0
[READ], 45900, 556.8142857142857, 1400.0
[READ], 46000, 587.3741007194244, 1390.0
[READ], 46100, 575.5248226950355, 1410.0
[READ], 46200, 611.1521739130435, 1380.0
[READ], 46300, 573.1242236024844, 1610.0
[READ], 46400, 584.0808823529412, 1360.0
[READ], 46500, 565.5174825174826, 1430.0
[READ], 46600, 597.592, 1250.0
[READ], 46700, 580.08, 1500.0
[READ], 46800, 569.5483870967741, 1240.0
[READ], 46900, 560.0571428571428, 1400.0
[READ], 47000, 561.1962025316456, 1580.0
[READ], 47100, 582.2785714285715, 1400.0
[READ], 47200, 564.2389937106918, 1590.0
[READ], 47300, 753.1916666666667, 1200.0
[READ], 47400, 557.9378881987577, 1610.0
[READ], 47500, 531.3081761006289, 1590.0
[READ], 47600, 668.7741935483871, 1240.0
[READ], 47700, 589.5776397515529, 1610.0
[READ], 47800, 563.4755244755245, 1430.0
[READ], 47900, 559.0375, 1600.0
[READ], 48000, 534.1363636363636, 1760.0
[READ], 48100, 529.7239263803681, 1630.0
[READ], 48200, 554.398773006135, 1630.0
[READ], 48300, 534.9945355191256, 1830.0
[READ], 48400, 552.7464788732394, 1420.0
[READ], 48500, 556.6774193548387, 1550.0
[READ], 48600, 574.7172413793104, 1450.0
[READ], 48700, 570.837037037037, 1350.0
[READ], 48800, 562.3931034482758, 1450.0
[READ], 48900, 551.0408163265306, 1470.0
[READ], 49000, 555.4915254237288, 1770.0
[READ], 49100, 561.8, 1500.0
[READ], 49200, 549.5816993464052, 1530.0
[READ], 49300, 540.2878787878788, 1980.0
[READ], 49400, 530.14375, 1600.0
[READ], 49500, 549.3496932515337, 1630.0
[READ], 49600, 550.7397260273973, 1460.0
[READ], 49700, 586.9859154929577, 1420.0
[READ], 49800, 545.9570552147239, 1630.0
[READ], 49900, 570.2116788321168, 1370.0
[READ], 50000, 546.2058823529412, 1360.0
[READ], 50100, 576.3548387096774, 1550.0
[READ], 50200, 635.4230769230769, 1040.0
[READ], 50300, 647.9626865671642, 1340.0
[READ], 50400, 619.043795620438, 1370.0
[READ], 50500, 713.7619047619048, 1260.0
[READ], 50600, 778.373831775701, 1070.0
[READ], 50700, 671.744827586207, 1450.0
[READ], 50800, 679.1167883211679, 1370.0
[READ], 50900, 710.938596491228, 1140.0
[READ], 51000, 714.2461538461539, 1300.0
[READ], 51100, 716.6859504132232, 1210.0
[READ], 51200, 672.847619047619, 1050.0
[READ], 51300, 622.5925925925926, 1350.0
[READ], 51400, 728.152, 1250.0
[READ], 51500, 598.7666666666667, 1500.0
[READ], 51600, 528.5514705882352, 1360.0
[READ], 51700, 549.1037037037037, 1350.0
[READ], 51800, 551.7153284671533, 1370.0
[READ], 51900, 575.8137931034482, 1450.0
[READ], 52000, 556.2716049382716, 1620.0
[READ], 52100, 567.5185185185185, 1620.0
[READ], 52200, 543.6611111111112, 1800.0
[READ], 52300, 550.6896551724138, 1450.0
[READ], 52400, 564.726618705036, 1390.0
[READ], 52500, 570.8040540540541, 1480.0
[READ], 52600, 550.7337662337662, 1540.0
[READ], 52700, 565.1225806451613, 1550.0
[READ], 52800, 536.7267080745341, 1610.0
[READ], 52900, 579.9555555555555, 1350.0
[READ], 53000, 566.9271523178808, 1510.0
[READ], 53100, 545.2733333333333, 1500.0
[READ], 53200, 547.2179487179487, 1560.0
[READ], 53300, 534.0328947368421, 1520.0
[READ], 53400, 523.9829545454545, 1760.0
[READ], 53500, 545.7163120567376, 1410.0
[READ], 53600, 546.7439024390244, 1640.0
[READ], 53700, 566.9219858156029, 1410.0
[READ], 53800, 556.112426035503, 1690.0
[READ], 53900, 534.0, 1630.0
[READ], 54000, 588.0211267605633, 1420.0
[READ], 54100, 566.6518518518518, 1350.0
[READ], 54200, 558.0, 1380.0
[READ], 54300, 557.8954248366013, 1530.0
[READ], 54400, 543.0588235294117, 1530.0
[READ], 54500, 563.2602739726027, 1460.0
[READ], 54600, 595.0921985815603, 1410.0
[READ], 54700, 569.2569444444445, 1440.0
[READ], 54800, 591.0592592592593, 1350.0
[READ], 54900, 564.4525547445255, 1370.0
[READ], 55000, 549.6194029850747, 1340.0
[READ], 55100, 571.036231884058, 1380.0
[READ], 55200, 543.453947368421, 1520.0
[READ], 55300, 534.3483870967742, 1550.0
[READ], 55400, 532.0, 1690.0
[READ], 55500, 547.2694610778443, 1670.0
[READ], 55600, 565.6521739130435, 1150.0
[READ], 55700, 537.6762589928057, 1390.0
[READ], 55800, 620.8709677419355, 1240.0
[READ], 55900, 552.5878378378378, 1480.0
[READ], 56000, 566.9172413793103, 1450.0
[READ], 56100, 549.2808219178082, 1460.0
[READ], 56200, 529.144578313253, 1660.0
[READ], 56300, 576.177304964539, 1410.0
[READ], 56400, 540.8333333333334, 1500.0
[READ], 56500, 556.1824324324324, 1480.0
[READ], 56600, 575.1949152542373, 1180.0
[READ], 56700, 580.6434108527131, 1290.0
[READ], 56800, 543.9, 1500.0
[READ], 56900, 571.1, 1500.0
[READ], 57000, 575.4583333333334, 1440.0
[READ], 57100, 547.2484848484848, 1650.0
[READ], 57200, 578.9513888888889, 1440.0
[READ], 57300, 544.205298013245, 1510.0
[READ], 57400, 540.3243243243244, 1480.0
[READ], 57500, 581.2517482517483, 1430.0
[READ], 57600, 574.0381679389313, 1310.0
[READ], 57700, 584.1783439490446, 1570.0
[READ], 57800, 576.7414965986394, 1470.0
[READ], 57900, 579.2298136645962, 1610.0
[READ], 58000, 545.5408805031446, 1590.0
[READ], 58100, 573.8642857142858, 1400.0
[READ], 58200, 539.4166666666666, 1560.0
[READ], 58300, 546.7769784172662, 1390.0
[READ], 58400, 544.0555555555555, 1440.0
[READ], 58500, 606.046511627907, 1290.0
[READ], 58600, 534.5705882352942, 1700.0
[READ], 58700, 605.8013245033112, 1510.0
[READ], 58800, 548.6115107913669, 1390.0
[READ], 58900, 582.2340425531914, 1410.0
[READ], 59000, 543.8827586206896, 1450.0
[READ], 59100, 609.4701986754967, 1510.0
[READ], 59200, 540.364705882353, 1700.0
[READ], 59300, 570.8911564625851, 1470.0
[READ], 59400, 574.9370629370629, 1430.0
[READ], 59500, 562.8618421052631, 1520.0
[READ], 59600, 554.4413793103448, 1450.0
[READ], 59700, 542.9477124183006, 1530.0
[READ], 59800, 583.113475177305, 1410.0
[UPDATE], 59800, 802.1088435374149, 1470.0
[UPDATE], Operations, 83096
[UPDATE], Retries, 0
[UPDATE], AverageLatency(us), 826.623303
[UPDATE], MinLatency(us), 511
[UPDATE], MaxLatency(us), 22898
[UPDATE], Return=0, 83096
[READ], 59900, 563.5675675675676, 370.0
[READ], Operations, 83318
[READ], Retries, 0
[READ], AverageLatency(us), 605.564512
[READ], MinLatency(us), 399
[READ], MaxLatency(us), 71820
[READ], Return=0, 83318
[CLEANUP], 0, 1421.5, 20.0
[CLEANUP], Operations, 2
[CLEANUP], Retries, 0
[CLEANUP], AverageLatency(us), 1421.500000
[CLEANUP], MinLatency(us), 962
[CLEANUP], MaxLatency(us), 1881
[OVERALL], Reconnections, 0.000000
[OVERALL], RunTime(ms), 59995.000000
[OVERALL], Operations, 166414.000000
[OVERALL], DataWritten(B), 8309600.000000
[OVERALL], TotalQueryResults, 0.000000
[OVERALL], Throughput(ops/sec), 2773.797816
[UPDATE], 59900, NaN, 0.0
[UPDATE], Operations, 83096
[UPDATE], Retries, 0
[UPDATE], AverageLatency(us), 826.623303
[UPDATE], MinLatency(us), 511
[UPDATE], MaxLatency(us), 22898
[UPDATE], Return=0, 83096
[READ], 59900, NaN, 0.0
[READ], Operations, 83318
[READ], Retries, 0
[READ], AverageLatency(us), 605.564512
[READ], MinLatency(us), 399
[READ], MaxLatency(us), 71820
[READ], Return=0, 83318
[CLEANUP], 0, NaN, 0.0
[CLEANUP], Operations, 2
[CLEANUP], Retries, 0
[CLEANUP], AverageLatency(us), 1421.500000
[CLEANUP], MinLatency(us), 962
[CLEANUP], MaxLatency(us), 1881
[OVERALL], Reconnections, 0.000000
[OVERALL], RunTime(ms), 59995.000000
[OVERALL], Operations, 166414.000000
[OVERALL], DataWritten(B), 8309600.000000
[OVERALL], TotalQueryResults, 0.000000
[OVERALL], Throughput(ops/sec), 2773.797816
java -cp /opt/ycsb/mongodb-binding/lib/mongodb-binding-0.1.4.jar:/opt/ycsb/core/lib/core-0.1.4.jar com.yahoo.ycsb.Client -db com.yahoo.ycsb.db.MongoDbClient -s -P /opt/ycsb/workloads/workloada -p timeseries.granularity=100 -p readretrycount=1000 -p ignoreinserterrors=true -p insertcount=1000 -p fieldlength=100 -p cardinality=100 -p reconnectiontime=1000 -p mongodb.writeConcern=normal -p mongodb.readPreference=primaryPreferred -p operationcount=100000000 -p recordcount=1000 -p fieldcount=30 -p threadcount=2 -p maxexecutiontime=60 -p mongodb.database=ycsb -p exportmeasurementsinterval=30000 -p workload=com.yahoo.ycsb.workloads.CoreWorkload -p updateretrycount=1000 -p measurementtype=timeseries -p mongodb.url=172.31.3.36:27028 -p insertretrycount=10 -p fieldlengthdistribution=constant -t
