YCSB Client 0.1
Command line: -db com.yahoo.ycsb.db.MongoDbClient -s -P /opt/ycsb/workloads/workloada -p timeseries.granularity=100 -p readretrycount=1000 -p ignoreinserterrors=true -p insertcount=1000 -p fieldlength=100 -p cardinality=100 -p reconnectiontime=1000 -p mongodb.writeConcern=normal -p mongodb.readPreference=primaryPreferred -p operationcount=100000000 -p recordcount=1000 -p fieldcount=30 -p threadcount=1 -p maxexecutiontime=60 -p mongodb.database=ycsb -p exportmeasurementsinterval=30000 -p workload=com.yahoo.ycsb.workloads.CoreWorkload -p updateretrycount=1000 -p measurementtype=timeseries -p mongodb.url=172.31.3.36:27028 -p insertretrycount=10 -p fieldlengthdistribution=constant -t
Using fieldlengthgenerator:com.yahoo.ycsb.generator.ConstantIntegerGenerator
new database url = 172.31.3.36:27028/ycsb
mongo connection created with 172.31.3.36:27028/ycsb
Warmup execution time: 0
Warmup operations: 0
new database url = 172.31.3.36:27028/ycsb
mongo connection created with 172.31.3.36:27028/ycsb
 0 sec: 0 operations; 
 2 sec: 1648 operations; 824 current ops/sec; [UPDATE AverageLatency(us)=1325.91] [READ AverageLatency(us)=1078.73] 
 4 sec: 4213 operations; 1281.22 current ops/sec; [UPDATE AverageLatency(us)=827.04] [READ AverageLatency(us)=687.33] 
 6 sec: 6973 operations; 1380 current ops/sec; [UPDATE AverageLatency(us)=760.96] [READ AverageLatency(us)=654.79] 
 8 sec: 9989 operations; 1507.25 current ops/sec; [UPDATE AverageLatency(us)=726] [READ AverageLatency(us)=573.52] 
 10 sec: 13189 operations; 1600 current ops/sec; [UPDATE AverageLatency(us)=699.81] [READ AverageLatency(us)=529.15] 
 12 sec: 16380 operations; 1595.5 current ops/sec; [UPDATE AverageLatency(us)=695.86] [READ AverageLatency(us)=542.99] 
 14 sec: 19724 operations; 1671.16 current ops/sec; [UPDATE AverageLatency(us)=658.88] [READ AverageLatency(us)=519] 
 16 sec: 23001 operations; 1638.5 current ops/sec; [UPDATE AverageLatency(us)=694.41] [READ AverageLatency(us)=526.59] 
 18 sec: 26610 operations; 1803.6 current ops/sec; [UPDATE AverageLatency(us)=629.19] [READ AverageLatency(us)=472.52] 
 20 sec: 30220 operations; 1805 current ops/sec; [UPDATE AverageLatency(us)=630.35] [READ AverageLatency(us)=465.86] 
 22 sec: 33709 operations; 1744.5 current ops/sec; [UPDATE AverageLatency(us)=643.63] [READ AverageLatency(us)=496.09] 
 24 sec: 37473 operations; 1881.06 current ops/sec; [UPDATE AverageLatency(us)=602.32] [READ AverageLatency(us)=453.17] 
 26 sec: 41181 operations; 1854 current ops/sec; [UPDATE AverageLatency(us)=610.94] [READ AverageLatency(us)=455.89] 
 28 sec: 44951 operations; 1884.06 current ops/sec; [UPDATE AverageLatency(us)=604.44] [READ AverageLatency(us)=453.92] 
[UPDATE], 0, 7397.533333333334, 150.0
[UPDATE], 100, 2391.9583333333335, 240.0
[UPDATE], 200, 1971.3157894736842, 190.0
[UPDATE], 300, 1768.4285714285713, 280.0
[UPDATE], 400, 1466.2894736842106, 380.0
[UPDATE], 500, 1469.25, 360.0
[UPDATE], 600, 1753.5128205128206, 390.0
[UPDATE], 700, 1734.8148148148148, 270.0
[UPDATE], 800, 1739.1666666666667, 300.0
[UPDATE], 900, 1395.121212121212, 330.0
[UPDATE], 1000, 1211.6511627906978, 430.0
[UPDATE], 1100, 1040.6666666666667, 480.0
[UPDATE], 1200, 1083.648148148148, 540.0
[UPDATE], 1300, 908.5593220338983, 590.0
[UPDATE], 1400, 872.4426229508197, 610.0
[UPDATE], 1500, 1022.3859649122807, 570.0
[UPDATE], 1600, 1023.9107142857143, 560.0
[UPDATE], 1700, 906.3934426229508, 610.0
[UPDATE], 1800, 839.5254237288135, 590.0
[UPDATE], 1900, 816.640625, 640.0
[UPDATE], 2000, 1034.3035714285713, 560.0
[UPDATE], 2100, 855.8181818181819, 550.0
[UPDATE], 2200, 1275.4871794871794, 390.0
[UPDATE], 2300, 809.2816901408451, 710.0
[UPDATE], 2400, 789.8493150684932, 730.0
[UPDATE], 2500, 844.2903225806451, 620.0
[UPDATE], 2600, 999.7678571428571, 560.0
[UPDATE], 2700, 883.0, 610.0
[UPDATE], 2800, 725.060606060606, 660.0
[UPDATE], 2900, 772.8064516129032, 620.0
[UPDATE], 3000, 755.2051282051282, 780.0
[UPDATE], 3100, 717.125, 720.0
[UPDATE], 3200, 888.546875, 640.0
[UPDATE], 3300, 903.5645161290323, 620.0
[UPDATE], 3400, 736.9714285714285, 700.0
[UPDATE], 3500, 782.25, 760.0
[UPDATE], 3600, 753.4411764705883, 680.0
[UPDATE], 3700, 764.4776119402985, 670.0
[UPDATE], 3800, 814.2957746478874, 710.0
[UPDATE], 3900, 719.6212121212121, 660.0
[UPDATE], 4000, 835.9866666666667, 750.0
[UPDATE], 4100, 825.5689655172414, 580.0
[UPDATE], 4200, 835.4109589041096, 730.0
[UPDATE], 4300, 785.4868421052631, 760.0
[UPDATE], 4400, 689.6909090909091, 550.0
[UPDATE], 4500, 791.84375, 640.0
[UPDATE], 4600, 700.0757575757576, 660.0
[UPDATE], 4700, 694.6, 750.0
[UPDATE], 4800, 691.1594202898551, 690.0
[UPDATE], 4900, 760.7777777777778, 540.0
[UPDATE], 5000, 870.796875, 640.0
[UPDATE], 5100, 748.3432835820895, 670.0
[UPDATE], 5200, 807.0, 620.0
[UPDATE], 5300, 791.4666666666667, 750.0
[UPDATE], 5400, 694.1081081081081, 740.0
[UPDATE], 5500, 783.5454545454545, 770.0
[UPDATE], 5600, 700.7142857142857, 700.0
[UPDATE], 5700, 746.6666666666666, 630.0
[UPDATE], 5800, 739.3333333333334, 750.0
[UPDATE], 5900, 719.7361111111111, 720.0
[UPDATE], 6000, 704.7941176470588, 680.0
[UPDATE], 6100, 687.1315789473684, 760.0
[UPDATE], 6200, 693.7173913043479, 920.0
[UPDATE], 6300, 761.8472222222222, 720.0
[UPDATE], 6400, 724.7368421052631, 760.0
[UPDATE], 6500, 750.5652173913044, 690.0
[UPDATE], 6600, 719.6516853932584, 890.0
[UPDATE], 6700, 713.0133333333333, 750.0
[UPDATE], 6800, 738.1388888888889, 720.0
[UPDATE], 6900, 793.3108108108108, 740.0
[UPDATE], 7000, 738.4109589041096, 730.0
[UPDATE], 7100, 794.7605633802817, 710.0
[UPDATE], 7200, 717.0714285714286, 700.0
[UPDATE], 7300, 660.2666666666667, 750.0
[UPDATE], 7400, 708.1052631578947, 760.0
[UPDATE], 7500, 695.5802469135803, 810.0
[UPDATE], 7600, 726.078947368421, 760.0
[UPDATE], 7700, 712.0945945945946, 740.0
[UPDATE], 7800, 712.525, 800.0
[UPDATE], 7900, 823.2, 550.0
[UPDATE], 8000, 889.939393939394, 660.0
[UPDATE], 8100, 788.2465753424658, 730.0
[UPDATE], 8200, 739.0963855421687, 830.0
[UPDATE], 8300, 723.9305555555555, 720.0
[UPDATE], 8400, 818.92, 750.0
[UPDATE], 8500, 677.1958762886597, 970.0
[UPDATE], 8600, 765.2835820895523, 670.0
[UPDATE], 8700, 655.6470588235294, 850.0
[UPDATE], 8800, 667.25, 880.0
[UPDATE], 8900, 716.710843373494, 830.0
[UPDATE], 9000, 646.452380952381, 840.0
[UPDATE], 9100, 650.6195652173913, 920.0
[UPDATE], 9200, 712.109756097561, 820.0
[UPDATE], 9300, 630.6162790697674, 860.0
[UPDATE], 9400, 654.8461538461538, 910.0
[UPDATE], 9500, 640.5897435897435, 780.0
[UPDATE], 9600, 676.7954545454545, 880.0
[UPDATE], 9700, 696.3291139240506, 790.0
[UPDATE], 9800, 635.5, 880.0
[UPDATE], 9900, 696.2717391304348, 920.0
[UPDATE], 10000, 710.4675324675325, 770.0
[UPDATE], 10100, 710.9230769230769, 780.0
[UPDATE], 10200, 742.0, 750.0
[UPDATE], 10300, 776.8133333333334, 750.0
[UPDATE], 10400, 723.8, 750.0
[UPDATE], 10500, 750.6811594202899, 690.0
[UPDATE], 10600, 726.1363636363636, 660.0
[UPDATE], 10700, 669.1692307692308, 650.0
[UPDATE], 10800, 720.2985074626865, 670.0
[UPDATE], 10900, 814.7910447761194, 670.0
[UPDATE], 11000, 663.7701149425287, 870.0
[UPDATE], 11100, 651.7191011235955, 890.0
[UPDATE], 11200, 723.3488372093024, 860.0
[UPDATE], 11300, 677.6052631578947, 760.0
[UPDATE], 11400, 664.6236559139785, 930.0
[UPDATE], 11500, 648.9, 800.0
[UPDATE], 11600, 698.2368421052631, 760.0
[UPDATE], 11700, 657.1612903225806, 930.0
[UPDATE], 11800, 614.3020833333334, 960.0
[UPDATE], 11900, 649.3176470588236, 850.0
[UPDATE], 12000, 700.4090909090909, 880.0
[UPDATE], 12100, 643.1382978723404, 940.0
[UPDATE], 12200, 629.9896907216495, 970.0
[UPDATE], 12300, 632.2065217391304, 920.0
[UPDATE], 12400, 639.735632183908, 870.0
[UPDATE], 12500, 670.7375, 800.0
[UPDATE], 12600, 656.4827586206897, 870.0
[UPDATE], 12700, 634.3536585365854, 820.0
[UPDATE], 12800, 657.264367816092, 870.0
[UPDATE], 12900, 701.2763157894736, 760.0
[UPDATE], 13000, 626.3953488372093, 860.0
[UPDATE], 13100, 622.3372093023256, 860.0
[UPDATE], 13200, 663.9550561797753, 890.0
[UPDATE], 13300, 735.9655172413793, 870.0
[UPDATE], 13400, 644.3058823529411, 850.0
[UPDATE], 13500, 657.9759036144578, 830.0
[UPDATE], 13600, 654.5375, 800.0
[UPDATE], 13700, 693.027397260274, 730.0
[UPDATE], 13800, 631.1529411764706, 850.0
[UPDATE], 13900, 846.0588235294117, 680.0
[UPDATE], 14000, 693.2236842105264, 760.0
[UPDATE], 14100, 723.7073170731708, 820.0
[UPDATE], 14200, 690.6805555555555, 720.0
[UPDATE], 14300, 672.4050632911392, 790.0
[UPDATE], 14400, 662.2, 800.0
[UPDATE], 14500, 691.0617283950618, 810.0
[UPDATE], 14600, 615.1891891891892, 740.0
[UPDATE], 14700, 733.641975308642, 810.0
[UPDATE], 14800, 695.4197530864197, 810.0
[UPDATE], 14900, 734.4430379746835, 790.0
[UPDATE], 15000, 659.8390804597701, 870.0
[UPDATE], 15100, 732.75, 760.0
[UPDATE], 15200, 639.8444444444444, 900.0
[UPDATE], 15300, 628.7741935483871, 930.0
[UPDATE], 15400, 635.2278481012659, 790.0
[UPDATE], 15500, 693.7349397590361, 830.0
[UPDATE], 15600, 694.4805194805194, 770.0
[UPDATE], 15700, 650.6794871794872, 780.0
[UPDATE], 15800, 845.1733333333333, 750.0
[UPDATE], 15900, 688.9024390243902, 820.0
[UPDATE], 16000, 689.0963855421687, 830.0
[UPDATE], 16100, 729.945205479452, 730.0
[UPDATE], 16200, 668.219512195122, 820.0
[UPDATE], 16300, 677.5227272727273, 880.0
[UPDATE], 16400, 636.7333333333333, 900.0
[UPDATE], 16500, 623.0430107526881, 930.0
[UPDATE], 16600, 645.2954545454545, 880.0
[UPDATE], 16700, 614.25, 960.0
[UPDATE], 16800, 612.9072164948453, 970.0
[UPDATE], 16900, 610.060975609756, 820.0
[UPDATE], 17000, 612.3297872340426, 940.0
[UPDATE], 17100, 609.747572815534, 1030.0
[UPDATE], 17200, 623.8387096774194, 930.0
[UPDATE], 17300, 612.5625, 800.0
[UPDATE], 17400, 612.5274725274726, 910.0
[UPDATE], 17500, 612.6020408163265, 980.0
[UPDATE], 17600, 622.5862068965517, 870.0
[UPDATE], 17700, 585.9468085106383, 940.0
[UPDATE], 17800, 604.7979797979798, 990.0
[UPDATE], 17900, 610.4646464646464, 990.0
[UPDATE], 18000, 604.4742268041238, 970.0
[UPDATE], 18100, 624.4222222222222, 900.0
[UPDATE], 18200, 596.3762376237623, 1010.0
[UPDATE], 18300, 601.5943396226415, 1060.0
[UPDATE], 18400, 646.9494949494949, 990.0
[UPDATE], 18500, 795.225, 800.0
[UPDATE], 18600, 613.48, 1000.0
[UPDATE], 18700, 606.8387096774194, 930.0
[UPDATE], 18800, 602.8795180722891, 830.0
[UPDATE], 18900, 577.2888888888889, 900.0
[UPDATE], 19000, 591.1730769230769, 1040.0
[UPDATE], 19100, 600.6732673267327, 1010.0
[UPDATE], 19200, 613.7647058823529, 1020.0
[UPDATE], 19300, 598.9555555555555, 900.0
[UPDATE], 19400, 603.2692307692307, 1040.0
[UPDATE], 19500, 623.3932584269663, 890.0
[UPDATE], 19600, 642.1860465116279, 860.0
[UPDATE], 19700, 949.1846153846154, 650.0
[UPDATE], 19800, 602.7052631578947, 950.0
[UPDATE], 19900, 674.0128205128206, 780.0
[UPDATE], 20000, 629.379746835443, 790.0
[UPDATE], 20100, 629.9871794871794, 780.0
[UPDATE], 20200, 698.575, 800.0
[UPDATE], 20300, 656.75, 800.0
[UPDATE], 20400, 637.7444444444444, 900.0
[UPDATE], 20500, 639.9069767441861, 860.0
[UPDATE], 20600, 635.054347826087, 920.0
[UPDATE], 20700, 672.0632911392405, 790.0
[UPDATE], 20800, 637.719512195122, 820.0
[UPDATE], 20900, 632.2068965517242, 870.0
[UPDATE], 21000, 650.021052631579, 950.0
[UPDATE], 21100, 652.547619047619, 840.0
[UPDATE], 21200, 640.3888888888889, 900.0
[UPDATE], 21300, 642.109756097561, 820.0
[UPDATE], 21400, 667.9764705882353, 850.0
[UPDATE], 21500, 678.8631578947368, 950.0
[UPDATE], 21600, 627.9677419354839, 930.0
[UPDATE], 21700, 597.9895833333334, 960.0
[UPDATE], 21800, 613.3695652173913, 920.0
[UPDATE], 21900, 642.4086021505376, 930.0
[UPDATE], 22000, 586.27, 1000.0
[UPDATE], 22100, 608.1442307692307, 1040.0
[UPDATE], 22200, 619.9157894736842, 950.0
[UPDATE], 22300, 604.7378640776699, 1030.0
[UPDATE], 22400, 594.5757575757576, 990.0
[UPDATE], 22500, 592.8791208791209, 910.0
[UPDATE], 22600, 582.979381443299, 970.0
[UPDATE], 22700, 605.7980769230769, 1040.0
[UPDATE], 22800, 623.561797752809, 890.0
[UPDATE], 22900, 601.4239130434783, 920.0
[UPDATE], 23000, 615.7721518987341, 790.0
[UPDATE], 23100, 665.5581395348837, 860.0
[UPDATE], 23200, 585.2708333333334, 960.0
[UPDATE], 23300, 595.1888888888889, 900.0
[UPDATE], 23400, 589.6153846153846, 910.0
[UPDATE], 23500, 576.5172413793103, 870.0
[UPDATE], 23600, 602.2680412371134, 970.0
[UPDATE], 23700, 589.5094339622641, 1060.0
[UPDATE], 23800, 609.2717391304348, 920.0
[UPDATE], 23900, 611.0736842105263, 950.0
[UPDATE], 24000, 615.936170212766, 940.0
[UPDATE], 24100, 587.469387755102, 980.0
[UPDATE], 24200, 577.4158415841584, 1010.0
[UPDATE], 24300, 618.8421052631579, 950.0
[UPDATE], 24400, 611.6989247311828, 930.0
[UPDATE], 24500, 609.9777777777778, 900.0
[UPDATE], 24600, 640.0106382978723, 940.0
[UPDATE], 24700, 598.8181818181819, 990.0
[UPDATE], 24800, 599.5151515151515, 990.0
[UPDATE], 24900, 629.8333333333334, 900.0
[UPDATE], 25000, 631.5922330097087, 1030.0
[UPDATE], 25100, 603.4519230769231, 1040.0
[UPDATE], 25200, 617.1263157894737, 950.0
[UPDATE], 25300, 600.5050505050505, 990.0
[UPDATE], 25400, 600.4105263157895, 950.0
[UPDATE], 25500, 605.680412371134, 970.0
[UPDATE], 25600, 602.0617283950618, 810.0
[UPDATE], 25700, 604.3434343434343, 990.0
[UPDATE], 25800, 673.5730337078652, 890.0
[UPDATE], 25900, 596.7448979591836, 980.0
[UPDATE], 26000, 605.505376344086, 930.0
[UPDATE], 26100, 601.8604651162791, 860.0
[UPDATE], 26200, 598.6021505376344, 930.0
[UPDATE], 26300, 580.4615384615385, 910.0
[UPDATE], 26400, 607.5252525252525, 990.0
[UPDATE], 26500, 626.6966292134831, 890.0
[UPDATE], 26600, 599.5833333333334, 1080.0
[UPDATE], 26700, 597.6210526315789, 950.0
[UPDATE], 26800, 580.3548387096774, 930.0
[UPDATE], 26900, 619.989010989011, 910.0
[UPDATE], 27000, 608.9310344827586, 870.0
[UPDATE], 27100, 612.1935483870968, 930.0
[UPDATE], 27200, 604.2666666666667, 900.0
[UPDATE], 27300, 615.32, 750.0
[UPDATE], 27400, 592.6630434782609, 920.0
[UPDATE], 27500, 604.7272727272727, 990.0
[UPDATE], 27600, 613.5652173913044, 920.0
[UPDATE], 27700, 609.4752475247525, 1010.0
[UPDATE], 27800, 592.505376344086, 930.0
[UPDATE], 27900, 597.6444444444444, 900.0
[UPDATE], 28000, 599.1318681318681, 910.0
[UPDATE], 28100, 600.3469387755102, 980.0
[UPDATE], 28200, 585.9519230769231, 1040.0
[UPDATE], 28300, 609.15, 1000.0
[UPDATE], 28400, 605.804347826087, 920.0
[UPDATE], 28500, 575.9375, 960.0
[UPDATE], 28600, 590.9345794392524, 1070.0
[UPDATE], 28700, 582.0776699029126, 1030.0
[UPDATE], 28800, 604.7745098039215, 1020.0
[UPDATE], 28900, 592.2755102040817, 980.0
[UPDATE], 29000, 617.8913043478261, 920.0
[UPDATE], 29100, 604.6666666666666, 990.0
[UPDATE], 29200, 586.0, 890.0
[UPDATE], 29300, 591.1844660194175, 1030.0
[UPDATE], 29400, 618.3809523809524, 840.0
[UPDATE], 29500, 637.483870967742, 930.0
[UPDATE], 29600, 664.0, 830.0
[UPDATE], 29700, 680.0, 840.0
[UPDATE], 29800, 707.1139240506329, 790.0
[READ], 0, 3302.5882352941176, 170.0
[READ], 100, 1974.92, 250.0
[READ], 200, 2074.25, 280.0
[READ], 300, 1534.875, 320.0
[READ], 400, 1300.9666666666667, 300.0
[READ], 500, 1288.9117647058824, 340.0
[READ], 600, 1201.8, 250.0
[READ], 700, 2133.44, 250.0
[READ], 800, 1438.6206896551723, 290.0
[READ], 900, 1412.1470588235295, 340.0
[READ], 1000, 1038.8367346938776, 490.0
[READ], 1100, 849.5102040816327, 490.0
[READ], 1200, 817.0434782608696, 460.0
[READ], 1300, 750.2962962962963, 540.0
[READ], 1400, 757.0909090909091, 550.0
[READ], 1500, 729.3508771929825, 570.0
[READ], 1600, 689.2857142857143, 560.0
[READ], 1700, 746.6206896551724, 580.0
[READ], 1800, 664.6103896103896, 770.0
[READ], 1900, 709.1111111111111, 540.0
[READ], 2000, 693.0, 620.0
[READ], 2100, 779.7460317460317, 630.0
[READ], 2200, 1171.3555555555556, 450.0
[READ], 2300, 649.1509433962265, 530.0
[READ], 2400, 661.6060606060606, 660.0
[READ], 2500, 745.4909090909091, 550.0
[READ], 2600, 730.8571428571429, 560.0
[READ], 2700, 715.2363636363636, 550.0
[READ], 2800, 718.1764705882352, 680.0
[READ], 2900, 605.8088235294117, 680.0
[READ], 3000, 635.7428571428571, 700.0
[READ], 3100, 598.4264705882352, 680.0
[READ], 3200, 657.6388888888889, 720.0
[READ], 3300, 652.5384615384615, 650.0
[READ], 3400, 637.943661971831, 710.0
[READ], 3500, 636.5833333333334, 600.0
[READ], 3600, 659.2898550724638, 690.0
[READ], 3700, 728.2575757575758, 660.0
[READ], 3800, 611.9857142857143, 700.0
[READ], 3900, 611.0972222222222, 720.0
[READ], 4000, 657.9824561403509, 570.0
[READ], 4100, 609.1842105263158, 760.0
[READ], 4200, 596.758064516129, 620.0
[READ], 4300, 576.072463768116, 690.0
[READ], 4400, 1119.8620689655172, 580.0
[READ], 4500, 714.171875, 640.0
[READ], 4600, 612.0833333333334, 840.0
[READ], 4700, 646.3, 700.0
[READ], 4800, 585.6860465116279, 860.0
[READ], 4900, 924.4745762711865, 590.0
[READ], 5000, 780.843137254902, 510.0
[READ], 5100, 727.0147058823529, 680.0
[READ], 5200, 674.8472222222222, 720.0
[READ], 5300, 544.072463768116, 690.0
[READ], 5400, 587.4642857142857, 840.0
[READ], 5500, 564.968253968254, 630.0
[READ], 5600, 561.6966292134831, 890.0
[READ], 5700, 661.6617647058823, 680.0
[READ], 5800, 595.2533333333333, 750.0
[READ], 5900, 556.96, 750.0
[READ], 6000, 547.9555555555555, 900.0
[READ], 6100, 591.3636363636364, 770.0
[READ], 6200, 534.609375, 640.0
[READ], 6300, 570.7236842105264, 760.0
[READ], 6400, 554.8658536585366, 820.0
[READ], 6500, 571.987012987013, 770.0
[READ], 6600, 568.2931034482758, 580.0
[READ], 6700, 579.875, 800.0
[READ], 6800, 565.625, 800.0
[READ], 6900, 561.4647887323944, 710.0
[READ], 7000, 633.1538461538462, 650.0
[READ], 7100, 551.2820512820513, 780.0
[READ], 7200, 534.0, 910.0
[READ], 7300, 583.2820512820513, 780.0
[READ], 7400, 583.8666666666667, 750.0
[READ], 7500, 551.6785714285714, 840.0
[READ], 7600, 550.9230769230769, 780.0
[READ], 7700, 546.1282051282051, 780.0
[READ], 7800, 592.231884057971, 690.0
[READ], 7900, 850.0666666666667, 600.0
[READ], 8000, 566.9285714285714, 700.0
[READ], 8100, 555.2894736842105, 760.0
[READ], 8200, 571.5588235294117, 680.0
[READ], 8300, 545.3205128205128, 780.0
[READ], 8400, 544.3913043478261, 690.0
[READ], 8500, 518.9285714285714, 700.0
[READ], 8600, 556.6463414634146, 820.0
[READ], 8700, 498.8131868131868, 910.0
[READ], 8800, 503.3466666666667, 750.0
[READ], 8900, 542.4084507042254, 710.0
[READ], 9000, 495.6777777777778, 900.0
[READ], 9100, 509.9746835443038, 790.0
[READ], 9200, 503.421686746988, 830.0
[READ], 9300, 500.1, 800.0
[READ], 9400, 497.1868131868132, 910.0
[READ], 9500, 513.4597701149426, 870.0
[READ], 9600, 524.5128205128206, 780.0
[READ], 9700, 544.5925925925926, 810.0
[READ], 9800, 511.24050632911394, 790.0
[READ], 9900, 519.469696969697, 660.0
[READ], 10000, 607.0394736842105, 760.0
[READ], 10100, 612.0277777777778, 720.0
[READ], 10200, 550.6933333333334, 750.0
[READ], 10300, 582.8630136986301, 730.0
[READ], 10400, 573.44, 750.0
[READ], 10500, 583.277108433735, 830.0
[READ], 10600, 527.4, 900.0
[READ], 10700, 558.8019801980198, 1010.0
[READ], 10800, 544.7840909090909, 880.0
[READ], 10900, 556.7215189873418, 790.0
[READ], 11000, 523.1621621621622, 740.0
[READ], 11100, 527.9342105263158, 760.0
[READ], 11200, 497.8101265822785, 790.0
[READ], 11300, 560.9397590361446, 830.0
[READ], 11400, 507.5394736842105, 760.0
[READ], 11500, 516.7362637362637, 910.0
[READ], 11600, 515.6413043478261, 920.0
[READ], 11700, 509.8493150684931, 730.0
[READ], 11800, 471.0875, 800.0
[READ], 11900, 539.3882352941176, 850.0
[READ], 12000, 513.0704225352113, 710.0
[READ], 12100, 506.68055555555554, 720.0
[READ], 12200, 489.85714285714283, 770.0
[READ], 12300, 497.71084337349396, 830.0
[READ], 12400, 490.03225806451616, 930.0
[READ], 12500, 512.6162790697674, 860.0
[READ], 12600, 485.48837209302326, 860.0
[READ], 12700, 488.1111111111111, 990.0
[READ], 12800, 512.8414634146342, 820.0
[READ], 12900, 573.025641025641, 780.0
[READ], 13000, 589.1168831168832, 770.0
[READ], 13100, 499.72093023255815, 860.0
[READ], 13200, 502.0243902439024, 820.0
[READ], 13300, 503.5135135135135, 740.0
[READ], 13400, 489.5, 900.0
[READ], 13500, 505.0681818181818, 880.0
[READ], 13600, 525.8275862068965, 870.0
[READ], 13700, 710.7402597402597, 770.0
[READ], 13800, 494.30263157894734, 760.0
[READ], 13900, 511.24418604651163, 860.0
[READ], 14000, 521.6024096385543, 830.0
[READ], 14100, 512.9634146341464, 820.0
[READ], 14200, 544.5888888888888, 900.0
[READ], 14300, 525.3372093023256, 860.0
[READ], 14400, 522.5, 900.0
[READ], 14500, 755.7014925373135, 670.0
[READ], 14600, 461.42, 1000.0
[READ], 14700, 486.55172413793105, 870.0
[READ], 14800, 542.560975609756, 820.0
[READ], 14900, 557.53125, 640.0
[READ], 15000, 535.0930232558139, 860.0
[READ], 15100, 510.56470588235294, 850.0
[READ], 15200, 474.27710843373495, 830.0
[READ], 15300, 510.2261904761905, 840.0
[READ], 15400, 493.17525773195877, 970.0
[READ], 15500, 508.32954545454544, 880.0
[READ], 15600, 558.4, 750.0
[READ], 15700, 555.9125, 800.0
[READ], 15800, 513.9156626506024, 830.0
[READ], 15900, 530.8461538461538, 780.0
[READ], 16000, 531.6781609195402, 870.0
[READ], 16100, 521.0975609756098, 820.0
[READ], 16200, 507.16279069767444, 860.0
[READ], 16300, 498.8433734939759, 830.0
[READ], 16400, 505.4605263157895, 760.0
[READ], 16500, 452.39784946236557, 930.0
[READ], 16600, 484.9381443298969, 970.0
[READ], 16700, 456.0357142857143, 840.0
[READ], 16800, 464.43617021276594, 940.0
[READ], 16900, 478.3404255319149, 940.0
[READ], 17000, 452.9340659340659, 910.0
[READ], 17100, 459.0681818181818, 880.0
[READ], 17200, 470.51162790697674, 860.0
[READ], 17300, 446.14814814814815, 1080.0
[READ], 17400, 453.9381443298969, 970.0
[READ], 17500, 445.8965517241379, 870.0
[READ], 17600, 454.27, 1000.0
[READ], 17700, 453.4148936170213, 940.0
[READ], 17800, 458.6547619047619, 840.0
[READ], 17900, 453.30434782608694, 920.0
[READ], 18000, 446.3777777777778, 900.0
[READ], 18100, 451.36559139784947, 930.0
[READ], 18200, 447.4782608695652, 920.0
[READ], 18300, 459.013698630137, 730.0
[READ], 18400, 458.24675324675326, 770.0
[READ], 18500, 476.525, 800.0
[READ], 18600, 452.9873417721519, 790.0
[READ], 18700, 457.0190476190476, 1050.0
[READ], 18800, 455.621359223301, 1030.0
[READ], 18900, 472.30526315789473, 950.0
[READ], 19000, 443.04651162790697, 860.0
[READ], 19100, 447.89247311827955, 930.0
[READ], 19200, 448.8641975308642, 810.0
[READ], 19300, 447.8, 950.0
[READ], 19400, 452.7471264367816, 870.0
[READ], 19500, 474.03225806451616, 930.0
[READ], 19600, 485.0769230769231, 910.0
[READ], 19700, 472.55555555555554, 810.0
[READ], 19800, 608.3582089552239, 670.0
[READ], 19900, 515.4761904761905, 840.0
[READ], 20000, 627.5833333333334, 840.0
[READ], 20100, 477.67619047619047, 1050.0
[READ], 20200, 578.0410958904109, 730.0
[READ], 20300, 508.1063829787234, 940.0
[READ], 20400, 526.156626506024, 830.0
[READ], 20500, 455.71276595744683, 940.0
[READ], 20600, 502.0875, 800.0
[READ], 20700, 500.6145833333333, 960.0
[READ], 20800, 495.505376344086, 930.0
[READ], 20900, 520.2954545454545, 880.0
[READ], 21000, 486.75342465753425, 730.0
[READ], 21100, 516.1860465116279, 860.0
[READ], 21200, 490.3225806451613, 930.0
[READ], 21300, 469.1684210526316, 950.0
[READ], 21400, 471.70588235294116, 850.0
[READ], 21500, 480.1358024691358, 810.0
[READ], 21600, 465.1666666666667, 840.0
[READ], 21700, 445.3229166666667, 960.0
[READ], 21800, 454.52272727272725, 880.0
[READ], 21900, 459.1818181818182, 880.0
[READ], 22000, 470.95402298850576, 870.0
[READ], 22100, 467.36986301369865, 730.0
[READ], 22200, 448.30434782608694, 920.0
[READ], 22300, 454.17241379310343, 870.0
[READ], 22400, 439.8936170212766, 940.0
[READ], 22500, 445.05102040816325, 980.0
[READ], 22600, 448.5729166666667, 960.0
[READ], 22700, 445.7, 800.0
[READ], 22800, 450.85263157894735, 950.0
[READ], 22900, 475.949494949495, 990.0
[READ], 23000, 448.2767857142857, 1120.0
[READ], 23100, 497.2926829268293, 820.0
[READ], 23200, 442.2142857142857, 980.0
[READ], 23300, 469.7, 1000.0
[READ], 23400, 441.2897196261682, 1070.0
[READ], 23500, 443.25688073394497, 1090.0
[READ], 23600, 446.5111111111111, 900.0
[READ], 23700, 439.29411764705884, 850.0
[READ], 23800, 449.4175824175824, 910.0
[READ], 23900, 461.0111111111111, 900.0
[READ], 24000, 446.15625, 960.0
[READ], 24100, 449.531914893617, 940.0
[READ], 24200, 445.0537634408602, 930.0
[READ], 24300, 472.3058823529412, 850.0
[READ], 24400, 446.3, 900.0
[READ], 24500, 449.2549019607843, 1020.0
[READ], 24600, 543.6533333333333, 750.0
[READ], 24700, 441.1521739130435, 920.0
[READ], 24800, 454.3809523809524, 840.0
[READ], 24900, 471.2, 850.0
[READ], 25000, 440.9418604651163, 860.0
[READ], 25100, 445.5263157894737, 760.0
[READ], 25200, 450.5531914893617, 940.0
[READ], 25300, 442.13978494623655, 930.0
[READ], 25400, 454.2391304347826, 920.0
[READ], 25500, 445.0618556701031, 970.0
[READ], 25600, 445.30357142857144, 1120.0
[READ], 25700, 456.54430379746833, 790.0
[READ], 25800, 484.0, 840.0
[READ], 25900, 441.1145833333333, 960.0
[READ], 26000, 454.44086021505376, 930.0
[READ], 26100, 443.8715596330275, 1090.0
[READ], 26200, 442.0618556701031, 970.0
[READ], 26300, 449.57575757575756, 990.0
[READ], 26400, 446.78723404255317, 940.0
[READ], 26500, 451.9318181818182, 880.0
[READ], 26600, 450.36470588235295, 850.0
[READ], 26700, 444.1443298969072, 970.0
[READ], 26800, 457.2395833333333, 960.0
[READ], 26900, 520.6593406593406, 910.0
[READ], 27000, 460.37113402061857, 970.0
[READ], 27100, 455.96629213483146, 890.0
[READ], 27200, 456.36538461538464, 1040.0
[READ], 27300, 481.3867924528302, 1060.0
[READ], 27400, 449.29896907216494, 970.0
[READ], 27500, 448.6111111111111, 900.0
[READ], 27600, 458.6914893617021, 940.0
[READ], 27700, 435.32954545454544, 880.0
[READ], 27800, 439.16, 1000.0
[READ], 27900, 437.89622641509436, 1060.0
[READ], 28000, 450.9468085106383, 940.0
[READ], 28100, 445.52127659574467, 940.0
[READ], 28200, 458.8095238095238, 840.0
[READ], 28300, 449.6125, 800.0
[READ], 28400, 445.7090909090909, 1100.0
[READ], 28500, 446.22727272727275, 880.0
[READ], 28600, 446.45348837209303, 860.0
[READ], 28700, 459.3488372093023, 860.0
[READ], 28800, 448.21176470588233, 850.0
[READ], 28900, 443.90697674418607, 860.0
[READ], 29000, 436.58252427184465, 1030.0
[READ], 29100, 445.6111111111111, 900.0
[READ], 29200, 442.42424242424244, 990.0
[READ], 29300, 450.0888888888889, 900.0
[READ], 29400, 457.25, 1000.0
[READ], 29500, 464.06315789473683, 950.0
[READ], 29600, 480.09411764705885, 850.0
[READ], 29700, 517.9487179487179, 780.0
[READ], 29800, 527.5777777777778, 900.0
 30 sec: 48634 operations; 1841.5 current ops/sec; [UPDATE AverageLatency(us)=615.99] [READ AverageLatency(us)=460.08] 
 32 sec: 52134 operations; 1750 current ops/sec; [UPDATE AverageLatency(us)=643.6] [READ AverageLatency(us)=491.62] 
 34 sec: 55614 operations; 1739.13 current ops/sec; [UPDATE AverageLatency(us)=651.37] [READ AverageLatency(us)=490.92] 
 36 sec: 59152 operations; 1769 current ops/sec; [UPDATE AverageLatency(us)=640.39] [READ AverageLatency(us)=479.07] 
 38 sec: 62863 operations; 1855.5 current ops/sec; [UPDATE AverageLatency(us)=611.71] [READ AverageLatency(us)=457.3] 
 40 sec: 66559 operations; 1847.08 current ops/sec; [UPDATE AverageLatency(us)=613.6] [READ AverageLatency(us)=462.23] 
 42 sec: 70075 operations; 1758 current ops/sec; [UPDATE AverageLatency(us)=636.06] [READ AverageLatency(us)=493.15] 
 44 sec: 73843 operations; 1883.06 current ops/sec; [UPDATE AverageLatency(us)=597.78] [READ AverageLatency(us)=457] 
 46 sec: 77641 operations; 1899 current ops/sec; [UPDATE AverageLatency(us)=597.19] [READ AverageLatency(us)=447.67] 
 48 sec: 81420 operations; 1889.5 current ops/sec; [UPDATE AverageLatency(us)=600.78] [READ AverageLatency(us)=449.27] 
 50 sec: 84929 operations; 1753.62 current ops/sec; [UPDATE AverageLatency(us)=649.91] [READ AverageLatency(us)=485.39] 
 52 sec: 88305 operations; 1688 current ops/sec; [UPDATE AverageLatency(us)=676.44] [READ AverageLatency(us)=502.89] 
 54 sec: 91882 operations; 1788.5 current ops/sec; [UPDATE AverageLatency(us)=626.43] [READ AverageLatency(us)=479.79] 
 56 sec: 95480 operations; 1798.1 current ops/sec; [UPDATE AverageLatency(us)=625.09] [READ AverageLatency(us)=478.9] 
 58 sec: 99207 operations; 1863.5 current ops/sec; [UPDATE AverageLatency(us)=609.91] [READ AverageLatency(us)=455.97] 
 60 sec: 102792 operations; 1851.76 current ops/sec; [UPDATE AverageLatency(us)=612.65] [READ AverageLatency(us)=459.36] [CLEANUP AverageLatency(us)=953] 
[UPDATE], 29900, 746.5324675324675, 770.0
[UPDATE], 30000, 623.7473684210527, 950.0
[UPDATE], 30100, 679.6265060240963, 830.0
[UPDATE], 30200, 680.9756097560976, 820.0
[UPDATE], 30300, 702.7590361445783, 830.0
[UPDATE], 30400, 619.7469879518072, 830.0
[UPDATE], 30500, 631.6, 900.0
[UPDATE], 30600, 643.0843373493976, 830.0
[UPDATE], 30700, 631.9090909090909, 880.0
[UPDATE], 30800, 685.4835164835165, 910.0
[UPDATE], 30900, 682.8131868131868, 910.0
[UPDATE], 31000, 638.7448979591836, 980.0
[UPDATE], 31100, 680.24, 750.0
[UPDATE], 31200, 689.7307692307693, 780.0
[UPDATE], 31300, 649.1511627906976, 860.0
[UPDATE], 31400, 632.123595505618, 890.0
[UPDATE], 31500, 609.4158415841584, 1010.0
[UPDATE], 31600, 603.7472527472528, 910.0
[UPDATE], 31700, 607.8191489361702, 940.0
[UPDATE], 31800, 591.2527472527472, 910.0
[UPDATE], 31900, 641.7222222222222, 900.0
[UPDATE], 32000, 590.6923076923077, 910.0
[UPDATE], 32100, 603.3763440860215, 930.0
[UPDATE], 32200, 619.6413043478261, 920.0
[UPDATE], 32300, 602.1368421052632, 950.0
[UPDATE], 32400, 610.2021276595744, 940.0
[UPDATE], 32500, 593.3423423423424, 1110.0
[UPDATE], 32600, 632.1744186046511, 860.0
[UPDATE], 32700, 641.0121951219512, 820.0
[UPDATE], 32800, 614.4137931034483, 870.0
[UPDATE], 32900, 597.7931034482758, 870.0
[UPDATE], 33000, 1144.3461538461538, 520.0
[UPDATE], 33100, 742.5445544554456, 1010.0
[UPDATE], 33200, 620.6590909090909, 880.0
[UPDATE], 33300, 627.5760869565217, 920.0
[UPDATE], 33400, 713.8571428571429, 840.0
[UPDATE], 33500, 650.054794520548, 730.0
[UPDATE], 33600, 673.2758620689655, 870.0
[UPDATE], 33700, 630.6551724137931, 870.0
[UPDATE], 33800, 665.2222222222222, 810.0
[UPDATE], 33900, 634.4367816091954, 870.0
[UPDATE], 34000, 672.7529411764706, 850.0
[UPDATE], 34100, 636.9139784946236, 930.0
[UPDATE], 34200, 678.702380952381, 840.0
[UPDATE], 34300, 629.1789473684211, 950.0
[UPDATE], 34400, 611.1368421052632, 950.0
[UPDATE], 34500, 588.44, 1000.0
[UPDATE], 34600, 596.4193548387096, 930.0
[UPDATE], 34700, 585.9148936170212, 940.0
[UPDATE], 34800, 632.9166666666666, 960.0
[UPDATE], 34900, 854.2405063291139, 790.0
[UPDATE], 35000, 674.1279069767442, 860.0
[UPDATE], 35100, 690.6235294117647, 850.0
[UPDATE], 35200, 656.8709677419355, 930.0
[UPDATE], 35300, 624.1724137931035, 870.0
[UPDATE], 35400, 612.752688172043, 930.0
[UPDATE], 35500, 656.25, 880.0
[UPDATE], 35600, 614.8735632183908, 870.0
[UPDATE], 35700, 623.7159090909091, 880.0
[UPDATE], 35800, 624.4660194174758, 1030.0
[UPDATE], 35900, 596.1684210526316, 950.0
[UPDATE], 36000, 593.3298969072165, 970.0
[UPDATE], 36100, 624.5157894736842, 950.0
[UPDATE], 36200, 609.7529411764706, 850.0
[UPDATE], 36300, 599.5168539325842, 890.0
[UPDATE], 36400, 622.6836734693877, 980.0
[UPDATE], 36500, 591.7625, 800.0
[UPDATE], 36600, 614.8252427184466, 1030.0
[UPDATE], 36700, 808.8536585365854, 820.0
[UPDATE], 36800, 613.9514563106796, 1030.0
[UPDATE], 36900, 595.7628865979382, 970.0
[UPDATE], 37000, 591.9903846153846, 1040.0
[UPDATE], 37100, 592.7472527472528, 910.0
[UPDATE], 37200, 603.3333333333334, 960.0
[UPDATE], 37300, 599.0961538461538, 1040.0
[UPDATE], 37400, 589.021052631579, 950.0
[UPDATE], 37500, 609.8131868131868, 910.0
[UPDATE], 37600, 602.2526315789473, 950.0
[UPDATE], 37700, 597.0967741935484, 930.0
[UPDATE], 37800, 600.4945054945055, 910.0
[UPDATE], 37900, 593.3838383838383, 990.0
[UPDATE], 38000, 600.0975609756098, 820.0
[UPDATE], 38100, 596.1923076923077, 1040.0
[UPDATE], 38200, 586.6767676767677, 990.0
[UPDATE], 38300, 593.2407407407408, 1080.0
[UPDATE], 38400, 602.5102040816327, 980.0
[UPDATE], 38500, 585.1170212765958, 940.0
[UPDATE], 38600, 610.9560439560439, 910.0
[UPDATE], 38700, 604.5106382978723, 940.0
[UPDATE], 38800, 587.9052631578948, 950.0
[UPDATE], 38900, 599.9677419354839, 930.0
[UPDATE], 39000, 595.4653465346535, 1010.0
[UPDATE], 39100, 612.7864077669902, 1030.0
[UPDATE], 39200, 617.9108910891089, 1010.0
[UPDATE], 39300, 615.8111111111111, 900.0
[UPDATE], 39400, 603.3736263736264, 910.0
[UPDATE], 39500, 602.6896551724138, 870.0
[UPDATE], 39600, 659.4054054054054, 740.0
[UPDATE], 39700, 660.4318181818181, 880.0
[UPDATE], 39800, 665.987012987013, 770.0
[UPDATE], 39900, 738.2173913043479, 690.0
[UPDATE], 40000, 747.8072289156627, 830.0
[UPDATE], 40100, 699.4146341463414, 820.0
[UPDATE], 40200, 656.0212765957447, 940.0
[UPDATE], 40300, 706.7037037037037, 810.0
[UPDATE], 40400, 632.9146341463414, 820.0
[UPDATE], 40500, 638.4683544303797, 790.0
[UPDATE], 40600, 641.6224489795918, 980.0
[UPDATE], 40700, 634.438202247191, 890.0
[UPDATE], 40800, 658.641975308642, 810.0
[UPDATE], 40900, 654.566265060241, 830.0
[UPDATE], 41000, 692.1882352941177, 850.0
[UPDATE], 41100, 668.8313253012049, 830.0
[UPDATE], 41200, 595.5463917525773, 970.0
[UPDATE], 41300, 593.1739130434783, 920.0
[UPDATE], 41400, 592.1960784313726, 1020.0
[UPDATE], 41500, 570.3586956521739, 920.0
[UPDATE], 41600, 604.9888888888889, 900.0
[UPDATE], 41700, 598.6530612244898, 980.0
[UPDATE], 41800, 589.2783505154639, 970.0
[UPDATE], 41900, 592.12, 1000.0
[UPDATE], 42000, 591.9807692307693, 1040.0
[UPDATE], 42100, 598.1030927835052, 970.0
[UPDATE], 42200, 591.0631578947368, 950.0
[UPDATE], 42300, 590.1287128712871, 1010.0
[UPDATE], 42400, 588.4533333333334, 750.0
[UPDATE], 42500, 585.5544554455446, 1010.0
[UPDATE], 42600, 595.7865168539325, 890.0
[UPDATE], 42700, 617.4444444444445, 900.0
[UPDATE], 42800, 599.7547169811321, 1060.0
[UPDATE], 42900, 595.8076923076923, 1040.0
[UPDATE], 43000, 646.3703703703703, 810.0
[UPDATE], 43100, 608.4252873563219, 870.0
[UPDATE], 43200, 583.59, 1000.0
[UPDATE], 43300, 611.5172413793103, 870.0
[UPDATE], 43400, 589.8, 800.0
[UPDATE], 43500, 597.3173076923077, 1040.0
[UPDATE], 43600, 593.4387755102041, 980.0
[UPDATE], 43700, 576.7303370786517, 890.0
[UPDATE], 43800, 608.6185567010309, 970.0
[UPDATE], 43900, 595.4705882352941, 1020.0
[UPDATE], 44000, 571.7954545454545, 880.0
[UPDATE], 44100, 613.6404494382023, 890.0
[UPDATE], 44200, 601.7586206896551, 870.0
[UPDATE], 44300, 603.0574712643678, 870.0
[UPDATE], 44400, 599.2772277227723, 1010.0
[UPDATE], 44500, 602.9902912621359, 1030.0
[UPDATE], 44600, 595.6666666666666, 900.0
[UPDATE], 44700, 592.8421052631579, 950.0
[UPDATE], 44800, 598.7373737373738, 990.0
[UPDATE], 44900, 584.757281553398, 1030.0
[UPDATE], 45000, 622.6206896551724, 870.0
[UPDATE], 45100, 612.8958333333334, 960.0
[UPDATE], 45200, 586.2970297029703, 1010.0
[UPDATE], 45300, 583.6330275229358, 1090.0
[UPDATE], 45400, 594.02, 1000.0
[UPDATE], 45500, 591.78125, 960.0
[UPDATE], 45600, 583.25, 880.0
[UPDATE], 45700, 597.9038461538462, 1040.0
[UPDATE], 45800, 613.24, 1000.0
[UPDATE], 45900, 599.4123711340206, 970.0
[UPDATE], 46000, 589.1290322580645, 930.0
[UPDATE], 46100, 591.5454545454545, 990.0
[UPDATE], 46200, 595.3085106382979, 940.0
[UPDATE], 46300, 597.1086956521739, 920.0
[UPDATE], 46400, 603.3958333333334, 960.0
[UPDATE], 46500, 605.4479166666666, 960.0
[UPDATE], 46600, 594.4270833333334, 960.0
[UPDATE], 46700, 599.7452830188679, 1060.0
[UPDATE], 46800, 606.4725274725274, 910.0
[UPDATE], 46900, 594.436170212766, 940.0
[UPDATE], 47000, 635.66, 1000.0
[UPDATE], 47100, 610.939393939394, 990.0
[UPDATE], 47200, 607.7956989247311, 930.0
[UPDATE], 47300, 595.0714285714286, 980.0
[UPDATE], 47400, 593.4555555555555, 900.0
[UPDATE], 47500, 597.4367816091954, 870.0
[UPDATE], 47600, 592.8080808080808, 990.0
[UPDATE], 47700, 603.9545454545455, 1100.0
[UPDATE], 47800, 616.4842105263158, 950.0
[UPDATE], 47900, 577.4845360824743, 970.0
[UPDATE], 48000, 593.4646464646464, 990.0
[UPDATE], 48100, 597.4777777777778, 900.0
[UPDATE], 48200, 664.978021978022, 910.0
[UPDATE], 48300, 586.1176470588235, 850.0
[UPDATE], 48400, 613.483870967742, 930.0
[UPDATE], 48500, 614.7978723404256, 940.0
[UPDATE], 48600, 614.531914893617, 940.0
[UPDATE], 48700, 615.7882352941176, 850.0
[UPDATE], 48800, 604.8888888888889, 990.0
[UPDATE], 48900, 594.89, 1000.0
[UPDATE], 49000, 635.4268292682926, 820.0
[UPDATE], 49100, 591.0117647058823, 850.0
[UPDATE], 49200, 781.6304347826087, 920.0
[UPDATE], 49300, 602.531914893617, 940.0
[UPDATE], 49400, 707.025974025974, 770.0
[UPDATE], 49500, 952.5873015873016, 630.0
[UPDATE], 49600, 669.6875, 800.0
[UPDATE], 49700, 635.918918918919, 740.0
[UPDATE], 49800, 740.7179487179487, 780.0
[UPDATE], 49900, 777.0675675675676, 740.0
[UPDATE], 50000, 649.2127659574468, 940.0
[UPDATE], 50100, 648.6413043478261, 920.0
[UPDATE], 50200, 625.2625, 800.0
[UPDATE], 50300, 660.8170731707318, 820.0
[UPDATE], 50400, 750.6506024096385, 830.0
[UPDATE], 50500, 724.2926829268292, 820.0
[UPDATE], 50600, 722.59375, 640.0
[UPDATE], 50700, 726.0365853658536, 820.0
[UPDATE], 50800, 747.1219512195122, 820.0
[UPDATE], 50900, 763.6142857142858, 700.0
[UPDATE], 51000, 703.452380952381, 840.0
[UPDATE], 51100, 689.5443037974684, 790.0
[UPDATE], 51200, 619.3373493975904, 830.0
[UPDATE], 51300, 654.952380952381, 840.0
[UPDATE], 51400, 655.5232558139535, 860.0
[UPDATE], 51500, 653.445652173913, 920.0
[UPDATE], 51600, 632.829268292683, 820.0
[UPDATE], 51700, 622.2043010752689, 930.0
[UPDATE], 51800, 656.3956043956044, 910.0
[UPDATE], 51900, 647.4302325581396, 860.0
[UPDATE], 52000, 615.2916666666666, 960.0
[UPDATE], 52100, 629.78, 1000.0
[UPDATE], 52200, 644.5393258426966, 890.0
[UPDATE], 52300, 636.435294117647, 850.0
[UPDATE], 52400, 625.5, 860.0
[UPDATE], 52500, 631.5217391304348, 920.0
[UPDATE], 52600, 632.6923076923077, 910.0
[UPDATE], 52700, 621.5670103092783, 970.0
[UPDATE], 52800, 631.1279069767442, 860.0
[UPDATE], 52900, 620.1888888888889, 900.0
[UPDATE], 53000, 607.7821782178218, 1010.0
[UPDATE], 53100, 623.0204081632653, 980.0
[UPDATE], 53200, 609.3404255319149, 940.0
[UPDATE], 53300, 610.5714285714286, 910.0
[UPDATE], 53400, 612.75, 880.0
[UPDATE], 53500, 637.635294117647, 850.0
[UPDATE], 53600, 617.5445544554456, 1010.0
[UPDATE], 53700, 645.8297872340426, 940.0
[UPDATE], 53800, 642.5263157894736, 950.0
[UPDATE], 53900, 634.6666666666666, 900.0
[UPDATE], 54000, 634.5681818181819, 880.0
[UPDATE], 54100, 635.564705882353, 850.0
[UPDATE], 54200, 617.936170212766, 940.0
[UPDATE], 54300, 630.710843373494, 830.0
[UPDATE], 54400, 623.7204301075269, 930.0
[UPDATE], 54500, 616.8, 850.0
[UPDATE], 54600, 627.2978723404256, 940.0
[UPDATE], 54700, 627.6263736263736, 910.0
[UPDATE], 54800, 630.7142857142857, 910.0
[UPDATE], 54900, 639.4597701149426, 870.0
[UPDATE], 55000, 635.4166666666666, 960.0
[UPDATE], 55100, 607.722891566265, 830.0
[UPDATE], 55200, 610.1914893617021, 940.0
[UPDATE], 55300, 615.9775280898876, 890.0
[UPDATE], 55400, 617.4444444444445, 990.0
[UPDATE], 55500, 621.4854368932039, 1030.0
[UPDATE], 55600, 633.1, 900.0
[UPDATE], 55700, 629.8453608247422, 970.0
[UPDATE], 55800, 642.9186046511628, 860.0
[UPDATE], 55900, 585.26, 1000.0
[UPDATE], 56000, 583.5940594059406, 1010.0
[UPDATE], 56100, 594.6631578947369, 950.0
[UPDATE], 56200, 608.8152173913044, 920.0
[UPDATE], 56300, 599.0114942528736, 870.0
[UPDATE], 56400, 606.8181818181819, 880.0
[UPDATE], 56500, 591.4845360824743, 970.0
[UPDATE], 56600, 599.8076923076923, 1040.0
[UPDATE], 56700, 589.3030303030303, 990.0
[UPDATE], 56800, 603.9270833333334, 960.0
[UPDATE], 56900, 609.9537037037037, 1080.0
[UPDATE], 57000, 607.2527472527472, 910.0
[UPDATE], 57100, 597.2608695652174, 920.0
[UPDATE], 57200, 628.7065217391304, 920.0
[UPDATE], 57300, 649.8085106382979, 940.0
[UPDATE], 57400, 612.4111111111112, 900.0
[UPDATE], 57500, 614.26, 1000.0
[UPDATE], 57600, 631.471264367816, 870.0
[UPDATE], 57700, 629.0224719101124, 890.0
[UPDATE], 57800, 622.358024691358, 810.0
[UPDATE], 57900, 630.0769230769231, 910.0
[UPDATE], 58000, 624.3684210526316, 950.0
[UPDATE], 58100, 626.1444444444444, 900.0
[UPDATE], 58200, 660.2682926829268, 820.0
[UPDATE], 58300, 591.0526315789474, 950.0
[UPDATE], 58400, 630.4891304347826, 920.0
[UPDATE], 58500, 601.2736842105263, 950.0
[UPDATE], 58600, 599.0111111111111, 900.0
[UPDATE], 58700, 570.1875, 960.0
[UPDATE], 58800, 619.531914893617, 940.0
[UPDATE], 58900, 595.5434782608696, 920.0
[UPDATE], 59000, 595.3020833333334, 960.0
[UPDATE], 59100, 604.2417582417582, 910.0
[UPDATE], 59200, 624.4646464646464, 990.0
[UPDATE], 59300, 614.0344827586207, 870.0
[UPDATE], 59400, 632.0555555555555, 900.0
[UPDATE], 59500, 585.79, 1000.0
[UPDATE], 59600, 628.2783505154639, 970.0
[UPDATE], 59700, 631.156862745098, 1020.0
[UPDATE], 59800, 616.3956043956044, 910.0
[READ], 29900, 543.1923076923077, 780.0
[READ], 30000, 483.04, 750.0
[READ], 30100, 553.5119047619048, 840.0
[READ], 30200, 488.9655172413793, 870.0
[READ], 30300, 480.6162790697674, 860.0
[READ], 30400, 494.97938144329896, 970.0
[READ], 30500, 493.94505494505495, 910.0
[READ], 30600, 533.0125, 800.0
[READ], 30700, 569.2236842105264, 760.0
[READ], 30800, 479.02597402597405, 770.0
[READ], 30900, 499.253164556962, 790.0
[READ], 31000, 468.44444444444446, 810.0
[READ], 31100, 598.7380952380952, 840.0
[READ], 31200, 466.7473684210526, 950.0
[READ], 31300, 474.2325581395349, 860.0
[READ], 31400, 522.6279069767442, 860.0
[READ], 31500, 445.0568181818182, 880.0
[READ], 31600, 443.85714285714283, 910.0
[READ], 31700, 444.42857142857144, 1050.0
[READ], 31800, 451.5052631578947, 950.0
[READ], 31900, 478.8181818181818, 880.0
[READ], 32000, 447.22115384615387, 1040.0
[READ], 32100, 448.5773195876289, 970.0
[READ], 32200, 459.3225806451613, 930.0
[READ], 32300, 475.9318181818182, 880.0
[READ], 32400, 498.5, 780.0
[READ], 32500, 464.425, 800.0
[READ], 32600, 508.4942528735632, 870.0
[READ], 32700, 482.13978494623655, 930.0
[READ], 32800, 521.3953488372093, 860.0
[READ], 32900, 458.20588235294116, 1020.0
[READ], 33000, 515.1311475409836, 610.0
[READ], 33100, 483.972602739726, 730.0
[READ], 33200, 506.3296703296703, 910.0
[READ], 33300, 480.70588235294116, 850.0
[READ], 33400, 530.6, 750.0
[READ], 33500, 478.85585585585585, 1110.0
[READ], 33600, 530.2465753424658, 730.0
[READ], 33700, 489.5851063829787, 940.0
[READ], 33800, 565.8024691358024, 810.0
[READ], 33900, 501.4761904761905, 840.0
[READ], 34000, 552.3589743589744, 780.0
[READ], 34100, 466.2022471910112, 890.0
[READ], 34200, 507.9873417721519, 790.0
[READ], 34300, 462.4712643678161, 870.0
[READ], 34400, 464.72222222222223, 900.0
[READ], 34500, 473.5813953488372, 860.0
[READ], 34600, 459.51612903225805, 930.0
[READ], 34700, 440.4949494949495, 990.0
[READ], 34800, 452.8101265822785, 790.0
[READ], 34900, 478.9342105263158, 760.0
[READ], 35000, 482.2247191011236, 890.0
[READ], 35100, 472.8222222222222, 900.0
[READ], 35200, 485.056338028169, 710.0
[READ], 35300, 473.659793814433, 970.0
[READ], 35400, 469.96774193548384, 930.0
[READ], 35500, 487.7906976744186, 860.0
[READ], 35600, 460.0652173913044, 920.0
[READ], 35700, 536.7558139534884, 860.0
[READ], 35800, 504.79411764705884, 680.0
[READ], 35900, 464.3956043956044, 910.0
[READ], 36000, 472.9111111111111, 900.0
[READ], 36100, 464.2584269662921, 890.0
[READ], 36200, 476.8333333333333, 1020.0
[READ], 36300, 467.4623655913978, 930.0
[READ], 36400, 459.02247191011236, 890.0
[READ], 36500, 461.4403669724771, 1090.0
[READ], 36600, 459.2191780821918, 730.0
[READ], 36700, 514.9852941176471, 680.0
[READ], 36800, 460.44, 750.0
[READ], 36900, 444.1770833333333, 960.0
[READ], 37000, 448.6363636363636, 880.0
[READ], 37100, 451.5104166666667, 960.0
[READ], 37200, 457.84444444444443, 900.0
[READ], 37300, 455.52272727272725, 880.0
[READ], 37400, 442.4343434343434, 990.0
[READ], 37500, 454.1489361702128, 940.0
[READ], 37600, 452.1458333333333, 960.0
[READ], 37700, 434.0769230769231, 1040.0
[READ], 37800, 443.58947368421053, 950.0
[READ], 37900, 442.5858585858586, 990.0
[READ], 38000, 448.77450980392155, 1020.0
[READ], 38100, 440.3258426966292, 890.0
[READ], 38200, 447.7701149425287, 870.0
[READ], 38300, 442.609756097561, 820.0
[READ], 38400, 456.6847826086956, 920.0
[READ], 38500, 438.5, 1040.0
[READ], 38600, 457.4318181818182, 880.0
[READ], 38700, 452.1020408163265, 980.0
[READ], 38800, 441.01960784313724, 1020.0
[READ], 38900, 458.4367816091954, 870.0
[READ], 39000, 450.02298850574715, 870.0
[READ], 39100, 457.44871794871796, 780.0
[READ], 39200, 454.2183908045977, 870.0
[READ], 39300, 456.8229166666667, 960.0
[READ], 39400, 453.1212121212121, 990.0
[READ], 39500, 442.97115384615387, 1040.0
[READ], 39600, 495.04, 1000.0
[READ], 39700, 508.13793103448273, 870.0
[READ], 39800, 526.7386363636364, 880.0
[READ], 39900, 621.4320987654321, 810.0
[READ], 40000, 509.64864864864865, 740.0
[READ], 40100, 508.94666666666666, 750.0
[READ], 40200, 570.0833333333334, 720.0
[READ], 40300, 485.2298850574713, 870.0
[READ], 40400, 473.42857142857144, 980.0
[READ], 40500, 481.30392156862746, 1020.0
[READ], 40600, 497.2957746478873, 710.0
[READ], 40700, 502.0705882352941, 850.0
[READ], 40800, 558.5168539325842, 890.0
[READ], 40900, 507.14285714285717, 840.0
[READ], 41000, 641.5873015873016, 630.0
[READ], 41100, 548.6428571428571, 840.0
[READ], 41200, 465.2808988764045, 890.0
[READ], 41300, 448.8279569892473, 930.0
[READ], 41400, 447.20652173913044, 920.0
[READ], 41500, 446.5769230769231, 1040.0
[READ], 41600, 452.3131313131313, 990.0
[READ], 41700, 447.7282608695652, 920.0
[READ], 41800, 441.2680412371134, 970.0
[READ], 41900, 442.04651162790697, 860.0
[READ], 42000, 434.63953488372096, 860.0
[READ], 42100, 452.8404255319149, 940.0
[READ], 42200, 443.5353535353535, 990.0
[READ], 42300, 457.9111111111111, 900.0
[READ], 42400, 577.8811881188119, 1010.0
[READ], 42500, 447.0121951219512, 820.0
[READ], 42600, 447.97058823529414, 1020.0
[READ], 42700, 445.49484536082474, 970.0
[READ], 42800, 456.6296296296296, 810.0
[READ], 42900, 452.9764705882353, 850.0
[READ], 43000, 447.31, 1000.0
[READ], 43100, 456.99038461538464, 1040.0
[READ], 43200, 460.75581395348837, 860.0
[READ], 43300, 459.6666666666667, 1020.0
[READ], 43400, 449.3181818181818, 1100.0
[READ], 43500, 443.3181818181818, 880.0
[READ], 43600, 451.0842105263158, 950.0
[READ], 43700, 442.97169811320754, 1060.0
[READ], 43800, 454.1666666666667, 840.0
[READ], 43900, 447.59139784946234, 930.0
[READ], 44000, 442.8859649122807, 1140.0
[READ], 44100, 453.65625, 960.0
[READ], 44200, 447.4859813084112, 1070.0
[READ], 44300, 446.04, 1000.0
[READ], 44400, 449.28409090909093, 880.0
[READ], 44500, 446.6144578313253, 830.0
[READ], 44600, 439.6078431372549, 1020.0
[READ], 44700, 449.09090909090907, 990.0
[READ], 44800, 449.6, 900.0
[READ], 44900, 445.53932584269666, 890.0
[READ], 45000, 453.3917525773196, 970.0
[READ], 45100, 465.1162790697674, 860.0
[READ], 45200, 452.33720930232556, 860.0
[READ], 45300, 455.9024390243902, 820.0
[READ], 45400, 434.9891304347826, 920.0
[READ], 45500, 438.9207920792079, 1010.0
[READ], 45600, 443.53921568627453, 1020.0
[READ], 45700, 442.1904761904762, 840.0
[READ], 45800, 448.44444444444446, 900.0
[READ], 45900, 453.51807228915663, 830.0
[READ], 46000, 449.3557692307692, 1040.0
[READ], 46100, 444.4468085106383, 940.0
[READ], 46200, 461.2134831460674, 890.0
[READ], 46300, 444.3061224489796, 980.0
[READ], 46400, 452.30927835051546, 970.0
[READ], 46500, 446.3763440860215, 930.0
[READ], 46600, 447.7912087912088, 910.0
[READ], 46700, 451.775, 800.0
[READ], 46800, 443.9047619047619, 1050.0
[READ], 46900, 441.6304347826087, 920.0
[READ], 47000, 451.6923076923077, 780.0
[READ], 47100, 446.0105263157895, 950.0
[READ], 47200, 457.89247311827955, 930.0
[READ], 47300, 452.90909090909093, 880.0
[READ], 47400, 443.22857142857146, 1050.0
[READ], 47500, 444.15686274509807, 1020.0
[READ], 47600, 459.61290322580646, 930.0
[READ], 47700, 454.55555555555554, 720.0
[READ], 47800, 454.02247191011236, 890.0
[READ], 47900, 442.3960396039604, 1010.0
[READ], 48000, 446.1304347826087, 920.0
[READ], 48100, 442.6701030927835, 970.0
[READ], 48200, 446.8735632183908, 870.0
[READ], 48300, 439.90677966101697, 1180.0
[READ], 48400, 469.7011494252874, 870.0
[READ], 48500, 445.340206185567, 970.0
[READ], 48600, 473.59302325581393, 860.0
[READ], 48700, 503.1914893617021, 940.0
[READ], 48800, 461.1764705882353, 850.0
[READ], 48900, 443.1630434782609, 920.0
[READ], 49000, 452.79411764705884, 1020.0
[READ], 49100, 469.61538461538464, 780.0
[READ], 49200, 453.8, 850.0
[READ], 49300, 466.1458333333333, 960.0
[READ], 49400, 597.5131578947369, 760.0
[READ], 49500, 500.2597402597403, 770.0
[READ], 49600, 480.659793814433, 970.0
[READ], 49700, 613.435294117647, 850.0
[READ], 49800, 750.290909090909, 550.0
[READ], 49900, 512.6875, 800.0
[READ], 50000, 475.5125, 800.0
[READ], 50100, 514.9642857142857, 840.0
[READ], 50200, 479.19607843137254, 1020.0
[READ], 50300, 545.873417721519, 790.0
[READ], 50400, 484.2716049382716, 810.0
[READ], 50500, 519.625, 800.0
[READ], 50600, 498.8679245283019, 1060.0
[READ], 50700, 509.8732394366197, 710.0
[READ], 50800, 521.0263157894736, 760.0
[READ], 50900, 541.4827586206897, 870.0
[READ], 51000, 499.5921052631579, 760.0
[READ], 51100, 582.1111111111111, 810.0
[READ], 51200, 530.7391304347826, 920.0
[READ], 51300, 506.5432098765432, 810.0
[READ], 51400, 471.7608695652174, 920.0
[READ], 51500, 504.7037037037037, 810.0
[READ], 51600, 487.3404255319149, 940.0
[READ], 51700, 456.75581395348837, 860.0
[READ], 51800, 479.2391304347826, 920.0
[READ], 51900, 520.3132530120482, 830.0
[READ], 52000, 476.1162790697674, 860.0
[READ], 52100, 479.2266666666667, 750.0
[READ], 52200, 487.4431818181818, 880.0
[READ], 52300, 480.47872340425533, 940.0
[READ], 52400, 499.39080459770116, 870.0
[READ], 52500, 486.35955056179773, 890.0
[READ], 52600, 483.1625, 800.0
[READ], 52700, 466.7111111111111, 900.0
[READ], 52800, 472.3404255319149, 940.0
[READ], 52900, 478.29347826086956, 920.0
[READ], 53000, 463.0, 790.0
[READ], 53100, 467.6623376623377, 770.0
[READ], 53200, 455.88, 1000.0
[READ], 53300, 472.6043956043956, 910.0
[READ], 53400, 493.69565217391306, 920.0
[READ], 53500, 482.2916666666667, 960.0
[READ], 53600, 472.8, 750.0
[READ], 53700, 479.8181818181818, 770.0
[READ], 53800, 471.1573033707865, 890.0
[READ], 53900, 477.36470588235295, 850.0
[READ], 54000, 474.7604166666667, 960.0
[READ], 54100, 483.97777777777776, 900.0
[READ], 54200, 469.4712643678161, 870.0
[READ], 54300, 494.0, 940.0
[READ], 54400, 475.73333333333335, 900.0
[READ], 54500, 471.8020833333333, 960.0
[READ], 54600, 484.578313253012, 830.0
[READ], 54700, 463.44329896907215, 970.0
[READ], 54800, 477.70786516853934, 890.0
[READ], 54900, 487.8658536585366, 820.0
[READ], 55000, 494.19101123595505, 890.0
[READ], 55100, 483.0103092783505, 970.0
[READ], 55200, 483.0348837209302, 860.0
[READ], 55300, 469.1208791208791, 910.0
[READ], 55400, 484.7682926829268, 820.0
[READ], 55500, 475.3424657534247, 730.0
[READ], 55600, 499.75, 840.0
[READ], 55700, 475.45882352941175, 850.0
[READ], 55800, 483.5681818181818, 880.0
[READ], 55900, 446.3440860215054, 930.0
[READ], 56000, 451.42045454545456, 880.0
[READ], 56100, 452.6979166666667, 960.0
[READ], 56200, 450.26262626262627, 990.0
[READ], 56300, 444.94545454545454, 1100.0
[READ], 56400, 452.71276595744683, 940.0
[READ], 56500, 451.5652173913044, 920.0
[READ], 56600, 440.28735632183907, 870.0
[READ], 56700, 435.52272727272725, 880.0
[READ], 56800, 443.1855670103093, 970.0
[READ], 56900, 446.11538461538464, 780.0
[READ], 57000, 442.63917525773195, 970.0
[READ], 57100, 444.6407766990291, 1030.0
[READ], 57200, 479.0952380952381, 840.0
[READ], 57300, 480.56626506024094, 830.0
[READ], 57400, 460.0444444444444, 900.0
[READ], 57500, 467.75581395348837, 860.0
[READ], 57600, 475.77894736842103, 950.0
[READ], 57700, 473.1777777777778, 900.0
[READ], 57800, 467.62, 1000.0
[READ], 57900, 466.0430107526882, 930.0
[READ], 58000, 475.4367816091954, 870.0
[READ], 58100, 459.51020408163265, 980.0
[READ], 58200, 460.1041666666667, 960.0
[READ], 58300, 453.13978494623655, 930.0
[READ], 58400, 462.8988764044944, 890.0
[READ], 58500, 452.08247422680415, 970.0
[READ], 58600, 450.86538461538464, 1040.0
[READ], 58700, 445.6777777777778, 900.0
[READ], 58800, 451.1758241758242, 910.0
[READ], 58900, 440.1078431372549, 1020.0
[READ], 59000, 454.47474747474746, 990.0
[READ], 59100, 453.2888888888889, 900.0
[READ], 59200, 460.9310344827586, 870.0
[READ], 59300, 459.18446601941747, 1030.0
[READ], 59400, 455.23333333333335, 900.0
[READ], 59500, 460.47727272727275, 880.0
[READ], 59600, 462.71604938271605, 810.0
[READ], 59700, 449.32911392405066, 790.0
[READ], 59800, 529.1071428571429, 840.0
[UPDATE], 59900, 601.578947368421, 190.0
[UPDATE], Operations, 51778
[UPDATE], Retries, 0
[UPDATE], AverageLatency(us), 654.366043
[UPDATE], MinLatency(us), 510
[UPDATE], MaxLatency(us), 70499
[UPDATE], Return=0, 51778
[READ], 59900, 459.0, 90.0
[READ], Operations, 51014
[READ], Retries, 0
[READ], AverageLatency(us), 500.751108
[READ], MinLatency(us), 395
[READ], MaxLatency(us), 31620
[READ], Return=0, 51014
[CLEANUP], 0, 953.0, 10.0
[CLEANUP], Operations, 1
[CLEANUP], Retries, 0
[CLEANUP], AverageLatency(us), 953.000000
[CLEANUP], MinLatency(us), 953
[CLEANUP], MaxLatency(us), 953
[OVERALL], Reconnections, 0.000000
[OVERALL], RunTime(ms), 59992.000000
[OVERALL], Operations, 102792.000000
[OVERALL], DataWritten(B), 5177800.000000
[OVERALL], TotalQueryResults, 0.000000
[OVERALL], Throughput(ops/sec), 1713.428457
[UPDATE], 59900, NaN, 0.0
[UPDATE], Operations, 51778
[UPDATE], Retries, 0
[UPDATE], AverageLatency(us), 654.366043
[UPDATE], MinLatency(us), 510
[UPDATE], MaxLatency(us), 70499
[UPDATE], Return=0, 51778
[READ], 59900, NaN, 0.0
[READ], Operations, 51014
[READ], Retries, 0
[READ], AverageLatency(us), 500.751108
[READ], MinLatency(us), 395
[READ], MaxLatency(us), 31620
[READ], Return=0, 51014
[CLEANUP], 0, NaN, 0.0
[CLEANUP], Operations, 1
[CLEANUP], Retries, 0
[CLEANUP], AverageLatency(us), 953.000000
[CLEANUP], MinLatency(us), 953
[CLEANUP], MaxLatency(us), 953
[OVERALL], Reconnections, 0.000000
[OVERALL], RunTime(ms), 59992.000000
[OVERALL], Operations, 102792.000000
[OVERALL], DataWritten(B), 5177800.000000
[OVERALL], TotalQueryResults, 0.000000
[OVERALL], Throughput(ops/sec), 1713.428457
java -cp /opt/ycsb/mongodb-binding/lib/mongodb-binding-0.1.4.jar:/opt/ycsb/core/lib/core-0.1.4.jar com.yahoo.ycsb.Client -db com.yahoo.ycsb.db.MongoDbClient -s -P /opt/ycsb/workloads/workloada -p timeseries.granularity=100 -p readretrycount=1000 -p ignoreinserterrors=true -p insertcount=1000 -p fieldlength=100 -p cardinality=100 -p reconnectiontime=1000 -p mongodb.writeConcern=normal -p mongodb.readPreference=primaryPreferred -p operationcount=100000000 -p recordcount=1000 -p fieldcount=30 -p threadcount=1 -p maxexecutiontime=60 -p mongodb.database=ycsb -p exportmeasurementsinterval=30000 -p workload=com.yahoo.ycsb.workloads.CoreWorkload -p updateretrycount=1000 -p measurementtype=timeseries -p mongodb.url=172.31.3.36:27028 -p insertretrycount=10 -p fieldlengthdistribution=constant -t
