YCSB Client 0.1
Command line: -db com.yahoo.ycsb.db.MongoDbClient -s -P /opt/ycsb/workloads/workloada -p timeseries.granularity=100 -p readretrycount=1000 -p ignoreinserterrors=true -p insertcount=1000 -p fieldlength=100 -p cardinality=100 -p reconnectiontime=1000 -p mongodb.writeConcern=normal -p mongodb.readPreference=primaryPreferred -p operationcount=100000000 -p recordcount=1000 -p fieldcount=30 -p threadcount=1 -p maxexecutiontime=60 -p mongodb.database=ycsb -p exportmeasurementsinterval=30000 -p workload=com.yahoo.ycsb.workloads.CoreWorkload -p updateretrycount=1000 -p measurementtype=timeseries -p mongodb.url=172.31.3.36:27028 -p insertretrycount=10 -p fieldlengthdistribution=constant -t
Using fieldlengthgenerator:com.yahoo.ycsb.generator.ConstantIntegerGenerator
new database url = 172.31.3.36:27028/ycsb
mongo connection created with 172.31.3.36:27028/ycsb
Warmup execution time: 0
Warmup operations: 0
new database url = 172.31.3.36:27028/ycsb
mongo connection created with 172.31.3.36:27028/ycsb
 0 sec: 0 operations; 
 2 sec: 1735 operations; 867.5 current ops/sec; [UPDATE AverageLatency(us)=1262.43] [READ AverageLatency(us)=1019.86] 
 4 sec: 4389 operations; 1326.34 current ops/sec; [UPDATE AverageLatency(us)=808.84] [READ AverageLatency(us)=654.48] 
 6 sec: 7114 operations; 1361.14 current ops/sec; [UPDATE AverageLatency(us)=790.57] [READ AverageLatency(us)=639.97] 
 8 sec: 10178 operations; 1532 current ops/sec; [UPDATE AverageLatency(us)=712.66] [READ AverageLatency(us)=563.81] 
 10 sec: 13268 operations; 1544.23 current ops/sec; [UPDATE AverageLatency(us)=722.02] [READ AverageLatency(us)=563.4] 
 12 sec: 16558 operations; 1645 current ops/sec; [UPDATE AverageLatency(us)=679.94] [READ AverageLatency(us)=519.17] 
 14 sec: 19970 operations; 1706 current ops/sec; [UPDATE AverageLatency(us)=659.98] [READ AverageLatency(us)=503.9] 
 16 sec: 23551 operations; 1789.61 current ops/sec; [UPDATE AverageLatency(us)=636.5] [READ AverageLatency(us)=475.31] 
 18 sec: 27080 operations; 1764.5 current ops/sec; [UPDATE AverageLatency(us)=647.46] [READ AverageLatency(us)=477.97] 
 20 sec: 30303 operations; 1610.69 current ops/sec; [UPDATE AverageLatency(us)=705.59] [READ AverageLatency(us)=527.14] 
 22 sec: 33968 operations; 1832.5 current ops/sec; [UPDATE AverageLatency(us)=622.51] [READ AverageLatency(us)=465.45] 
 24 sec: 37621 operations; 1826.5 current ops/sec; [UPDATE AverageLatency(us)=615.59] [READ AverageLatency(us)=469.72] 
 26 sec: 41322 operations; 1849.58 current ops/sec; [UPDATE AverageLatency(us)=616.57] [READ AverageLatency(us)=457.81] 
 28 sec: 44951 operations; 1814.5 current ops/sec; [UPDATE AverageLatency(us)=638.47] [READ AverageLatency(us)=460.6] 
[UPDATE], 0, 8139.8, 150.0
[UPDATE], 100, 2226.535714285714, 280.0
[UPDATE], 200, 2607.315789473684, 190.0
[UPDATE], 300, 1879.3823529411766, 340.0
[UPDATE], 400, 1189.3243243243244, 370.0
[UPDATE], 500, 1602.1290322580646, 310.0
[UPDATE], 600, 1564.6764705882354, 340.0
[UPDATE], 700, 1172.5294117647059, 340.0
[UPDATE], 800, 1044.3488372093022, 430.0
[UPDATE], 900, 1352.3870967741937, 310.0
[UPDATE], 1000, 993.75, 600.0
[UPDATE], 1100, 912.9636363636364, 550.0
[UPDATE], 1200, 885.4912280701755, 570.0
[UPDATE], 1300, 858.6379310344828, 580.0
[UPDATE], 1400, 1139.195652173913, 460.0
[UPDATE], 1500, 1063.622641509434, 530.0
[UPDATE], 1600, 973.5818181818182, 550.0
[UPDATE], 1700, 777.2741935483871, 620.0
[UPDATE], 1800, 847.6666666666666, 600.0
[UPDATE], 1900, 847.6351351351351, 740.0
[UPDATE], 2000, 884.5396825396825, 630.0
[UPDATE], 2100, 960.7966101694915, 590.0
[UPDATE], 2200, 751.46875, 640.0
[UPDATE], 2300, 809.6619718309859, 710.0
[UPDATE], 2400, 800.7205882352941, 680.0
[UPDATE], 2500, 954.795918367347, 490.0
[UPDATE], 2600, 771.59375, 640.0
[UPDATE], 2700, 730.0375, 800.0
[UPDATE], 2800, 851.9545454545455, 660.0
[UPDATE], 2900, 736.1515151515151, 660.0
[UPDATE], 3000, 806.9701492537314, 670.0
[UPDATE], 3100, 946.1454545454545, 550.0
[UPDATE], 3200, 797.5405405405405, 740.0
[UPDATE], 3300, 728.3424657534247, 730.0
[UPDATE], 3400, 758.169014084507, 710.0
[UPDATE], 3500, 740.5714285714286, 700.0
[UPDATE], 3600, 825.072463768116, 690.0
[UPDATE], 3700, 747.9868421052631, 760.0
[UPDATE], 3800, 808.723076923077, 650.0
[UPDATE], 3900, 817.65625, 640.0
[UPDATE], 4000, 763.2, 650.0
[UPDATE], 4100, 873.9180327868852, 610.0
[UPDATE], 4200, 874.2923076923076, 650.0
[UPDATE], 4300, 729.9864864864865, 740.0
[UPDATE], 4400, 820.2923076923076, 650.0
[UPDATE], 4500, 783.5079365079365, 630.0
[UPDATE], 4600, 865.7164179104477, 670.0
[UPDATE], 4700, 763.9090909090909, 770.0
[UPDATE], 4800, 786.0967741935484, 620.0
[UPDATE], 4900, 863.4918032786885, 610.0
[UPDATE], 5000, 726.6521739130435, 690.0
[UPDATE], 5100, 769.1095890410959, 730.0
[UPDATE], 5200, 871.3333333333334, 750.0
[UPDATE], 5300, 838.8591549295775, 710.0
[UPDATE], 5400, 738.1129032258065, 620.0
[UPDATE], 5500, 695.0945945945946, 740.0
[UPDATE], 5600, 829.5737704918033, 610.0
[UPDATE], 5700, 776.8533333333334, 750.0
[UPDATE], 5800, 743.0666666666667, 750.0
[UPDATE], 5900, 687.2857142857143, 840.0
[UPDATE], 6000, 667.5487804878048, 820.0
[UPDATE], 6100, 740.4871794871794, 780.0
[UPDATE], 6200, 716.3116883116883, 770.0
[UPDATE], 6300, 658.0666666666667, 750.0
[UPDATE], 6400, 656.7682926829268, 820.0
[UPDATE], 6500, 723.2837837837837, 740.0
[UPDATE], 6600, 699.2465753424658, 730.0
[UPDATE], 6700, 707.474358974359, 780.0
[UPDATE], 6800, 701.5555555555555, 810.0
[UPDATE], 6900, 771.8194444444445, 720.0
[UPDATE], 7000, 708.5569620253165, 790.0
[UPDATE], 7100, 711.797619047619, 840.0
[UPDATE], 7200, 775.8714285714286, 700.0
[UPDATE], 7300, 710.8717948717949, 780.0
[UPDATE], 7400, 790.7763157894736, 760.0
[UPDATE], 7500, 669.4155844155844, 770.0
[UPDATE], 7600, 657.2758620689655, 870.0
[UPDATE], 7700, 722.1475409836065, 610.0
[UPDATE], 7800, 750.7792207792207, 770.0
[UPDATE], 7900, 819.9142857142857, 700.0
[UPDATE], 8000, 812.3928571428571, 560.0
[UPDATE], 8100, 758.7820512820513, 780.0
[UPDATE], 8200, 732.3783783783783, 740.0
[UPDATE], 8300, 805.3333333333334, 690.0
[UPDATE], 8400, 788.8767123287671, 730.0
[UPDATE], 8500, 724.0519480519481, 770.0
[UPDATE], 8600, 678.1940298507462, 670.0
[UPDATE], 8700, 710.9615384615385, 780.0
[UPDATE], 8800, 732.0, 770.0
[UPDATE], 8900, 726.1375, 800.0
[UPDATE], 9000, 708.9864864864865, 740.0
[UPDATE], 9100, 692.6, 750.0
[UPDATE], 9200, 677.2784810126582, 790.0
[UPDATE], 9300, 683.7125, 800.0
[UPDATE], 9400, 748.6567164179105, 670.0
[UPDATE], 9500, 686.2619047619048, 840.0
[UPDATE], 9600, 664.6144578313254, 830.0
[UPDATE], 9700, 679.4487179487179, 780.0
[UPDATE], 9800, 721.8285714285714, 700.0
[UPDATE], 9900, 684.5, 800.0
[UPDATE], 10000, 824.12, 750.0
[UPDATE], 10100, 630.6808510638298, 940.0
[UPDATE], 10200, 697.2941176470588, 850.0
[UPDATE], 10300, 770.5555555555555, 810.0
[UPDATE], 10400, 651.65, 800.0
[UPDATE], 10500, 675.7948717948718, 780.0
[UPDATE], 10600, 802.3513513513514, 740.0
[UPDATE], 10700, 670.0, 840.0
[UPDATE], 10800, 640.8936170212766, 940.0
[UPDATE], 10900, 629.670731707317, 820.0
[UPDATE], 11000, 712.987012987013, 770.0
[UPDATE], 11100, 705.0128205128206, 780.0
[UPDATE], 11200, 690.3947368421053, 760.0
[UPDATE], 11300, 663.7586206896551, 870.0
[UPDATE], 11400, 647.3214285714286, 840.0
[UPDATE], 11500, 640.1931818181819, 880.0
[UPDATE], 11600, 659.7777777777778, 810.0
[UPDATE], 11700, 657.9753086419753, 810.0
[UPDATE], 11800, 644.8227848101266, 790.0
[UPDATE], 11900, 648.3409090909091, 880.0
[UPDATE], 12000, 743.9154929577464, 710.0
[UPDATE], 12100, 654.2650602409639, 830.0
[UPDATE], 12200, 650.156626506024, 830.0
[UPDATE], 12300, 638.6666666666666, 810.0
[UPDATE], 12400, 748.175, 800.0
[UPDATE], 12500, 650.3103448275862, 870.0
[UPDATE], 12600, 646.4938271604939, 810.0
[UPDATE], 12700, 650.9459459459459, 740.0
[UPDATE], 12800, 653.8651685393259, 890.0
[UPDATE], 12900, 658.7402597402597, 770.0
[UPDATE], 13000, 646.7209302325581, 860.0
[UPDATE], 13100, 642.5632183908046, 870.0
[UPDATE], 13200, 776.4025974025974, 770.0
[UPDATE], 13300, 646.1595744680851, 940.0
[UPDATE], 13400, 638.7692307692307, 780.0
[UPDATE], 13500, 617.2325581395348, 860.0
[UPDATE], 13600, 633.2307692307693, 910.0
[UPDATE], 13700, 618.8089887640449, 890.0
[UPDATE], 13800, 668.6538461538462, 780.0
[UPDATE], 13900, 641.010752688172, 930.0
[UPDATE], 14000, 637.5806451612904, 930.0
[UPDATE], 14100, 658.0722891566265, 830.0
[UPDATE], 14200, 621.3513513513514, 740.0
[UPDATE], 14300, 610.1546391752578, 970.0
[UPDATE], 14400, 652.620253164557, 790.0
[UPDATE], 14500, 695.8913043478261, 920.0
[UPDATE], 14600, 650.3809523809524, 840.0
[UPDATE], 14700, 626.9512195121952, 820.0
[UPDATE], 14800, 622.6703296703297, 910.0
[UPDATE], 14900, 611.1931818181819, 880.0
[UPDATE], 15000, 612.4943820224719, 890.0
[UPDATE], 15100, 612.0229885057471, 870.0
[UPDATE], 15200, 624.7802197802198, 910.0
[UPDATE], 15300, 644.5054945054945, 910.0
[UPDATE], 15400, 628.8817204301075, 930.0
[UPDATE], 15500, 704.16, 750.0
[UPDATE], 15600, 636.1375, 800.0
[UPDATE], 15700, 619.4516129032259, 930.0
[UPDATE], 15800, 644.8695652173913, 920.0
[UPDATE], 15900, 624.1030927835052, 970.0
[UPDATE], 16000, 623.4086021505376, 930.0
[UPDATE], 16100, 658.0595238095239, 840.0
[UPDATE], 16200, 644.6976744186046, 860.0
[UPDATE], 16300, 630.5057471264367, 870.0
[UPDATE], 16400, 598.059405940594, 1010.0
[UPDATE], 16500, 631.0736842105263, 950.0
[UPDATE], 16600, 899.0, 680.0
[UPDATE], 16700, 617.0322580645161, 930.0
[UPDATE], 16800, 616.8602150537635, 930.0
[UPDATE], 16900, 609.6777777777778, 900.0
[UPDATE], 17000, 605.68, 1000.0
[UPDATE], 17100, 618.3775510204082, 980.0
[UPDATE], 17200, 625.6304347826087, 920.0
[UPDATE], 17300, 627.3176470588236, 850.0
[UPDATE], 17400, 627.6027397260274, 730.0
[UPDATE], 17500, 759.829268292683, 820.0
[UPDATE], 17600, 714.6666666666666, 900.0
[UPDATE], 17700, 637.1521739130435, 920.0
[UPDATE], 17800, 627.2065217391304, 920.0
[UPDATE], 17900, 747.5945945945946, 740.0
[UPDATE], 18000, 734.873417721519, 790.0
[UPDATE], 18100, 824.5633802816901, 710.0
[UPDATE], 18200, 739.6219512195122, 820.0
[UPDATE], 18300, 746.6164383561644, 730.0
[UPDATE], 18400, 666.6962025316456, 790.0
[UPDATE], 18500, 716.5064935064935, 770.0
[UPDATE], 18600, 653.9777777777778, 900.0
[UPDATE], 18700, 884.3380281690141, 710.0
[UPDATE], 18800, 687.8717948717949, 780.0
[UPDATE], 18900, 676.6666666666666, 780.0
[UPDATE], 19000, 690.2465753424658, 730.0
[UPDATE], 19100, 687.3368421052631, 950.0
[UPDATE], 19200, 704.9324324324324, 740.0
[UPDATE], 19300, 676.493670886076, 790.0
[UPDATE], 19400, 695.4880952380952, 840.0
[UPDATE], 19500, 708.1780821917808, 730.0
[UPDATE], 19600, 615.9111111111112, 900.0
[UPDATE], 19700, 757.4111111111112, 900.0
[UPDATE], 19800, 621.0515463917526, 970.0
[UPDATE], 19900, 612.9368421052632, 950.0
[UPDATE], 20000, 630.7252747252747, 910.0
[UPDATE], 20100, 620.7303370786517, 890.0
[UPDATE], 20200, 611.2068965517242, 870.0
[UPDATE], 20300, 606.3720930232558, 860.0
[UPDATE], 20400, 630.6836734693877, 980.0
[UPDATE], 20500, 624.4204545454545, 880.0
[UPDATE], 20600, 622.8941176470588, 850.0
[UPDATE], 20700, 608.0898876404494, 890.0
[UPDATE], 20800, 610.435294117647, 850.0
[UPDATE], 20900, 615.5268817204301, 930.0
[UPDATE], 21000, 681.2247191011236, 890.0
[UPDATE], 21100, 633.3012048192771, 830.0
[UPDATE], 21200, 615.7222222222222, 900.0
[UPDATE], 21300, 613.0888888888888, 900.0
[UPDATE], 21400, 598.1910112359551, 890.0
[UPDATE], 21500, 625.1443298969073, 970.0
[UPDATE], 21600, 622.3666666666667, 900.0
[UPDATE], 21700, 621.1521739130435, 920.0
[UPDATE], 21800, 626.6, 900.0
[UPDATE], 21900, 632.1222222222223, 900.0
[UPDATE], 22000, 605.0900900900901, 1110.0
[UPDATE], 22100, 608.7590361445783, 830.0
[UPDATE], 22200, 592.25, 960.0
[UPDATE], 22300, 602.4888888888889, 900.0
[UPDATE], 22400, 618.0384615384615, 1040.0
[UPDATE], 22500, 607.81, 1000.0
[UPDATE], 22600, 624.5876288659794, 970.0
[UPDATE], 22700, 652.4125, 800.0
[UPDATE], 22800, 597.1162790697674, 860.0
[UPDATE], 22900, 613.6938775510204, 980.0
[UPDATE], 23000, 588.7070707070707, 990.0
[UPDATE], 23100, 617.7840909090909, 880.0
[UPDATE], 23200, 620.9886363636364, 880.0
[UPDATE], 23300, 607.6534653465346, 1010.0
[UPDATE], 23400, 634.4567901234568, 810.0
[UPDATE], 23500, 640.1643835616438, 730.0
[UPDATE], 23600, 641.2659574468086, 940.0
[UPDATE], 23700, 612.9207920792079, 1010.0
[UPDATE], 23800, 619.0222222222222, 900.0
[UPDATE], 23900, 608.625, 960.0
[UPDATE], 24000, 631.0240963855422, 830.0
[UPDATE], 24100, 622.4343434343434, 990.0
[UPDATE], 24200, 615.55, 1000.0
[UPDATE], 24300, 632.8720930232558, 860.0
[UPDATE], 24400, 614.9583333333334, 960.0
[UPDATE], 24500, 600.1157894736842, 950.0
[UPDATE], 24600, 610.7888888888889, 900.0
[UPDATE], 24700, 612.6116504854369, 1030.0
[UPDATE], 24800, 611.8297872340426, 940.0
[UPDATE], 24900, 626.5625, 960.0
[UPDATE], 25000, 636.92, 1000.0
[UPDATE], 25100, 620.9540229885057, 870.0
[UPDATE], 25200, 581.1521739130435, 920.0
[UPDATE], 25300, 602.7684210526315, 950.0
[UPDATE], 25400, 622.4269662921348, 890.0
[UPDATE], 25500, 621.6463414634146, 820.0
[UPDATE], 25600, 634.8192771084338, 830.0
[UPDATE], 25700, 618.5333333333333, 900.0
[UPDATE], 25800, 592.9238095238095, 1050.0
[UPDATE], 25900, 677.4197530864197, 810.0
[UPDATE], 26000, 589.72, 1000.0
[UPDATE], 26100, 597.6382978723404, 940.0
[UPDATE], 26200, 606.9175257731958, 970.0
[UPDATE], 26300, 606.3939393939394, 990.0
[UPDATE], 26400, 620.4318181818181, 880.0
[UPDATE], 26500, 603.471264367816, 870.0
[UPDATE], 26600, 612.1325301204819, 830.0
[UPDATE], 26700, 605.6145833333334, 960.0
[UPDATE], 26800, 618.6666666666666, 960.0
[UPDATE], 26900, 610.2954545454545, 880.0
[UPDATE], 27000, 803.918918918919, 740.0
[UPDATE], 27100, 576.0515463917526, 970.0
[UPDATE], 27200, 595.629213483146, 890.0
[UPDATE], 27300, 615.494623655914, 930.0
[UPDATE], 27400, 614.3473684210526, 950.0
[UPDATE], 27500, 831.3589743589744, 780.0
[UPDATE], 27600, 715.6705882352941, 850.0
[UPDATE], 27700, 734.4444444444445, 720.0
[UPDATE], 27800, 625.1829268292682, 820.0
[UPDATE], 27900, 669.5591397849462, 930.0
[UPDATE], 28000, 683.1538461538462, 910.0
[UPDATE], 28100, 672.6506024096385, 830.0
[UPDATE], 28200, 635.8666666666667, 900.0
[UPDATE], 28300, 644.8837209302326, 860.0
[UPDATE], 28400, 637.4285714285714, 840.0
[UPDATE], 28500, 720.5487804878048, 820.0
[UPDATE], 28600, 674.3855421686746, 830.0
[UPDATE], 28700, 660.8023255813954, 860.0
[UPDATE], 28800, 674.0689655172414, 870.0
[UPDATE], 28900, 652.4047619047619, 840.0
[UPDATE], 29000, 648.3882352941176, 850.0
[UPDATE], 29100, 630.3181818181819, 880.0
[UPDATE], 29200, 640.4782608695652, 920.0
[UPDATE], 29300, 633.8795180722891, 830.0
[UPDATE], 29400, 616.6627906976744, 860.0
[UPDATE], 29500, 613.3536585365854, 820.0
[UPDATE], 29600, 610.0283018867924, 1060.0
[UPDATE], 29700, 608.6666666666666, 930.0
[UPDATE], 29800, 612.1011235955057, 890.0
[READ], 0, 3374.3571428571427, 140.0
[READ], 100, 2004.7894736842106, 190.0
[READ], 200, 2767.3888888888887, 180.0
[READ], 300, 1399.9259259259259, 270.0
[READ], 400, 1385.3170731707316, 410.0
[READ], 500, 1427.5483870967741, 310.0
[READ], 600, 1194.945945945946, 370.0
[READ], 700, 1154.1, 500.0
[READ], 800, 1271.6190476190477, 420.0
[READ], 900, 1344.5365853658536, 410.0
[READ], 1000, 797.0222222222222, 450.0
[READ], 1100, 812.5087719298245, 570.0
[READ], 1200, 729.78125, 640.0
[READ], 1300, 720.5806451612904, 620.0
[READ], 1400, 799.5625, 640.0
[READ], 1500, 695.9272727272727, 550.0
[READ], 1600, 744.0322580645161, 620.0
[READ], 1700, 660.2028985507246, 690.0
[READ], 1800, 733.0666666666667, 600.0
[READ], 1900, 673.3636363636364, 550.0
[READ], 2000, 659.5833333333334, 600.0
[READ], 2100, 723.8275862068965, 580.0
[READ], 2200, 654.3239436619718, 710.0
[READ], 2300, 714.1785714285714, 560.0
[READ], 2400, 641.8219178082192, 730.0
[READ], 2500, 808.0666666666667, 600.0
[READ], 2600, 628.0441176470588, 680.0
[READ], 2700, 601.4477611940298, 670.0
[READ], 2800, 646.8474576271186, 590.0
[READ], 2900, 618.054794520548, 730.0
[READ], 3000, 637.0416666666666, 720.0
[READ], 3100, 838.3888888888889, 540.0
[READ], 3200, 603.9180327868852, 610.0
[READ], 3300, 593.4054054054054, 740.0
[READ], 3400, 745.123076923077, 650.0
[READ], 3500, 656.1594202898551, 690.0
[READ], 3600, 589.8591549295775, 710.0
[READ], 3700, 608.2307692307693, 650.0
[READ], 3800, 602.7972972972973, 740.0
[READ], 3900, 598.7361111111111, 720.0
[READ], 4000, 735.9166666666666, 720.0
[READ], 4100, 617.171875, 640.0
[READ], 4200, 617.5, 680.0
[READ], 4300, 635.6666666666666, 690.0
[READ], 4400, 683.2089552238806, 670.0
[READ], 4500, 678.1857142857143, 700.0
[READ], 4600, 631.8571428571429, 630.0
[READ], 4700, 601.5238095238095, 630.0
[READ], 4800, 618.7283950617284, 810.0
[READ], 4900, 836.9821428571429, 560.0
[READ], 5000, 651.4109589041096, 730.0
[READ], 5100, 600.8709677419355, 620.0
[READ], 5200, 667.4727272727273, 550.0
[READ], 5300, 645.719298245614, 570.0
[READ], 5400, 642.0, 840.0
[READ], 5500, 574.8354430379746, 790.0
[READ], 5600, 628.578125, 640.0
[READ], 5700, 591.9577464788732, 710.0
[READ], 5800, 589.6142857142858, 700.0
[READ], 5900, 541.3571428571429, 700.0
[READ], 6000, 560.3378378378378, 740.0
[READ], 6100, 534.7435897435897, 780.0
[READ], 6200, 572.1944444444445, 720.0
[READ], 6300, 546.5164835164835, 910.0
[READ], 6400, 524.4252873563219, 870.0
[READ], 6500, 565.6296296296297, 810.0
[READ], 6600, 570.9295774647887, 710.0
[READ], 6700, 546.7647058823529, 850.0
[READ], 6800, 599.276923076923, 650.0
[READ], 6900, 589.1866666666666, 750.0
[READ], 7000, 542.3055555555555, 720.0
[READ], 7100, 592.0597014925373, 670.0
[READ], 7200, 543.7710843373494, 830.0
[READ], 7300, 543.025641025641, 780.0
[READ], 7400, 563.1940298507462, 670.0
[READ], 7500, 522.5340909090909, 880.0
[READ], 7600, 535.8461538461538, 780.0
[READ], 7700, 688.9861111111111, 720.0
[READ], 7800, 649.1587301587301, 630.0
[READ], 7900, 582.5753424657535, 730.0
[READ], 8000, 655.6265060240963, 830.0
[READ], 8100, 607.3650793650794, 630.0
[READ], 8200, 609.9324324324324, 740.0
[READ], 8300, 612.0140845070423, 710.0
[READ], 8400, 592.8714285714286, 700.0
[READ], 8500, 572.2151898734177, 790.0
[READ], 8600, 565.6, 850.0
[READ], 8700, 564.1518987341772, 790.0
[READ], 8800, 542.8266666666667, 750.0
[READ], 8900, 544.379746835443, 790.0
[READ], 9000, 551.2093023255813, 860.0
[READ], 9100, 536.4831460674158, 890.0
[READ], 9200, 559.6133333333333, 750.0
[READ], 9300, 539.625, 880.0
[READ], 9400, 540.2921348314607, 890.0
[READ], 9500, 513.2560975609756, 820.0
[READ], 9600, 594.5072463768116, 690.0
[READ], 9700, 526.2340425531914, 940.0
[READ], 9800, 519.2413793103449, 870.0
[READ], 9900, 516.6075949367089, 790.0
[READ], 10000, 499.3333333333333, 870.0
[READ], 10100, 465.84615384615387, 780.0
[READ], 10200, 522.5769230769231, 780.0
[READ], 10300, 567.5396825396825, 630.0
[READ], 10400, 511.65555555555557, 900.0
[READ], 10500, 521.0930232558139, 860.0
[READ], 10600, 506.4938271604938, 810.0
[READ], 10700, 587.0149253731344, 670.0
[READ], 10800, 493.75, 800.0
[READ], 10900, 561.3975903614457, 830.0
[READ], 11000, 580.7051282051282, 780.0
[READ], 11100, 528.0731707317074, 820.0
[READ], 11200, 530.7710843373494, 830.0
[READ], 11300, 504.9259259259259, 810.0
[READ], 11400, 492.97849462365593, 930.0
[READ], 11500, 497.09302325581393, 860.0
[READ], 11600, 502.7111111111111, 900.0
[READ], 11700, 513.1630434782609, 920.0
[READ], 11800, 529.1022727272727, 880.0
[READ], 11900, 489.46067415730334, 890.0
[READ], 12000, 491.8222222222222, 900.0
[READ], 12100, 493.09302325581393, 860.0
[READ], 12200, 497.0416666666667, 960.0
[READ], 12300, 492.78723404255317, 940.0
[READ], 12400, 491.4875, 800.0
[READ], 12500, 499.18279569892474, 930.0
[READ], 12600, 495.35227272727275, 880.0
[READ], 12700, 501.8265306122449, 980.0
[READ], 12800, 505.6, 850.0
[READ], 12900, 607.0897435897435, 780.0
[READ], 13000, 491.72727272727275, 880.0
[READ], 13100, 510.2298850574713, 870.0
[READ], 13200, 508.4736842105263, 760.0
[READ], 13300, 492.26582278481015, 790.0
[READ], 13400, 471.9519230769231, 1040.0
[READ], 13500, 480.6989247311828, 930.0
[READ], 13600, 480.3734939759036, 830.0
[READ], 13700, 531.1647058823529, 850.0
[READ], 13800, 569.3734939759037, 830.0
[READ], 13900, 478.0617283950617, 810.0
[READ], 14000, 498.69620253164555, 790.0
[READ], 14100, 478.5744680851064, 940.0
[READ], 14200, 464.9561403508772, 1140.0
[READ], 14300, 469.59493670886076, 790.0
[READ], 14400, 491.7448979591837, 980.0
[READ], 14500, 516.112676056338, 710.0
[READ], 14600, 490.375, 880.0
[READ], 14700, 468.6019417475728, 1030.0
[READ], 14800, 455.0736842105263, 950.0
[READ], 14900, 462.10309278350513, 970.0
[READ], 15000, 453.25252525252523, 990.0
[READ], 15100, 464.69607843137254, 1020.0
[READ], 15200, 500.9759036144578, 830.0
[READ], 15300, 479.1294117647059, 850.0
[READ], 15400, 465.8045977011494, 870.0
[READ], 15500, 477.3061224489796, 980.0
[READ], 15600, 465.99029126213594, 1030.0
[READ], 15700, 464.4431818181818, 880.0
[READ], 15800, 481.0232558139535, 860.0
[READ], 15900, 480.52564102564105, 780.0
[READ], 16000, 478.8720930232558, 860.0
[READ], 16100, 490.4945054945055, 910.0
[READ], 16200, 498.5632183908046, 870.0
[READ], 16300, 467.12371134020617, 970.0
[READ], 16400, 473.15584415584414, 770.0
[READ], 16500, 452.8152173913044, 920.0
[READ], 16600, 472.7375, 800.0
[READ], 16700, 453.68367346938777, 980.0
[READ], 16800, 455.81720430107526, 930.0
[READ], 16900, 451.90425531914894, 940.0
[READ], 17000, 456.1645569620253, 790.0
[READ], 17100, 461.5168539325843, 890.0
[READ], 17200, 453.36842105263156, 950.0
[READ], 17300, 463.13, 1000.0
[READ], 17400, 462.7435897435897, 1170.0
[READ], 17500, 512.241935483871, 620.0
[READ], 17600, 474.8235294117647, 850.0
[READ], 17700, 498.5125, 800.0
[READ], 17800, 503.50632911392404, 790.0
[READ], 17900, 736.8870967741935, 620.0
[READ], 18000, 659.8571428571429, 560.0
[READ], 18100, 552.2375, 800.0
[READ], 18200, 532.9459459459459, 740.0
[READ], 18300, 603.2972972972973, 740.0
[READ], 18400, 487.04, 1000.0
[READ], 18500, 529.4155844155844, 770.0
[READ], 18600, 506.66265060240966, 830.0
[READ], 18700, 560.4347826086956, 690.0
[READ], 18800, 546.4634146341464, 820.0
[READ], 18900, 522.5113636363636, 880.0
[READ], 19000, 532.7241379310345, 870.0
[READ], 19100, 515.8082191780821, 730.0
[READ], 19200, 514.0, 900.0
[READ], 19300, 519.4574468085107, 940.0
[READ], 19400, 539.0138888888889, 720.0
[READ], 19500, 573.0843373493976, 830.0
[READ], 19600, 442.9894736842105, 950.0
[READ], 19700, 473.75714285714287, 700.0
[READ], 19800, 470.4938271604938, 810.0
[READ], 19900, 462.7741935483871, 930.0
[READ], 20000, 459.5176470588235, 850.0
[READ], 20100, 479.75531914893617, 940.0
[READ], 20200, 474.91752577319585, 970.0
[READ], 20300, 461.22549019607845, 1020.0
[READ], 20400, 483.43037974683546, 790.0
[READ], 20500, 463.33663366336634, 1010.0
[READ], 20600, 465.680412371134, 970.0
[READ], 20700, 464.3020833333333, 960.0
[READ], 20800, 484.2291666666667, 960.0
[READ], 20900, 461.1111111111111, 900.0
[READ], 21000, 478.5529411764706, 850.0
[READ], 21100, 465.58, 1000.0
[READ], 21200, 460.3956043956044, 910.0
[READ], 21300, 456.2959183673469, 980.0
[READ], 21400, 450.17171717171715, 990.0
[READ], 21500, 468.3956043956044, 910.0
[READ], 21600, 453.7816091954023, 870.0
[READ], 21700, 455.9791666666667, 960.0
[READ], 21800, 460.7802197802198, 910.0
[READ], 21900, 454.4895833333333, 960.0
[READ], 22000, 470.56944444444446, 720.0
[READ], 22100, 455.8811881188119, 1010.0
[READ], 22200, 446.47, 1000.0
[READ], 22300, 521.7560975609756, 820.0
[READ], 22400, 451.65, 800.0
[READ], 22500, 454.4268292682927, 820.0
[READ], 22600, 508.58024691358025, 810.0
[READ], 22700, 472.94174757281553, 1030.0
[READ], 22800, 460.5326086956522, 920.0
[READ], 22900, 447.2842105263158, 950.0
[READ], 23000, 446.32954545454544, 880.0
[READ], 23100, 469.3958333333333, 960.0
[READ], 23200, 454.1734693877551, 980.0
[READ], 23300, 454.2857142857143, 910.0
[READ], 23400, 471.94, 1000.0
[READ], 23500, 579.9887640449438, 890.0
[READ], 23600, 464.6666666666667, 810.0
[READ], 23700, 454.390243902439, 820.0
[READ], 23800, 470.21875, 960.0
[READ], 23900, 458.6914893617021, 940.0
[READ], 24000, 462.1063829787234, 940.0
[READ], 24100, 457.4186046511628, 860.0
[READ], 24200, 467.3048780487805, 820.0
[READ], 24300, 468.4375, 960.0
[READ], 24400, 450.71264367816093, 870.0
[READ], 24500, 444.1505376344086, 930.0
[READ], 24600, 447.40776699029124, 1030.0
[READ], 24700, 449.51851851851853, 810.0
[READ], 24800, 452.0430107526882, 930.0
[READ], 24900, 462.65432098765433, 810.0
[READ], 25000, 486.38157894736844, 760.0
[READ], 25100, 447.67619047619047, 1050.0
[READ], 25200, 442.2631578947368, 950.0
[READ], 25300, 456.71875, 960.0
[READ], 25400, 465.8659793814433, 970.0
[READ], 25500, 460.9901960784314, 1020.0
[READ], 25600, 460.1682242990654, 1070.0
[READ], 25700, 447.97777777777776, 900.0
[READ], 25800, 461.2247191011236, 890.0
[READ], 25900, 479.3103448275862, 870.0
[READ], 26000, 449.8777777777778, 900.0
[READ], 26100, 449.27272727272725, 990.0
[READ], 26200, 437.1931818181818, 880.0
[READ], 26300, 444.54945054945057, 910.0
[READ], 26400, 455.8494623655914, 930.0
[READ], 26500, 441.5135135135135, 1110.0
[READ], 26600, 436.95652173913044, 1150.0
[READ], 26700, 434.7894736842105, 950.0
[READ], 26800, 459.17857142857144, 840.0
[READ], 26900, 457.0693069306931, 1010.0
[READ], 27000, 449.4712643678161, 870.0
[READ], 27100, 436.08, 1000.0
[READ], 27200, 453.3298969072165, 970.0
[READ], 27300, 452.4183673469388, 980.0
[READ], 27400, 483.6829268292683, 820.0
[READ], 27500, 526.1764705882352, 680.0
[READ], 27600, 512.1139240506329, 790.0
[READ], 27700, 529.6511627906976, 860.0
[READ], 27800, 459.4848484848485, 990.0
[READ], 27900, 514.5205479452055, 730.0
[READ], 28000, 551.8571428571429, 700.0
[READ], 28100, 524.3294117647059, 850.0
[READ], 28200, 526.7662337662338, 770.0
[READ], 28300, 489.4574468085106, 940.0
[READ], 28400, 499.46666666666664, 900.0
[READ], 28500, 509.40506329113924, 790.0
[READ], 28600, 489.0568181818182, 880.0
[READ], 28700, 478.87640449438203, 890.0
[READ], 28800, 499.29761904761904, 840.0
[READ], 28900, 501.3255813953488, 860.0
[READ], 29000, 490.6195652173913, 920.0
[READ], 29100, 466.2903225806452, 930.0
[READ], 29200, 460.1098901098901, 910.0
[READ], 29300, 477.03061224489795, 980.0
[READ], 29400, 452.47, 1000.0
[READ], 29500, 451.2037037037037, 1080.0
[READ], 29600, 448.0135135135135, 740.0
[READ], 29700, 449.2621359223301, 1030.0
[READ], 29800, 463.35227272727275, 880.0
 30 sec: 48459 operations; 1753.12 current ops/sec; [UPDATE AverageLatency(us)=649.34] [READ AverageLatency(us)=485.64] 
 32 sec: 52088 operations; 1814.5 current ops/sec; [UPDATE AverageLatency(us)=628.32] [READ AverageLatency(us)=469.31] 
 34 sec: 55512 operations; 1712 current ops/sec; [UPDATE AverageLatency(us)=665.28] [READ AverageLatency(us)=492.81] 
 36 sec: 58886 operations; 1685.31 current ops/sec; [UPDATE AverageLatency(us)=669.41] [READ AverageLatency(us)=506.05] 
 38 sec: 62263 operations; 1688.5 current ops/sec; [UPDATE AverageLatency(us)=664.4] [READ AverageLatency(us)=513.66] 
 40 sec: 65663 operations; 1700 current ops/sec; [UPDATE AverageLatency(us)=666.55] [READ AverageLatency(us)=502.12] 
 42 sec: 69158 operations; 1746.63 current ops/sec; [UPDATE AverageLatency(us)=657.3] [READ AverageLatency(us)=481.99] 
 44 sec: 72618 operations; 1730 current ops/sec; [UPDATE AverageLatency(us)=655.02] [READ AverageLatency(us)=493.73] 
 46 sec: 76092 operations; 1737 current ops/sec; [UPDATE AverageLatency(us)=664.24] [READ AverageLatency(us)=480.46] 
 48 sec: 79510 operations; 1708.15 current ops/sec; [UPDATE AverageLatency(us)=667.65] [READ AverageLatency(us)=496.64] 
 50 sec: 83102 operations; 1796 current ops/sec; [UPDATE AverageLatency(us)=634.8] [READ AverageLatency(us)=474.39] 
 52 sec: 86842 operations; 1869.07 current ops/sec; [UPDATE AverageLatency(us)=610.5] [READ AverageLatency(us)=452.68] 
 54 sec: 90541 operations; 1849.5 current ops/sec; [UPDATE AverageLatency(us)=618.98] [READ AverageLatency(us)=458.36] 
 56 sec: 94281 operations; 1870 current ops/sec; [UPDATE AverageLatency(us)=611.84] [READ AverageLatency(us)=453.06] 
 58 sec: 97851 operations; 1784.11 current ops/sec; [UPDATE AverageLatency(us)=647.69] [READ AverageLatency(us)=468.19] 
 60 sec: 100910 operations; 1565.51 current ops/sec; [UPDATE AverageLatency(us)=726.21] [READ AverageLatency(us)=545.01] [CLEANUP AverageLatency(us)=1567] 
[UPDATE], 29900, 701.4814814814815, 810.0
[UPDATE], 30000, 593.1428571428571, 910.0
[UPDATE], 30100, 632.7241379310345, 870.0
[UPDATE], 30200, 602.6333333333333, 900.0
[UPDATE], 30300, 622.5, 880.0
[UPDATE], 30400, 625.3368421052631, 950.0
[UPDATE], 30500, 622.4137931034483, 870.0
[UPDATE], 30600, 620.7977528089888, 890.0
[UPDATE], 30700, 659.1818181818181, 880.0
[UPDATE], 30800, 627.5578947368421, 950.0
[UPDATE], 30900, 606.4375, 960.0
[UPDATE], 31000, 613.9895833333334, 960.0
[UPDATE], 31100, 629.6, 850.0
[UPDATE], 31200, 616.6125, 800.0
[UPDATE], 31300, 610.0531914893617, 940.0
[UPDATE], 31400, 635.6739130434783, 920.0
[UPDATE], 31500, 627.6413043478261, 920.0
[UPDATE], 31600, 609.9550561797753, 890.0
[UPDATE], 31700, 739.390243902439, 820.0
[UPDATE], 31800, 651.5487804878048, 820.0
[UPDATE], 31900, 638.3440860215054, 930.0
[UPDATE], 32000, 674.7236842105264, 760.0
[UPDATE], 32100, 632.010989010989, 910.0
[UPDATE], 32200, 675.1071428571429, 840.0
[UPDATE], 32300, 750.96, 750.0
[UPDATE], 32400, 634.8265306122449, 980.0
[UPDATE], 32500, 761.9518072289156, 830.0
[UPDATE], 32600, 651.7073170731708, 820.0
[UPDATE], 32700, 749.1733333333333, 750.0
[UPDATE], 32800, 647.8888888888889, 900.0
[UPDATE], 32900, 613.8585858585859, 990.0
[UPDATE], 33000, 664.0759493670886, 790.0
[UPDATE], 33100, 626.5, 960.0
[UPDATE], 33200, 658.5698924731183, 930.0
[UPDATE], 33300, 755.3076923076923, 780.0
[UPDATE], 33400, 606.978021978022, 910.0
[UPDATE], 33500, 662.1224489795918, 980.0
[UPDATE], 33600, 640.804347826087, 920.0
[UPDATE], 33700, 636.9186046511628, 860.0
[UPDATE], 33800, 698.3604651162791, 860.0
[UPDATE], 33900, 621.55, 1000.0
[UPDATE], 34000, 633.8390804597701, 870.0
[UPDATE], 34100, 627.010101010101, 990.0
[UPDATE], 34200, 638.5, 960.0
[UPDATE], 34300, 649.56, 1000.0
[UPDATE], 34400, 670.975, 800.0
[UPDATE], 34500, 683.0649350649351, 770.0
[UPDATE], 34600, 798.6588235294117, 850.0
[UPDATE], 34700, 665.3103448275862, 870.0
[UPDATE], 34800, 704.7349397590361, 830.0
[UPDATE], 34900, 668.9125, 800.0
[UPDATE], 35000, 675.046511627907, 860.0
[UPDATE], 35100, 634.9239130434783, 920.0
[UPDATE], 35200, 697.0375, 800.0
[UPDATE], 35300, 671.2533333333333, 750.0
[UPDATE], 35400, 676.7840909090909, 880.0
[UPDATE], 35500, 637.9634146341464, 820.0
[UPDATE], 35600, 674.4756097560976, 820.0
[UPDATE], 35700, 709.8378378378378, 740.0
[UPDATE], 35800, 651.9130434782609, 920.0
[UPDATE], 35900, 695.395061728395, 810.0
[UPDATE], 36000, 653.1204819277109, 830.0
[UPDATE], 36100, 674.6282051282051, 780.0
[UPDATE], 36200, 642.8241758241758, 910.0
[UPDATE], 36300, 660.2048192771084, 830.0
[UPDATE], 36400, 653.0, 880.0
[UPDATE], 36500, 691.5116279069767, 860.0
[UPDATE], 36600, 656.0860215053764, 930.0
[UPDATE], 36700, 675.670731707317, 820.0
[UPDATE], 36800, 649.6842105263158, 950.0
[UPDATE], 36900, 694.2298850574713, 870.0
[UPDATE], 37000, 673.8333333333334, 840.0
[UPDATE], 37100, 658.5151515151515, 990.0
[UPDATE], 37200, 638.070707070707, 990.0
[UPDATE], 37300, 712.3835616438356, 730.0
[UPDATE], 37400, 662.0540540540541, 740.0
[UPDATE], 37500, 645.8333333333334, 780.0
[UPDATE], 37600, 690.8701298701299, 770.0
[UPDATE], 37700, 664.2972972972973, 740.0
[UPDATE], 37800, 641.325, 800.0
[UPDATE], 37900, 650.6590909090909, 880.0
[UPDATE], 38000, 681.7727272727273, 880.0
[UPDATE], 38100, 676.2666666666667, 750.0
[UPDATE], 38200, 647.4375, 800.0
[UPDATE], 38300, 664.7564102564103, 780.0
[UPDATE], 38400, 662.2022471910112, 890.0
[UPDATE], 38500, 671.7191011235955, 890.0
[UPDATE], 38600, 657.0697674418604, 860.0
[UPDATE], 38700, 642.0555555555555, 900.0
[UPDATE], 38800, 676.0454545454545, 880.0
[UPDATE], 38900, 678.5308641975308, 810.0
[UPDATE], 39000, 713.5280898876405, 890.0
[UPDATE], 39100, 681.5977011494252, 870.0
[UPDATE], 39200, 665.7, 900.0
[UPDATE], 39300, 671.0227272727273, 880.0
[UPDATE], 39400, 646.2380952380952, 840.0
[UPDATE], 39500, 663.5, 900.0
[UPDATE], 39600, 698.1046511627907, 860.0
[UPDATE], 39700, 677.1392405063291, 790.0
[UPDATE], 39800, 606.6785714285714, 840.0
[UPDATE], 39900, 629.969387755102, 980.0
[UPDATE], 40000, 648.8148148148148, 810.0
[UPDATE], 40100, 633.494623655914, 930.0
[UPDATE], 40200, 640.0792079207921, 1010.0
[UPDATE], 40300, 640.1666666666666, 900.0
[UPDATE], 40400, 635.0602409638554, 830.0
[UPDATE], 40500, 631.2941176470588, 850.0
[UPDATE], 40600, 699.4772727272727, 880.0
[UPDATE], 40700, 636.304347826087, 920.0
[UPDATE], 40800, 624.7849462365591, 930.0
[UPDATE], 40900, 631.3255813953489, 860.0
[UPDATE], 41000, 621.1648351648352, 910.0
[UPDATE], 41100, 712.4252873563219, 870.0
[UPDATE], 41200, 814.9142857142857, 700.0
[UPDATE], 41300, 699.2394366197183, 710.0
[UPDATE], 41400, 676.4216867469879, 830.0
[UPDATE], 41500, 650.9578947368421, 950.0
[UPDATE], 41600, 665.641975308642, 810.0
[UPDATE], 41700, 644.0759493670886, 790.0
[UPDATE], 41800, 636.195652173913, 920.0
[UPDATE], 41900, 670.5869565217391, 920.0
[UPDATE], 42000, 668.25, 840.0
[UPDATE], 42100, 638.3, 900.0
[UPDATE], 42200, 652.2179487179487, 780.0
[UPDATE], 42300, 653.3376623376623, 770.0
[UPDATE], 42400, 686.8915662650602, 830.0
[UPDATE], 42500, 674.3406593406594, 910.0
[UPDATE], 42600, 684.6629213483146, 890.0
[UPDATE], 42700, 630.3333333333334, 780.0
[UPDATE], 42800, 687.025641025641, 780.0
[UPDATE], 42900, 605.9904761904762, 1050.0
[UPDATE], 43000, 616.9767441860465, 860.0
[UPDATE], 43100, 639.5104166666666, 960.0
[UPDATE], 43200, 617.4343434343434, 990.0
[UPDATE], 43300, 681.3846153846154, 780.0
[UPDATE], 43400, 664.0898876404494, 890.0
[UPDATE], 43500, 624.90625, 960.0
[UPDATE], 43600, 617.4408602150538, 930.0
[UPDATE], 43700, 675.7792207792207, 770.0
[UPDATE], 43800, 590.9887640449438, 890.0
[UPDATE], 43900, 900.8133333333334, 750.0
[UPDATE], 44000, 900.625, 720.0
[UPDATE], 44100, 629.6210526315789, 950.0
[UPDATE], 44200, 637.8586956521739, 920.0
[UPDATE], 44300, 627.4897959183673, 980.0
[UPDATE], 44400, 705.6588235294117, 850.0
[UPDATE], 44500, 607.1744186046511, 860.0
[UPDATE], 44600, 601.8681318681319, 910.0
[UPDATE], 44700, 667.2424242424242, 660.0
[UPDATE], 44800, 812.9761904761905, 840.0
[UPDATE], 44900, 671.6455696202531, 790.0
[UPDATE], 45000, 610.6235294117647, 850.0
[UPDATE], 45100, 682.3913043478261, 920.0
[UPDATE], 45200, 607.8555555555556, 900.0
[UPDATE], 45300, 684.1807228915662, 830.0
[UPDATE], 45400, 622.3684210526316, 950.0
[UPDATE], 45500, 672.8235294117648, 850.0
[UPDATE], 45600, 609.8404255319149, 940.0
[UPDATE], 45700, 657.0212765957447, 940.0
[UPDATE], 45800, 676.1176470588235, 850.0
[UPDATE], 45900, 605.9777777777778, 900.0
[UPDATE], 46000, 648.0235294117647, 850.0
[UPDATE], 46100, 604.564705882353, 850.0
[UPDATE], 46200, 802.6867469879518, 830.0
[UPDATE], 46300, 669.4945054945055, 910.0
[UPDATE], 46400, 649.989010989011, 910.0
[UPDATE], 46500, 592.3373493975904, 830.0
[UPDATE], 46600, 673.2650602409639, 830.0
[UPDATE], 46700, 636.5, 900.0
[UPDATE], 46800, 597.7126436781609, 870.0
[UPDATE], 46900, 883.5657894736842, 760.0
[UPDATE], 47000, 698.3614457831326, 830.0
[UPDATE], 47100, 657.8117647058823, 850.0
[UPDATE], 47200, 633.9240506329114, 790.0
[UPDATE], 47300, 692.7058823529412, 850.0
[UPDATE], 47400, 640.8539325842696, 890.0
[UPDATE], 47500, 703.1807228915662, 830.0
[UPDATE], 47600, 650.6794871794872, 780.0
[UPDATE], 47700, 633.0, 990.0
[UPDATE], 47800, 704.6829268292682, 820.0
[UPDATE], 47900, 621.7590361445783, 830.0
[UPDATE], 48000, 626.0869565217391, 920.0
[UPDATE], 48100, 639.1511627906976, 860.0
[UPDATE], 48200, 651.925925925926, 810.0
[UPDATE], 48300, 686.0625, 800.0
[UPDATE], 48400, 677.2289156626506, 830.0
[UPDATE], 48500, 649.1882352941177, 850.0
[UPDATE], 48600, 653.7241379310345, 870.0
[UPDATE], 48700, 643.3734939759037, 830.0
[UPDATE], 48800, 625.2929292929293, 990.0
[UPDATE], 48900, 683.6588235294117, 850.0
[UPDATE], 49000, 678.95, 800.0
[UPDATE], 49100, 659.156626506024, 830.0
[UPDATE], 49200, 627.2738095238095, 840.0
[UPDATE], 49300, 593.83, 1000.0
[UPDATE], 49400, 595.6288659793814, 970.0
[UPDATE], 49500, 608.3368421052631, 950.0
[UPDATE], 49600, 617.7979797979798, 990.0
[UPDATE], 49700, 612.2906976744187, 860.0
[UPDATE], 49800, 607.4526315789474, 950.0
[UPDATE], 49900, 603.1666666666666, 960.0
[UPDATE], 50000, 607.96, 1000.0
[UPDATE], 50100, 586.3516483516484, 910.0
[UPDATE], 50200, 596.1263157894737, 950.0
[UPDATE], 50300, 616.7241379310345, 870.0
[UPDATE], 50400, 610.5164835164835, 910.0
[UPDATE], 50500, 609.9032258064516, 930.0
[UPDATE], 50600, 584.2553191489362, 940.0
[UPDATE], 50700, 597.3695652173913, 920.0
[UPDATE], 50800, 597.1145833333334, 960.0
[UPDATE], 50900, 606.0752688172043, 930.0
[UPDATE], 51000, 619.0689655172414, 870.0
[UPDATE], 51100, 734.4395604395604, 910.0
[UPDATE], 51200, 597.2, 1000.0
[UPDATE], 51300, 599.3367346938776, 980.0
[UPDATE], 51400, 617.6382978723404, 940.0
[UPDATE], 51500, 614.4019607843137, 1020.0
[UPDATE], 51600, 605.1052631578947, 950.0
[UPDATE], 51700, 604.065934065934, 910.0
[UPDATE], 51800, 613.4782608695652, 920.0
[UPDATE], 51900, 597.3152173913044, 920.0
[UPDATE], 52000, 600.2808988764045, 890.0
[UPDATE], 52100, 597.7878787878788, 990.0
[UPDATE], 52200, 591.2444444444444, 900.0
[UPDATE], 52300, 611.375, 960.0
[UPDATE], 52400, 593.8888888888889, 900.0
[UPDATE], 52500, 611.5862068965517, 870.0
[UPDATE], 52600, 646.5128205128206, 780.0
[UPDATE], 52700, 603.2637362637363, 910.0
[UPDATE], 52800, 651.3522727272727, 880.0
[UPDATE], 52900, 588.8125, 960.0
[UPDATE], 53000, 657.1685393258427, 890.0
[UPDATE], 53100, 606.3684210526316, 950.0
[UPDATE], 53200, 624.2584269662922, 890.0
[UPDATE], 53300, 629.0425531914893, 940.0
[UPDATE], 53400, 648.3536585365854, 820.0
[UPDATE], 53500, 610.4606741573034, 890.0
[UPDATE], 53600, 662.1237113402062, 970.0
[UPDATE], 53700, 612.6777777777778, 900.0
[UPDATE], 53800, 644.964705882353, 850.0
[UPDATE], 53900, 593.969696969697, 990.0
[UPDATE], 54000, 609.5227272727273, 880.0
[UPDATE], 54100, 614.9021739130435, 920.0
[UPDATE], 54200, 668.1935483870968, 930.0
[UPDATE], 54300, 602.3604651162791, 860.0
[UPDATE], 54400, 650.4945054945055, 910.0
[UPDATE], 54500, 595.7083333333334, 960.0
[UPDATE], 54600, 608.6333333333333, 900.0
[UPDATE], 54700, 607.8369565217391, 920.0
[UPDATE], 54800, 604.6, 1050.0
[UPDATE], 54900, 611.1386138613861, 1010.0
[UPDATE], 55000, 607.5116279069767, 860.0
[UPDATE], 55100, 613.71875, 960.0
[UPDATE], 55200, 600.0, 900.0
[UPDATE], 55300, 612.58, 1000.0
[UPDATE], 55400, 614.5888888888888, 900.0
[UPDATE], 55500, 601.7469879518072, 830.0
[UPDATE], 55600, 609.5483870967741, 930.0
[UPDATE], 55700, 590.1237113402062, 970.0
[UPDATE], 55800, 601.4269662921348, 890.0
[UPDATE], 55900, 601.9375, 960.0
[UPDATE], 56000, 605.3333333333334, 900.0
[UPDATE], 56100, 613.9770114942529, 870.0
[UPDATE], 56200, 994.4305555555555, 720.0
[UPDATE], 56300, 612.1463414634146, 820.0
[UPDATE], 56400, 616.59, 1000.0
[UPDATE], 56500, 604.8571428571429, 910.0
[UPDATE], 56600, 609.2093023255813, 860.0
[UPDATE], 56700, 612.4666666666667, 900.0
[UPDATE], 56800, 595.6494845360825, 970.0
[UPDATE], 56900, 634.0941176470589, 850.0
[UPDATE], 57000, 623.6590909090909, 880.0
[UPDATE], 57100, 727.8020833333334, 960.0
[UPDATE], 57200, 620.0370370370371, 810.0
[UPDATE], 57300, 616.7446808510638, 940.0
[UPDATE], 57400, 625.763440860215, 930.0
[UPDATE], 57500, 779.3544303797469, 790.0
[UPDATE], 57600, 608.7444444444444, 900.0
[UPDATE], 57700, 643.6091954022988, 870.0
[UPDATE], 57800, 630.0736842105263, 950.0
[UPDATE], 57900, 696.7910447761194, 670.0
[UPDATE], 58000, 640.4137931034483, 870.0
[UPDATE], 58100, 642.4096385542168, 830.0
[UPDATE], 58200, 671.3552631578947, 760.0
[UPDATE], 58300, 694.6333333333333, 900.0
[UPDATE], 58400, 746.6708860759494, 790.0
[UPDATE], 58500, 696.1086956521739, 920.0
[UPDATE], 58600, 676.2876712328767, 730.0
[UPDATE], 58700, 804.3611111111111, 720.0
[UPDATE], 58800, 1000.0444444444445, 450.0
[UPDATE], 58900, 747.8493150684932, 730.0
[UPDATE], 59000, 808.4520547945206, 730.0
[UPDATE], 59100, 774.2564102564103, 780.0
[UPDATE], 59200, 712.2898550724638, 690.0
[UPDATE], 59300, 662.2111111111111, 900.0
[UPDATE], 59400, 796.5142857142857, 700.0
[UPDATE], 59500, 657.6022727272727, 880.0
[UPDATE], 59600, 833.2933333333333, 750.0
[UPDATE], 59700, 705.0449438202247, 890.0
[UPDATE], 59800, 715.9411764705883, 850.0
[READ], 29900, 500.03370786516854, 890.0
[READ], 30000, 456.96078431372547, 1020.0
[READ], 30100, 462.1875, 960.0
[READ], 30200, 453.29473684210524, 950.0
[READ], 30300, 457.4950495049505, 1010.0
[READ], 30400, 473.6, 850.0
[READ], 30500, 470.4555555555556, 900.0
[READ], 30600, 470.77894736842103, 950.0
[READ], 30700, 478.59302325581393, 860.0
[READ], 30800, 462.5764705882353, 850.0
[READ], 30900, 452.33684210526314, 950.0
[READ], 31000, 453.40425531914894, 940.0
[READ], 31100, 479.0444444444444, 900.0
[READ], 31200, 492.7692307692308, 1040.0
[READ], 31300, 468.6373626373626, 910.0
[READ], 31400, 476.4166666666667, 840.0
[READ], 31500, 471.3333333333333, 900.0
[READ], 31600, 446.2450980392157, 1020.0
[READ], 31700, 473.94871794871796, 780.0
[READ], 31800, 512.6, 900.0
[READ], 31900, 481.5402298850575, 870.0
[READ], 32000, 616.1733333333333, 750.0
[READ], 32100, 464.9438202247191, 890.0
[READ], 32200, 509.97752808988764, 890.0
[READ], 32300, 476.2717391304348, 920.0
[READ], 32400, 490.9142857142857, 700.0
[READ], 32500, 493.9220779220779, 770.0
[READ], 32600, 486.51851851851853, 810.0
[READ], 32700, 486.26732673267327, 1010.0
[READ], 32800, 494.7283950617284, 810.0
[READ], 32900, 449.4945054945055, 910.0
[READ], 33000, 502.10752688172045, 930.0
[READ], 33100, 472.3809523809524, 840.0
[READ], 33200, 513.3943661971831, 710.0
[READ], 33300, 507.4938271604938, 810.0
[READ], 33400, 468.4157303370786, 890.0
[READ], 33500, 495.24, 750.0
[READ], 33600, 516.6883116883117, 770.0
[READ], 33700, 471.29347826086956, 920.0
[READ], 33800, 491.4457831325301, 830.0
[READ], 33900, 468.012987012987, 770.0
[READ], 34000, 500.60674157303373, 890.0
[READ], 34100, 479.10843373493975, 830.0
[READ], 34200, 485.74666666666667, 750.0
[READ], 34300, 471.2, 700.0
[READ], 34400, 500.0612244897959, 980.0
[READ], 34500, 513.6162790697674, 860.0
[READ], 34600, 524.936507936508, 630.0
[READ], 34700, 482.3953488372093, 860.0
[READ], 34800, 480.5357142857143, 840.0
[READ], 34900, 515.978021978022, 910.0
[READ], 35000, 501.0379746835443, 790.0
[READ], 35100, 538.3246753246754, 770.0
[READ], 35200, 494.9462365591398, 930.0
[READ], 35300, 532.3793103448276, 870.0
[READ], 35400, 532.4473684210526, 760.0
[READ], 35500, 543.5882352941177, 850.0
[READ], 35600, 504.5681818181818, 880.0
[READ], 35700, 556.7380952380952, 840.0
[READ], 35800, 489.3703703703704, 810.0
[READ], 35900, 486.1978021978022, 910.0
[READ], 36000, 492.57471264367814, 870.0
[READ], 36100, 518.7849462365591, 930.0
[READ], 36200, 481.7073170731707, 820.0
[READ], 36300, 544.8409090909091, 880.0
[READ], 36400, 491.01162790697674, 860.0
[READ], 36500, 491.0416666666667, 720.0
[READ], 36600, 498.475, 800.0
[READ], 36700, 519.5882352941177, 850.0
[READ], 36800, 493.0921052631579, 760.0
[READ], 36900, 517.2631578947369, 760.0
[READ], 37000, 519.4146341463414, 820.0
[READ], 37100, 460.34722222222223, 720.0
[READ], 37200, 525.9714285714285, 700.0
[READ], 37300, 538.7746478873239, 710.0
[READ], 37400, 701.8850574712644, 870.0
[READ], 37500, 486.03061224489795, 980.0
[READ], 37600, 479.8775510204082, 980.0
[READ], 37700, 524.1170212765958, 940.0
[READ], 37800, 497.7980769230769, 1040.0
[READ], 37900, 518.4533333333334, 750.0
[READ], 38000, 512.05, 800.0
[READ], 38100, 500.12631578947367, 950.0
[READ], 38200, 495.5208333333333, 960.0
[READ], 38300, 488.4270833333333, 960.0
[READ], 38400, 493.9146341463415, 820.0
[READ], 38500, 515.6976744186046, 860.0
[READ], 38600, 501.83116883116884, 770.0
[READ], 38700, 505.109756097561, 820.0
[READ], 38800, 493.40909090909093, 880.0
[READ], 38900, 495.9166666666667, 840.0
[READ], 39000, 505.28985507246375, 690.0
[READ], 39100, 488.1547619047619, 840.0
[READ], 39200, 502.88461538461536, 780.0
[READ], 39300, 536.1012658227849, 790.0
[READ], 39400, 515.3214285714286, 840.0
[READ], 39500, 491.5365853658537, 820.0
[READ], 39600, 534.5135135135135, 740.0
[READ], 39700, 505.04347826086956, 920.0
[READ], 39800, 471.36082474226805, 970.0
[READ], 39900, 480.890243902439, 820.0
[READ], 40000, 476.29, 1000.0
[READ], 40100, 478.1547619047619, 840.0
[READ], 40200, 501.536231884058, 690.0
[READ], 40300, 477.6162790697674, 860.0
[READ], 40400, 482.6730769230769, 1040.0
[READ], 40500, 469.97802197802196, 910.0
[READ], 40600, 451.31325301204816, 830.0
[READ], 40700, 462.4222222222222, 900.0
[READ], 40800, 464.0860215053763, 930.0
[READ], 40900, 479.7282608695652, 920.0
[READ], 41000, 473.9431818181818, 880.0
[READ], 41100, 480.96385542168673, 830.0
[READ], 41200, 491.06976744186045, 860.0
[READ], 41300, 518.8279569892474, 930.0
[READ], 41400, 513.1529411764706, 850.0
[READ], 41500, 497.0779220779221, 770.0
[READ], 41600, 481.40425531914894, 940.0
[READ], 41700, 483.0, 950.0
[READ], 41800, 478.578313253012, 830.0
[READ], 41900, 508.8987341772152, 790.0
[READ], 42000, 502.05882352941177, 850.0
[READ], 42100, 510.09638554216866, 830.0
[READ], 42200, 527.8191489361702, 940.0
[READ], 42300, 515.3473684210526, 950.0
[READ], 42400, 500.2857142857143, 840.0
[READ], 42500, 473.7837837837838, 740.0
[READ], 42600, 457.5104166666667, 960.0
[READ], 42700, 463.49514563106794, 1030.0
[READ], 42800, 497.43956043956047, 910.0
[READ], 42900, 443.8024691358025, 810.0
[READ], 43000, 523.964705882353, 850.0
[READ], 43100, 453.56043956043953, 910.0
[READ], 43200, 462.35714285714283, 840.0
[READ], 43300, 532.2359550561798, 890.0
[READ], 43400, 504.38666666666666, 750.0
[READ], 43500, 464.6666666666667, 870.0
[READ], 43600, 452.5813953488372, 860.0
[READ], 43700, 674.1866666666666, 750.0
[READ], 43800, 446.4810126582278, 790.0
[READ], 43900, 459.75, 960.0
[READ], 44000, 463.04347826086956, 690.0
[READ], 44100, 481.2738095238095, 840.0
[READ], 44200, 470.0843373493976, 830.0
[READ], 44300, 465.9425287356322, 870.0
[READ], 44400, 470.5595238095238, 840.0
[READ], 44500, 479.3541666666667, 960.0
[READ], 44600, 491.32323232323233, 990.0
[READ], 44700, 669.2435897435897, 780.0
[READ], 44800, 451.30434782608694, 690.0
[READ], 44900, 531.471264367816, 870.0
[READ], 45000, 446.5, 1060.0
[READ], 45100, 463.69135802469134, 810.0
[READ], 45200, 457.1340206185567, 970.0
[READ], 45300, 536.5189873417721, 790.0
[READ], 45400, 443.86813186813185, 910.0
[READ], 45500, 489.80232558139534, 860.0
[READ], 45600, 460.09090909090907, 880.0
[READ], 45700, 464.0, 870.0
[READ], 45800, 449.87951807228916, 830.0
[READ], 45900, 471.31632653061223, 980.0
[READ], 46000, 467.25742574257424, 1010.0
[READ], 46100, 452.29473684210524, 950.0
[READ], 46200, 466.5625, 800.0
[READ], 46300, 498.2597402597403, 770.0
[READ], 46400, 484.6024096385542, 830.0
[READ], 46500, 453.17857142857144, 1120.0
[READ], 46600, 460.78494623655916, 930.0
[READ], 46700, 481.0574712643678, 870.0
[READ], 46800, 518.3888888888889, 900.0
[READ], 46900, 475.7910447761194, 670.0
[READ], 47000, 529.3037974683544, 790.0
[READ], 47100, 513.8214285714286, 840.0
[READ], 47200, 805.9508196721312, 610.0
[READ], 47300, 500.07142857142856, 840.0
[READ], 47400, 473.8333333333333, 900.0
[READ], 47500, 509.63291139240505, 790.0
[READ], 47600, 478.4387755102041, 980.0
[READ], 47700, 492.9113924050633, 790.0
[READ], 47800, 490.1294117647059, 850.0
[READ], 47900, 473.5204081632653, 980.0
[READ], 48000, 467.6222222222222, 900.0
[READ], 48100, 488.81111111111113, 900.0
[READ], 48200, 483.1224489795918, 980.0
[READ], 48300, 501.29545454545456, 880.0
[READ], 48400, 508.60919540229884, 870.0
[READ], 48500, 480.89473684210526, 950.0
[READ], 48600, 479.4418604651163, 860.0
[READ], 48700, 494.6703296703297, 910.0
[READ], 48800, 476.0875, 800.0
[READ], 48900, 527.7532467532468, 770.0
[READ], 49000, 491.93617021276594, 940.0
[READ], 49100, 475.4945054945055, 910.0
[READ], 49200, 461.6666666666667, 990.0
[READ], 49300, 451.1808510638298, 940.0
[READ], 49400, 439.25555555555553, 900.0
[READ], 49500, 453.36082474226805, 970.0
[READ], 49600, 460.1511627906977, 860.0
[READ], 49700, 454.1212121212121, 990.0
[READ], 49800, 452.3723404255319, 940.0
[READ], 49900, 450.77777777777777, 900.0
[READ], 50000, 450.5402298850575, 870.0
[READ], 50100, 454.64646464646466, 990.0
[READ], 50200, 446.03225806451616, 930.0
[READ], 50300, 470.6372549019608, 1020.0
[READ], 50400, 450.55102040816325, 980.0
[READ], 50500, 453.5054945054945, 910.0
[READ], 50600, 445.6, 1000.0
[READ], 50700, 460.0103092783505, 970.0
[READ], 50800, 458.6630434782609, 920.0
[READ], 50900, 465.7613636363636, 880.0
[READ], 51000, 467.4805194805195, 770.0
[READ], 51100, 450.36559139784947, 930.0
[READ], 51200, 442.9789473684211, 950.0
[READ], 51300, 447.24175824175825, 910.0
[READ], 51400, 450.31111111111113, 900.0
[READ], 51500, 451.08641975308643, 810.0
[READ], 51600, 450.92391304347825, 920.0
[READ], 51700, 437.71844660194176, 1030.0
[READ], 51800, 450.36842105263156, 950.0
[READ], 51900, 450.58, 1000.0
[READ], 52000, 448.2019230769231, 1040.0
[READ], 52100, 452.9418604651163, 860.0
[READ], 52200, 446.0190476190476, 1050.0
[READ], 52300, 447.16483516483515, 910.0
[READ], 52400, 444.03, 1000.0
[READ], 52500, 443.20754716981133, 1060.0
[READ], 52600, 495.3265306122449, 980.0
[READ], 52700, 440.65346534653463, 1010.0
[READ], 52800, 467.5425531914894, 940.0
[READ], 52900, 452.0449438202247, 890.0
[READ], 53000, 470.6521739130435, 920.0
[READ], 53100, 438.8888888888889, 900.0
[READ], 53200, 472.8541666666667, 960.0
[READ], 53300, 451.9886363636364, 880.0
[READ], 53400, 473.8137254901961, 1020.0
[READ], 53500, 458.6868686868687, 990.0
[READ], 53600, 460.2608695652174, 690.0
[READ], 53700, 453.2, 1000.0
[READ], 53800, 500.33720930232556, 860.0
[READ], 53900, 452.89473684210526, 950.0
[READ], 54000, 502.3258426966292, 890.0
[READ], 54100, 448.5257731958763, 970.0
[READ], 54200, 481.39473684210526, 760.0
[READ], 54300, 451.0576923076923, 1040.0
[READ], 54400, 476.84705882352944, 850.0
[READ], 54500, 445.5054945054945, 910.0
[READ], 54600, 453.99, 1000.0
[READ], 54700, 450.57894736842104, 950.0
[READ], 54800, 465.69135802469134, 810.0
[READ], 54900, 444.1931818181818, 880.0
[READ], 55000, 448.31067961165047, 1030.0
[READ], 55100, 443.2613636363636, 880.0
[READ], 55200, 445.078431372549, 1020.0
[READ], 55300, 443.63529411764705, 850.0
[READ], 55400, 447.6237623762376, 1010.0
[READ], 55500, 442.34234234234236, 1110.0
[READ], 55600, 443.0416666666667, 960.0
[READ], 55700, 444.88235294117646, 1020.0
[READ], 55800, 453.0105263157895, 950.0
[READ], 55900, 445.96774193548384, 930.0
[READ], 56000, 448.56310679611653, 1030.0
[READ], 56100, 457.675, 800.0
[READ], 56200, 477.30263157894734, 760.0
[READ], 56300, 517.9247311827957, 930.0
[READ], 56400, 448.5176470588235, 850.0
[READ], 56500, 448.50485436893206, 1030.0
[READ], 56600, 446.0098039215686, 1020.0
[READ], 56700, 454.8453608247423, 970.0
[READ], 56800, 461.2247191011236, 890.0
[READ], 56900, 468.2783505154639, 970.0
[READ], 57000, 462.2972972972973, 740.0
[READ], 57100, 469.3333333333333, 930.0
[READ], 57200, 474.77659574468083, 940.0
[READ], 57300, 480.75, 880.0
[READ], 57400, 461.85714285714283, 910.0
[READ], 57500, 468.5, 820.0
[READ], 57600, 470.02, 1000.0
[READ], 57700, 459.77906976744185, 860.0
[READ], 57800, 492.219512195122, 820.0
[READ], 57900, 561.2340425531914, 940.0
[READ], 58000, 512.6867469879518, 830.0
[READ], 58100, 490.33, 1000.0
[READ], 58200, 504.54347826086956, 920.0
[READ], 58300, 529.75, 720.0
[READ], 58400, 517.9041095890411, 730.0
[READ], 58500, 505.02702702702703, 740.0
[READ], 58600, 657.32, 750.0
[READ], 58700, 517.7325581395348, 860.0
[READ], 58800, 790.8095238095239, 630.0
[READ], 58900, 562.0, 830.0
[READ], 59000, 587.4861111111111, 720.0
[READ], 59100, 513.581081081081, 740.0
[READ], 59200, 616.3536585365854, 820.0
[READ], 59300, 532.4605263157895, 760.0
[READ], 59400, 526.4047619047619, 840.0
[READ], 59500, 522.918918918919, 740.0
[READ], 59600, 490.1333333333333, 750.0
[READ], 59700, 509.65277777777777, 720.0
[READ], 59800, 513.5064935064935, 770.0
[UPDATE], 59900, 773.0625, 160.0
[UPDATE], Operations, 50242
[UPDATE], Retries, 0
[UPDATE], AverageLatency(us), 671.808766
[UPDATE], MinLatency(us), 512
[UPDATE], MaxLatency(us), 75305
[UPDATE], Return=0, 50242
[READ], 59900, 521.5, 100.0
[READ], Operations, 50668
[READ], Retries, 0
[READ], AverageLatency(us), 506.892121
[READ], MinLatency(us), 397
[READ], MaxLatency(us), 21056
[READ], Return=0, 50668
[CLEANUP], 0, 1567.0, 10.0
[CLEANUP], Operations, 1
[CLEANUP], Retries, 0
[CLEANUP], AverageLatency(us), 1567.000000
[CLEANUP], MinLatency(us), 1567
[CLEANUP], MaxLatency(us), 1567
[OVERALL], Reconnections, 0.000000
[OVERALL], RunTime(ms), 59996.000000
[OVERALL], Operations, 100910.000000
[OVERALL], DataWritten(B), 5024200.000000
[OVERALL], TotalQueryResults, 0.000000
[OVERALL], Throughput(ops/sec), 1681.945463
[UPDATE], 59900, NaN, 0.0
[UPDATE], Operations, 50242
[UPDATE], Retries, 0
[UPDATE], AverageLatency(us), 671.808766
[UPDATE], MinLatency(us), 512
[UPDATE], MaxLatency(us), 75305
[UPDATE], Return=0, 50242
[READ], 59900, NaN, 0.0
[READ], Operations, 50668
[READ], Retries, 0
[READ], AverageLatency(us), 506.892121
[READ], MinLatency(us), 397
[READ], MaxLatency(us), 21056
[READ], Return=0, 50668
[CLEANUP], 0, NaN, 0.0
[CLEANUP], Operations, 1
[CLEANUP], Retries, 0
[CLEANUP], AverageLatency(us), 1567.000000
[CLEANUP], MinLatency(us), 1567
[CLEANUP], MaxLatency(us), 1567
[OVERALL], Reconnections, 0.000000
[OVERALL], RunTime(ms), 59996.000000
[OVERALL], Operations, 100910.000000
[OVERALL], DataWritten(B), 5024200.000000
[OVERALL], TotalQueryResults, 0.000000
[OVERALL], Throughput(ops/sec), 1681.945463
java -cp /opt/ycsb/mongodb-binding/lib/mongodb-binding-0.1.4.jar:/opt/ycsb/core/lib/core-0.1.4.jar com.yahoo.ycsb.Client -db com.yahoo.ycsb.db.MongoDbClient -s -P /opt/ycsb/workloads/workloada -p timeseries.granularity=100 -p readretrycount=1000 -p ignoreinserterrors=true -p insertcount=1000 -p fieldlength=100 -p cardinality=100 -p reconnectiontime=1000 -p mongodb.writeConcern=normal -p mongodb.readPreference=primaryPreferred -p operationcount=100000000 -p recordcount=1000 -p fieldcount=30 -p threadcount=1 -p maxexecutiontime=60 -p mongodb.database=ycsb -p exportmeasurementsinterval=30000 -p workload=com.yahoo.ycsb.workloads.CoreWorkload -p updateretrycount=1000 -p measurementtype=timeseries -p mongodb.url=172.31.3.36:27028 -p insertretrycount=10 -p fieldlengthdistribution=constant -t
